subroutines.f90:688:2:

  688 |   ro_vp(:,:,:) = real(ro_arr(:,:,:))
      |  1
Error: Different shape for array assignment at (1) on dimension 1 (201 and 361)
subroutines.f90:689:2:

  689 |   bx_vp(:,:,:) = real(bx_arr(:,:,:))
      |  1
Error: Different shape for array assignment at (1) on dimension 1 (201 and 361)
subroutines.f90:690:2:

  690 |   by_vp(:,:,:) = real(by_arr(:,:,:))
      |  1
Error: Different shape for array assignment at (1) on dimension 1 (201 and 361)
subroutines.f90:691:2:

  691 |   bz_vp(:,:,:) = real(bz_arr(:,:,:))
      |  1
Error: Different shape for array assignment at (1) on dimension 1 (201 and 361)
subroutines.f90:692:2:

  692 |   vx_vp(:,:,:) = real(vx_arr(:,:,:))
      |  1
Error: Different shape for array assignment at (1) on dimension 1 (201 and 361)
subroutines.f90:693:2:

  693 |   vy_vp(:,:,:) = real(vy_arr(:,:,:))
      |  1
Error: Different shape for array assignment at (1) on dimension 1 (201 and 361)
subroutines.f90:694:2:

  694 |   vz_vp(:,:,:) = real(vz_arr(:,:,:))
      |  1
Error: Different shape for array assignment at (1) on dimension 1 (201 and 361)
subroutines.f90:695:2:

  695 |   cz_vp(:,:,:) = real(cz_arr(:,:,:))
      |  1
Error: Different shape for array assignment at (1) on dimension 1 (201 and 361)
subroutines.f90:696:2:

  696 |   ct_vp(:,:,:) = real(ct_arr  (:,:,:))
      |  1
Error: Different shape for array assignment at (1) on dimension 1 (201 and 361)
subroutines.f90:699:2:

  699 |   ct_bt_vp(:,:,:) = real(ct_arr(:,:,:)/bt_arr(:,:,:))
      |  1
Error: Different shape for array assignment at (1) on dimension 1 (201 and 361)
make: *** [Makefile:28: subroutines.o] Error 1
slurmstepd: error: Detected 3 oom-kill event(s) in StepId=107734.0. Some of your processes may have been killed by the cgroup out-of-memory handler.
srun: error: n0098: task 17: Out Of Memory
Note: The following floating-point exceptions are signalling: IEEE_UNDERFLOW_FLAG IEEE_DENORMAL
Note: The following floating-point exceptions are signalling: IEEE_UNDERFLOW_FLAG IEEE_DENORMAL
Note: The following floating-point exceptions are signalling: IEEE_UNDERFLOW_FLAG IEEE_DENORMAL
Note: The following floating-point exceptions are signalling: IEEE_UNDERFLOW_FLAG IEEE_DENORMAL
Note: The following floating-point exceptions are signalling: IEEE_UNDERFLOW_FLAG IEEE_DENORMAL
Note: The following floating-point exceptions are signalling: IEEE_UNDERFLOW_FLAG IEEE_DENORMAL
Note: The following floating-point exceptions are signalling: IEEE_UNDERFLOW_FLAG IEEE_DENORMAL
Note: The following floating-point exceptions are signalling: IEEE_UNDERFLOW_FLAG IEEE_DENORMAL
Note: The following floating-point exceptions are signalling: IEEE_UNDERFLOW_FLAG IEEE_DENORMAL
Note: The following floating-point exceptions are signalling: IEEE_UNDERFLOW_FLAG IEEE_DENORMAL
Note: The following floating-point exceptions are signalling: IEEE_UNDERFLOW_FLAG IEEE_DENORMAL
Note: The following floating-point exceptions are signalling: IEEE_UNDERFLOW_FLAG IEEE_DENORMAL
Note: The following floating-point exceptions are signalling: IEEE_UNDERFLOW_FLAG IEEE_DENORMAL
Note: The following floating-point exceptions are signalling: IEEE_UNDERFLOW_FLAG IEEE_DENORMAL
Note: The following floating-point exceptions are signalling: IEEE_UNDERFLOW_FLAG IEEE_DENORMAL
Note: The following floating-point exceptions are signalling: IEEE_UNDERFLOW_FLAG IEEE_DENORMAL
slurmstepd: error: Detected 49 oom-kill event(s) in StepId=107734.batch. Some of your processes may have been killed by the cgroup out-of-memory handler.
