slurmstepd: error: Detected 2 oom-kill event(s) in StepId=58574.0. Some of your processes may have been killed by the cgroup out-of-memory handler.
srun: error: n0103: task 60: Out Of Memory
srun: error: slurm_msg_sendto: address:port=10.5.1.103:36066 msg_type=8001: No error
srun: error: Task 13 reported exit for a second time.
At line 58 of file main.f90 (unit = 80, file = '/project/wangj/node819/Jaiman/Wulver/sp24/ram_4_24/test1/DATA/B3D_RESTART_007.0000')
Fortran runtime error: End of file

Error termination. Backtrace:
#0  0x1555552c49c7 in us_read
	at ../../../libgfortran/io/transfer.c:2837
#1  0x1555552c4aa4 in pre_position
	at ../../../libgfortran/io/transfer.c:2963
#2  0x1555552c75f7 in data_transfer_init
	at ../../../libgfortran/io/transfer.c:3414
#3  0x401e09 in ???
#4  0x406a3a in ???
#5  0x1555548e3ca2 in ???
#6  0x4011fd in ???
#7  0xffffffffffffffff in ???
At line 58 of file main.f90 (unit = 80, file = '/project/wangj/node819/Jaiman/Wulver/sp24/ram_4_24/test1/DATA/B3D_RESTART_007.0000')
Fortran runtime error: End of file

Error termination. Backtrace:
#0  0x1555552c49c7 in us_read
	at ../../../libgfortran/io/transfer.c:2837
#1  0x1555552c4aa4 in pre_position
	at ../../../libgfortran/io/transfer.c:2963
#2  0x1555552c75f7 in data_transfer_init
	at ../../../libgfortran/io/transfer.c:3414
#3  0x401e09 in ???
#4  0x406a3a in ???
#5  0x1555548e3ca2 in ???
#6  0x4011fd in ???
#7  0xffffffffffffffff in ???
At line 58 of file main.f90 (unit = 80, file = '/project/wangj/node819/Jaiman/Wulver/sp24/ram_4_24/test1/DATA/B3D_RESTART_007.0000')
Fortran runtime error: End of file

Error termination. Backtrace:
#0  0x1555552c49c7 in us_read
	at ../../../libgfortran/io/transfer.c:2837
#1  0x1555552c4aa4 in pre_position
	at ../../../libgfortran/io/transfer.c:2963
#2  0x1555552c75f7 in data_transfer_init
	at ../../../libgfortran/io/transfer.c:3414
#3  0x401e09 in ???
#4  0x406a3a in ???
#5  0x1555548e3ca2 in ???
#6  0x4011fd in ???
#7  0xffffffffffffffff in ???
At line 58 of file main.f90 (unit = 80, file = '/project/wangj/node819/Jaiman/Wulver/sp24/ram_4_24/test1/DATA/B3D_RESTART_007.0000')
Fortran runtime error: End of file

Error termination. Backtrace:
#0  0x1555552c49c7 in us_read
	at ../../../libgfortran/io/transfer.c:2837
#1  0x1555552c4aa4 in pre_position
	at ../../../libgfortran/io/transfer.c:2963
#2  0x1555552c75f7 in data_transfer_init
	at ../../../libgfortran/io/transfer.c:3414
#3  0x401e09 in ???
#4  0x406a3a in ???
#5  0x1555548e3ca2 in ???
#6  0x4011fd in ???
#7  0xffffffffffffffff in ???
At line 58 of file main.f90 (unit = 80, file = '/project/wangj/node819/Jaiman/Wulver/sp24/ram_4_24/test1/DATA/B3D_RESTART_007.0000')
Fortran runtime error: End of file

Error termination. Backtrace:
At line 58 of file main.f90 (unit = 80, file = '/project/wangj/node819/Jaiman/Wulver/sp24/ram_4_24/test1/DATA/B3D_RESTART_007.0000')
Fortran runtime error: End of file

Error termination. Backtrace:
#0  0x1555552c49c7 in us_read
	at ../../../libgfortran/io/transfer.c:2837
#1  0x1555552c4aa4 in pre_position
	at ../../../libgfortran/io/transfer.c:2963
#2  0x1555552c75f7 in data_transfer_init
	at ../../../libgfortran/io/transfer.c:3414
#3  0x401e09 in ???
#4  0x406a3a in ???
#0  0x1555552c49c7 in us_read
	at ../../../libgfortran/io/transfer.c:2837
#1  0x1555552c4aa4 in pre_position
	at ../../../libgfortran/io/transfer.c:2963
#2  0x1555552c75f7 in data_transfer_init
	at ../../../libgfortran/io/transfer.c:3414
#3  0x401e09 in ???
#4  0x406a3a in ???
#5  0x1555548e3ca2 in ???
#6  0x4011fd in ???
#7  0xffffffffffffffff in ???
#5  0x1555548e3ca2 in ???
#6  0x4011fd in ???
#7  0xffffffffffffffff in ???
At line 58 of file main.f90 (unit = 80, file = '/project/wangj/node819/Jaiman/Wulver/sp24/ram_4_24/test1/DATA/B3D_RESTART_007.0000')
Fortran runtime error: End of file

Error termination. Backtrace:
#0  0x1555552c49c7 in us_read
	at ../../../libgfortran/io/transfer.c:2837
#1  0x1555552c4aa4 in pre_position
	at ../../../libgfortran/io/transfer.c:2963
#2  0x1555552c75f7 in data_transfer_init
	at ../../../libgfortran/io/transfer.c:3414
#3  0x401e09 in ???
#4  0x406a3a in ???
#5  0x1555548e3ca2 in ???
#6  0x4011fd in ???
#7  0xffffffffffffffff in ???
At line 58 of file main.f90 (unit = 80, file = '/project/wangj/node819/Jaiman/Wulver/sp24/ram_4_24/test1/DATA/B3D_RESTART_007.0000')
Fortran runtime error: End of file

Error termination. Backtrace:
#0  0x1555552c49c7 in us_read
	at ../../../libgfortran/io/transfer.c:2837
#1  0x1555552c4aa4 in pre_position
	at ../../../libgfortran/io/transfer.c:2963
#2  0x1555552c75f7 in data_transfer_init
	at ../../../libgfortran/io/transfer.c:3414
#3  0x401e09 in ???
#4  0x406a3a in ???
#5  0x1555548e3ca2 in ???
#6  0x4011fd in ???
#7  0xffffffffffffffff in ???
At line 58 of file main.f90 (unit = 80, file = '/project/wangj/node819/Jaiman/Wulver/sp24/ram_4_24/test1/DATA/B3D_RESTART_007.0000')
Fortran runtime error: End of file

Error termination. Backtrace:
#0  0x1555552c49c7 in us_read
	at ../../../libgfortran/io/transfer.c:2837
#1  0x1555552c4aa4 in pre_position
	at ../../../libgfortran/io/transfer.c:2963
#2  0x1555552c75f7 in data_transfer_init
	at ../../../libgfortran/io/transfer.c:3414
#3  0x401e09 in ???
#4  0x406a3a in ???
#5  0x1555548e3ca2 in ???
#6  0x4011fd in ???
#7  0xffffffffffffffff in ???
At line 58 of file main.f90 (unit = 80, file = '/project/wangj/node819/Jaiman/Wulver/sp24/ram_4_24/test1/DATA/B3D_RESTART_007.0000')
Fortran runtime error: End of file

Error termination. Backtrace:
#0  0x1555552c49c7 in us_read
	at ../../../libgfortran/io/transfer.c:2837
#1  0x1555552c4aa4 in pre_position
	at ../../../libgfortran/io/transfer.c:2963
#2  0x1555552c75f7 in data_transfer_init
	at ../../../libgfortran/io/transfer.c:3414
#3  0x401e09 in ???
#4  0x406a3a in ???
#5  0x1555548e3ca2 in ???
#6  0x4011fd in ???
#7  0xffffffffffffffff in ???
At line 58 of file main.f90 (unit = 80, file = '/project/wangj/node819/Jaiman/Wulver/sp24/ram_4_24/test1/DATA/B3D_RESTART_007.0000')
Fortran runtime error: End of file

Error termination. Backtrace:
#0  0x1555552c49c7 in us_read
	at ../../../libgfortran/io/transfer.c:2837
#1  0x1555552c4aa4 in pre_position
	at ../../../libgfortran/io/transfer.c:2963
#2  0x1555552c75f7 in data_transfer_init
	at ../../../libgfortran/io/transfer.c:3414
#3  0x401e09 in ???
#4  0x406a3a in ???
#5  0x1555548e3ca2 in ???
#6  0x4011fd in ???
#7  0xffffffffffffffff in ???
At line 58 of file main.f90 (unit = 80, file = '/project/wangj/node819/Jaiman/Wulver/sp24/ram_4_24/test1/DATA/B3D_RESTART_007.0000')
Fortran runtime error: End of file

Error termination. Backtrace:
#0  0x1555552c49c7 in us_read
	at ../../../libgfortran/io/transfer.c:2837
#1  0x1555552c4aa4 in pre_position
	at ../../../libgfortran/io/transfer.c:2963
#2  0x1555552c75f7 in data_transfer_init
	at ../../../libgfortran/io/transfer.c:3414
#3  0x401e09 in ???
#4  0x406a3a in ???
#5  0x1555548e3ca2 in ???
#6  0x4011fd in ???
#7  0xffffffffffffffff in ???
At line 58 of file main.f90 (unit = 80, file = '/project/wangj/node819/Jaiman/Wulver/sp24/ram_4_24/test1/DATA/B3D_RESTART_007.0000')
Fortran runtime error: End of file

Error termination. Backtrace:
#0  0x1555552c49c7 in us_read
	at ../../../libgfortran/io/transfer.c:2837
#1  0x1555552c4aa4 in pre_position
	at ../../../libgfortran/io/transfer.c:2963
#2  0x1555552c75f7 in data_transfer_init
	at ../../../libgfortran/io/transfer.c:3414
#3  0x401e09 in ???
#4  0x406a3a in ???
#5  0x1555548e3ca2 in ???
#6  0x4011fd in ???
#7  0xffffffffffffffff in ???
At line 58 of file main.f90 (unit = 80, file = '/project/wangj/node819/Jaiman/Wulver/sp24/ram_4_24/test1/DATA/B3D_RESTART_007.0000')
Fortran runtime error: End of file

Error termination. Backtrace:
#0  0x1555552c49c7 in us_read
	at ../../../libgfortran/io/transfer.c:2837
#1  0x1555552c4aa4 in pre_position
	at ../../../libgfortran/io/transfer.c:2963
#2  0x1555552c75f7 in data_transfer_init
	at ../../../libgfortran/io/transfer.c:3414
#3  0x401e09 in ???
#4  0x406a3a in ???
#5  0x1555548e3ca2 in ???
#6  0x4011fd in ???
#7  0xffffffffffffffff in ???
At line 58 of file main.f90 (unit = 80, file = '/project/wangj/node819/Jaiman/Wulver/sp24/ram_4_24/test1/DATA/B3D_RESTART_007.0000')
Fortran runtime error: End of file

Error termination. Backtrace:
#0  0x1555552c49c7 in us_read
	at ../../../libgfortran/io/transfer.c:2837
#1  0x1555552c4aa4 in pre_position
	at ../../../libgfortran/io/transfer.c:2963
#2  0x1555552c75f7 in data_transfer_init
	at ../../../libgfortran/io/transfer.c:3414
#3  0x401e09 in ???
#4  0x406a3a in ???
#5  0x1555548e3ca2 in ???
#6  0x4011fd in ???
#7  0xffffffffffffffff in ???
At line 58 of file main.f90 (unit = 80, file = '/project/wangj/node819/Jaiman/Wulver/sp24/ram_4_24/test1/DATA/B3D_RESTART_007.0000')
Fortran runtime error: End of file

Error termination. Backtrace:
#0  0x1555552c49c7 in us_read
	at ../../../libgfortran/io/transfer.c:2837
#1  0x1555552c4aa4 in pre_position
	at ../../../libgfortran/io/transfer.c:2963
#2  0x1555552c75f7 in data_transfer_init
	at ../../../libgfortran/io/transfer.c:3414
#3  0x401e09 in ???
#4  0x406a3a in ???
#5  0x1555548e3ca2 in ???
#6  0x4011fd in ???
#7  0xffffffffffffffff in ???
At line 58 of file main.f90 (unit = 80, file = '/project/wangj/node819/Jaiman/Wulver/sp24/ram_4_24/test1/DATA/B3D_RESTART_007.0000')
Fortran runtime error: End of file

Error termination. Backtrace:
#0  0x1555552c49c7 in us_read
	at ../../../libgfortran/io/transfer.c:2837
#1  0x1555552c4aa4 in pre_position
	at ../../../libgfortran/io/transfer.c:2963
#2  0x1555552c75f7 in data_transfer_init
	at ../../../libgfortran/io/transfer.c:3414
#3  0x401e09 in ???
#4  0x406a3a in ???
#5  0x1555548e3ca2 in ???
#6  0x4011fd in ???
#7  0xffffffffffffffff in ???
At line 58 of file main.f90 (unit = 80, file = '/project/wangj/node819/Jaiman/Wulver/sp24/ram_4_24/test1/DATA/B3D_RESTART_007.0000')
Fortran runtime error: End of file

Error termination. Backtrace:
#0  0x1555552c49c7 in us_read
	at ../../../libgfortran/io/transfer.c:2837
#1  0x1555552c4aa4 in pre_position
	at ../../../libgfortran/io/transfer.c:2963
#2  0x1555552c75f7 in data_transfer_init
	at ../../../libgfortran/io/transfer.c:3414
#3  0x401e09 in ???
#4  0x406a3a in ???
#5  0x1555548e3ca2 in ???
#6  0x4011fd in ???
#7  0xffffffffffffffff in ???
slurmstepd: error: Detected 46 oom-kill event(s) in StepId=58574.batch. Some of your processes may have been killed by the cgroup out-of-memory handler.
