subroutines.f90:688:2:

  688 |   ro_vp(:,:,:) = real(ro_arr(:,:,:))
      |  1
Error: Different shape for array assignment at (1) on dimension 1 (201 and 361)
subroutines.f90:689:2:

  689 |   bx_vp(:,:,:) = real(bx_arr(:,:,:))
      |  1
Error: Different shape for array assignment at (1) on dimension 1 (201 and 361)
subroutines.f90:690:2:

  690 |   by_vp(:,:,:) = real(by_arr(:,:,:))
      |  1
Error: Different shape for array assignment at (1) on dimension 1 (201 and 361)
subroutines.f90:691:2:

  691 |   bz_vp(:,:,:) = real(bz_arr(:,:,:))
      |  1
Error: Different shape for array assignment at (1) on dimension 1 (201 and 361)
subroutines.f90:692:2:

  692 |   vx_vp(:,:,:) = real(vx_arr(:,:,:))
      |  1
Error: Different shape for array assignment at (1) on dimension 1 (201 and 361)
subroutines.f90:693:2:

  693 |   vy_vp(:,:,:) = real(vy_arr(:,:,:))
      |  1
Error: Different shape for array assignment at (1) on dimension 1 (201 and 361)
subroutines.f90:694:2:

  694 |   vz_vp(:,:,:) = real(vz_arr(:,:,:))
      |  1
Error: Different shape for array assignment at (1) on dimension 1 (201 and 361)
subroutines.f90:695:2:

  695 |   cz_vp(:,:,:) = real(cz_arr(:,:,:))
      |  1
Error: Different shape for array assignment at (1) on dimension 1 (201 and 361)
subroutines.f90:696:2:

  696 |   ct_vp(:,:,:) = real(ct_arr  (:,:,:))
      |  1
Error: Different shape for array assignment at (1) on dimension 1 (201 and 361)
subroutines.f90:699:2:

  699 |   ct_bt_vp(:,:,:) = real(ct_arr(:,:,:)/bt_arr(:,:,:))
      |  1
Error: Different shape for array assignment at (1) on dimension 1 (201 and 361)
subroutines.f90:579:44:

  576 |   do i = NX_avs ,NX_avs + NX_ARR
      |                                2            
......
  579 |       ro_arr(i-NX_avs,j-NY_avs,k) =    ro_r(i,j,k)
      |                                            1
Warning: Array reference at (1) out of bounds (410 > 360) in loop beginning at (2)
subroutines.f90:579:46:

  577 |   do j = NY_avs ,NY_avs + NY_ARR
      |                                2              
  578 |   do k = 0, NZ_ARR
  579 |       ro_arr(i-NX_avs,j-NY_avs,k) =    ro_r(i,j,k)
      |                                              1
Warning: Array reference at (1) out of bounds (410 > 360) in loop beginning at (2)
subroutines.f90:580:44:

  576 |   do i = NX_avs ,NX_avs + NX_ARR
      |                                2            
......
  580 |       bx_arr(i-NX_avs,j-NY_avs,k) =    bx_r(i,j,k)
      |                                            1
Warning: Array reference at (1) out of bounds (410 > 360) in loop beginning at (2)
subroutines.f90:580:46:

  577 |   do j = NY_avs ,NY_avs + NY_ARR
      |                                2              
......
  580 |       bx_arr(i-NX_avs,j-NY_avs,k) =    bx_r(i,j,k)
      |                                              1
Warning: Array reference at (1) out of bounds (410 > 360) in loop beginning at (2)
subroutines.f90:581:44:

  576 |   do i = NX_avs ,NX_avs + NX_ARR
      |                                2            
......
  581 |       by_arr(i-NX_avs,j-NY_avs,k) =    by_r(i,j,k)
      |                                            1
Warning: Array reference at (1) out of bounds (410 > 360) in loop beginning at (2)
subroutines.f90:581:46:

  577 |   do j = NY_avs ,NY_avs + NY_ARR
      |                                2              
......
  581 |       by_arr(i-NX_avs,j-NY_avs,k) =    by_r(i,j,k)
      |                                              1
Warning: Array reference at (1) out of bounds (410 > 360) in loop beginning at (2)
subroutines.f90:582:44:

  576 |   do i = NX_avs ,NX_avs + NX_ARR
      |                                2            
......
  582 |       bz_arr(i-NX_avs,j-NY_avs,k) =    bz_r(i,j,k)
      |                                            1
Warning: Array reference at (1) out of bounds (410 > 360) in loop beginning at (2)
subroutines.f90:582:46:

  577 |   do j = NY_avs ,NY_avs + NY_ARR
      |                                2              
......
  582 |       bz_arr(i-NX_avs,j-NY_avs,k) =    bz_r(i,j,k)
      |                                              1
Warning: Array reference at (1) out of bounds (410 > 360) in loop beginning at (2)
subroutines.f90:583:44:

  576 |   do i = NX_avs ,NX_avs + NX_ARR
      |                                2            
......
  583 |       bt_arr(i-NX_avs,j-NY_avs,k) =      bt(i,j,k)
      |                                            1
Warning: Array reference at (1) out of bounds (410 > 360) in loop beginning at (2)
subroutines.f90:583:46:

  577 |   do j = NY_avs ,NY_avs + NY_ARR
      |                                2              
......
  583 |       bt_arr(i-NX_avs,j-NY_avs,k) =      bt(i,j,k)
      |                                              1
Warning: Array reference at (1) out of bounds (410 > 360) in loop beginning at (2)
subroutines.f90:584:44:

  576 |   do i = NX_avs ,NX_avs + NX_ARR
      |                                2            
......
  584 |       vx_arr(i-NX_avs,j-NY_avs,k) =    vx_r(i,j,k)
      |                                            1
Warning: Array reference at (1) out of bounds (410 > 360) in loop beginning at (2)
subroutines.f90:584:46:

  577 |   do j = NY_avs ,NY_avs + NY_ARR
      |                                2              
......
  584 |       vx_arr(i-NX_avs,j-NY_avs,k) =    vx_r(i,j,k)
      |                                              1
Warning: Array reference at (1) out of bounds (410 > 360) in loop beginning at (2)
subroutines.f90:585:44:

  576 |   do i = NX_avs ,NX_avs + NX_ARR
      |                                2            
......
  585 |       vy_arr(i-NX_avs,j-NY_avs,k) =    vy_r(i,j,k)
      |                                            1
Warning: Array reference at (1) out of bounds (410 > 360) in loop beginning at (2)
subroutines.f90:585:46:

  577 |   do j = NY_avs ,NY_avs + NY_ARR
      |                                2              
......
  585 |       vy_arr(i-NX_avs,j-NY_avs,k) =    vy_r(i,j,k)
      |                                              1
Warning: Array reference at (1) out of bounds (410 > 360) in loop beginning at (2)
subroutines.f90:586:44:

  576 |   do i = NX_avs ,NX_avs + NX_ARR
      |                                2            
......
  586 |       vz_arr(i-NX_avs,j-NY_avs,k) =    vz_r(i,j,k)
      |                                            1
Warning: Array reference at (1) out of bounds (410 > 360) in loop beginning at (2)
subroutines.f90:586:46:

  577 |   do j = NY_avs ,NY_avs + NY_ARR
      |                                2              
......
  586 |       vz_arr(i-NX_avs,j-NY_avs,k) =    vz_r(i,j,k)
      |                                              1
Warning: Array reference at (1) out of bounds (410 > 360) in loop beginning at (2)
subroutines.f90:587:44:

  576 |   do i = NX_avs ,NX_avs + NX_ARR
      |                                2            
......
  587 |       vt_arr(i-NX_avs,j-NY_avs,k) =      vt(i,j,k)
      |                                            1
Warning: Array reference at (1) out of bounds (410 > 360) in loop beginning at (2)
subroutines.f90:587:46:

  577 |   do j = NY_avs ,NY_avs + NY_ARR
      |                                2              
......
  587 |       vt_arr(i-NX_avs,j-NY_avs,k) =      vt(i,j,k)
      |                                              1
Warning: Array reference at (1) out of bounds (410 > 360) in loop beginning at (2)
subroutines.f90:588:44:

  576 |   do i = NX_avs ,NX_avs + NX_ARR
      |                                2            
......
  588 |       cx_arr(i-NX_avs,j-NY_avs,k) =    cx_r(i,j,k)
      |                                            1
Warning: Array reference at (1) out of bounds (410 > 360) in loop beginning at (2)
subroutines.f90:588:46:

  577 |   do j = NY_avs ,NY_avs + NY_ARR
      |                                2              
......
  588 |       cx_arr(i-NX_avs,j-NY_avs,k) =    cx_r(i,j,k)
      |                                              1
Warning: Array reference at (1) out of bounds (410 > 360) in loop beginning at (2)
subroutines.f90:589:44:

  576 |   do i = NX_avs ,NX_avs + NX_ARR
      |                                2            
......
  589 |       cy_arr(i-NX_avs,j-NY_avs,k) =    cy_r(i,j,k)
      |                                            1
Warning: Array reference at (1) out of bounds (410 > 360) in loop beginning at (2)
subroutines.f90:589:46:

  577 |   do j = NY_avs ,NY_avs + NY_ARR
      |                                2              
......
  589 |       cy_arr(i-NX_avs,j-NY_avs,k) =    cy_r(i,j,k)
      |                                              1
Warning: Array reference at (1) out of bounds (410 > 360) in loop beginning at (2)
subroutines.f90:590:44:

  576 |   do i = NX_avs ,NX_avs + NX_ARR
      |                                2            
......
  590 |       cz_arr(i-NX_avs,j-NY_avs,k) =    cz_r(i,j,k)
      |                                            1
Warning: Array reference at (1) out of bounds (410 > 360) in loop beginning at (2)
subroutines.f90:590:46:

  577 |   do j = NY_avs ,NY_avs + NY_ARR
      |                                2              
......
  590 |       cz_arr(i-NX_avs,j-NY_avs,k) =    cz_r(i,j,k)
      |                                              1
Warning: Array reference at (1) out of bounds (410 > 360) in loop beginning at (2)
subroutines.f90:591:44:

  576 |   do i = NX_avs ,NX_avs + NX_ARR
      |                                2            
......
  591 |       ct_arr(i-NX_avs,j-NY_avs,k) =      ct(i,j,k)
      |                                            1
Warning: Array reference at (1) out of bounds (410 > 360) in loop beginning at (2)
subroutines.f90:591:46:

  577 |   do j = NY_avs ,NY_avs + NY_ARR
      |                                2              
......
  591 |       ct_arr(i-NX_avs,j-NY_avs,k) =      ct(i,j,k)
      |                                              1
Warning: Array reference at (1) out of bounds (410 > 360) in loop beginning at (2)
subroutines.f90:593:42:

  576 |   do i = NX_avs ,NX_avs + NX_ARR
      |                                2          
......
  593 |       ct_bt_arr(i-NX_avs,j-NY_avs,k) = ct(i,j,k)/bt(i,j,k)
      |                                          1
Warning: Array reference at (1) out of bounds (410 > 360) in loop beginning at (2)
subroutines.f90:593:44:

  577 |   do j = NY_avs ,NY_avs + NY_ARR
      |                                2            
......
  593 |       ct_bt_arr(i-NX_avs,j-NY_avs,k) = ct(i,j,k)/bt(i,j,k)
      |                                            1
Warning: Array reference at (1) out of bounds (410 > 360) in loop beginning at (2)
subroutines.f90:593:52:

  576 |   do i = NX_avs ,NX_avs + NX_ARR
      |                                2                    
......
  593 |       ct_bt_arr(i-NX_avs,j-NY_avs,k) = ct(i,j,k)/bt(i,j,k)
      |                                                    1
Warning: Array reference at (1) out of bounds (410 > 360) in loop beginning at (2)
subroutines.f90:593:54:

  577 |   do j = NY_avs ,NY_avs + NY_ARR
      |                                2                      
......
  593 |       ct_bt_arr(i-NX_avs,j-NY_avs,k) = ct(i,j,k)/bt(i,j,k)
      |                                                      1
Warning: Array reference at (1) out of bounds (410 > 360) in loop beginning at (2)
subroutines.f90:594:46:

  576 |   do i = NX_avs ,NX_avs + NX_ARR
      |                                2              
......
  594 |       divv_arr (i-NX_avs,j-NY_avs,k) = divv_r(i,j,k)
      |                                              1
Warning: Array reference at (1) out of bounds (410 > 360) in loop beginning at (2)
subroutines.f90:594:48:

  577 |   do j = NY_avs ,NY_avs + NY_ARR
      |                                2                
......
  594 |       divv_arr (i-NX_avs,j-NY_avs,k) = divv_r(i,j,k)
      |                                                1
Warning: Array reference at (1) out of bounds (410 > 360) in loop beginning at (2)
subroutines.f90:603:43:

  602 |          do i = NX_avs, NX_avs + NX_ARR
      |                                       2    
  603 |             write(FILE_COORD_R_X,100) xc_w(i*LEAPX)
      |                                           1
Warning: Array reference at (1) out of bounds (410 > 360) in loop beginning at (2)
subroutines.f90:609:43:

  608 |          do i = NY_avs, NY_avs + NY_ARR
      |                                       2    
  609 |             write(FILE_COORD_R_Y,100) yc_w(i*LEAPY)
      |                                           1
Warning: Array reference at (1) out of bounds (410 > 360) in loop beginning at (2)
make: *** [Makefile:28: subroutines.o] Error 1
slurmstepd: error: Detected 3 oom-kill event(s) in StepId=108318.0. Some of your processes may have been killed by the cgroup out-of-memory handler.
srun: error: n0030: task 16: Out Of Memory
slurmstepd: error: *** JOB 108318 ON n0030 CANCELLED AT 2024-05-23T14:08:04 ***
srun: Job step aborted: Waiting up to 32 seconds for job step to finish.
slurmstepd: error: *** STEP 108318.0 ON n0030 CANCELLED AT 2024-05-23T14:08:04 ***
slurmstepd: error: Detected 48 oom-kill event(s) in StepId=108318.batch. Some of your processes may have been killed by the cgroup out-of-memory handler.
