[n0119:3216796] *** An error occurred in MPI_Comm_size
[n0119:3216796] *** reported by process [1347688339,135]
[n0119:3216796] *** on communicator MPI_COMM_WORLD
[n0119:3216796] *** MPI_ERR_COMM: invalid communicator
[n0119:3216796] *** MPI_ERRORS_ARE_FATAL (processes in this communicator will now abort,
[n0119:3216796] ***    and potentially your MPI job)
[n0117:3225435] *** An error occurred in MPI_Comm_size
[n0117:3225435] *** reported by process [1347688339,119]
[n0117:3225435] *** on communicator MPI_COMM_WORLD
[n0117:3225435] *** MPI_ERR_COMM: invalid communicator
[n0117:3225435] *** MPI_ERRORS_ARE_FATAL (processes in this communicator will now abort,
[n0117:3225435] ***    and potentially your MPI job)
[n0119:3216838] *** An error occurred in MPI_Comm_size
[n0119:3216838] *** reported by process [1347688339,177]
[n0119:3216838] *** on communicator MPI_COMM_WORLD
[n0119:3216838] *** MPI_ERR_COMM: invalid communicator
[n0119:3216838] *** MPI_ERRORS_ARE_FATAL (processes in this communicator will now abort,
[n0119:3216838] ***    and potentially your MPI job)
[n0119:3216891] *** An error occurred in MPI_Comm_size
[n0119:3216891] *** reported by process [1347688339,230]
[n0119:3216891] *** on communicator MPI_COMM_WORLD
[n0119:3216891] *** MPI_ERR_COMM: invalid communicator
[n0119:3216891] *** MPI_ERRORS_ARE_FATAL (processes in this communicator will now abort,
[n0119:3216891] ***    and potentially your MPI job)
[n0119:3216894] *** An error occurred in MPI_Comm_size
[n0119:3216894] *** reported by process [1347688339,233]
[n0119:3216894] *** on communicator MPI_COMM_WORLD
[n0119:3216894] *** MPI_ERR_COMM: invalid communicator
[n0119:3216894] *** MPI_ERRORS_ARE_FATAL (processes in this communicator will now abort,
[n0119:3216894] ***    and potentially your MPI job)
[n0119:3216790] *** An error occurred in MPI_Comm_size
[n0119:3216790] *** reported by process [1347688339,129]
[n0119:3216790] *** on communicator MPI_COMM_WORLD
[n0119:3216790] *** MPI_ERR_COMM: invalid communicator
[n0119:3216790] *** MPI_ERRORS_ARE_FATAL (processes in this communicator will now abort,
[n0119:3216790] ***    and potentially your MPI job)
[n0119:3216795] *** An error occurred in MPI_Comm_size
[n0119:3216795] *** reported by process [1347688339,134]
[n0119:3216795] *** on communicator MPI_COMM_WORLD
[n0119:3216795] *** MPI_ERR_COMM: invalid communicator
[n0119:3216795] *** MPI_ERRORS_ARE_FATAL (processes in this communicator will now abort,
[n0119:3216795] ***    and potentially your MPI job)
[n0119:3216798] *** An error occurred in MPI_Comm_size
[n0119:3216798] *** reported by process [1347688339,137]
[n0119:3216798] *** on communicator MPI_COMM_WORLD
[n0119:3216798] *** MPI_ERR_COMM: invalid communicator
[n0119:3216798] *** MPI_ERRORS_ARE_FATAL (processes in this communicator will now abort,
[n0119:3216798] ***    and potentially your MPI job)
[n0119:3216800] *** An error occurred in MPI_Comm_size
[n0119:3216800] *** reported by process [1347688339,139]
[n0119:3216800] *** on communicator MPI_COMM_WORLD
[n0119:3216800] *** MPI_ERR_COMM: invalid communicator
[n0119:3216800] *** MPI_ERRORS_ARE_FATAL (processes in this communicator will now abort,
[n0119:3216800] ***    and potentially your MPI job)
[n0119:3216804] *** An error occurred in MPI_Comm_size
[n0119:3216804] *** reported by process [1347688339,143]
[n0119:3216804] *** on communicator MPI_COMM_WORLD
[n0119:3216804] *** MPI_ERR_COMM: invalid communicator
[n0119:3216804] *** MPI_ERRORS_ARE_FATAL (processes in this communicator will now abort,
[n0119:3216804] ***    and potentially your MPI job)
[n0119:3216830] *** An error occurred in MPI_Comm_size
[n0119:3216830] *** reported by process [1347688339,169]
[n0119:3216830] *** on communicator MPI_COMM_WORLD
[n0119:3216830] *** MPI_ERR_COMM: invalid communicator
[n0119:3216830] *** MPI_ERRORS_ARE_FATAL (processes in this communicator will now abort,
[n0119:3216830] ***    and potentially your MPI job)
[n0119:3216885] *** An error occurred in MPI_Comm_size
[n0119:3216885] *** reported by process [1347688339,224]
[n0119:3216885] *** on communicator MPI_COMM_WORLD
[n0119:3216885] *** MPI_ERR_COMM: invalid communicator
[n0119:3216885] *** MPI_ERRORS_ARE_FATAL (processes in this communicator will now abort,
[n0119:3216885] ***    and potentially your MPI job)
[n0119:3216913] *** An error occurred in MPI_Comm_size
[n0119:3216913] *** reported by process [1347688339,252]
[n0119:3216913] *** on communicator MPI_COMM_WORLD
[n0119:3216913] *** MPI_ERR_COMM: invalid communicator
[n0119:3216913] *** MPI_ERRORS_ARE_FATAL (processes in this communicator will now abort,
[n0119:3216913] ***    and potentially your MPI job)
[n0119:3216864] *** An error occurred in MPI_Comm_size
[n0119:3216864] *** reported by process [1347688339,203]
[n0119:3216864] *** on communicator MPI_COMM_WORLD
[n0119:3216864] *** MPI_ERR_COMM: invalid communicator
[n0119:3216864] *** MPI_ERRORS_ARE_FATAL (processes in this communicator will now abort,
[n0119:3216864] ***    and potentially your MPI job)
[n0119:3216881] *** An error occurred in MPI_Comm_size
[n0119:3216881] *** reported by process [1347688339,220]
[n0119:3216881] *** on communicator MPI_COMM_WORLD
[n0119:3216881] *** MPI_ERR_COMM: invalid communicator
[n0119:3216881] *** MPI_ERRORS_ARE_FATAL (processes in this communicator will now abort,
[n0119:3216881] ***    and potentially your MPI job)
[n0119:3216852] *** An error occurred in MPI_Comm_size
[n0119:3216852] *** reported by process [1347688339,191]
[n0119:3216852] *** on communicator MPI_COMM_WORLD
[n0119:3216852] *** MPI_ERR_COMM: invalid communicator
[n0119:3216852] *** MPI_ERRORS_ARE_FATAL (processes in this communicator will now abort,
[n0119:3216852] ***    and potentially your MPI job)
[n0119:3216863] *** An error occurred in MPI_Comm_size
[n0119:3216863] *** reported by process [1347688339,202]
[n0119:3216863] *** on communicator MPI_COMM_WORLD
[n0119:3216863] *** MPI_ERR_COMM: invalid communicator
[n0119:3216863] *** MPI_ERRORS_ARE_FATAL (processes in this communicator will now abort,
[n0119:3216863] ***    and potentially your MPI job)
[n0119:3216878] *** An error occurred in MPI_Comm_size
[n0119:3216878] *** reported by process [1347688339,217]
[n0119:3216878] *** on communicator MPI_COMM_WORLD
[n0119:3216878] *** MPI_ERR_COMM: invalid communicator
[n0119:3216878] *** MPI_ERRORS_ARE_FATAL (processes in this communicator will now abort,
[n0119:3216878] ***    and potentially your MPI job)
[n0119:3216888] *** An error occurred in MPI_Comm_size
[n0119:3216888] *** reported by process [1347688339,227]
[n0119:3216888] *** on communicator MPI_COMM_WORLD
[n0119:3216888] *** MPI_ERR_COMM: invalid communicator
[n0119:3216888] *** MPI_ERRORS_ARE_FATAL (processes in this communicator will now abort,
[n0119:3216888] ***    and potentially your MPI job)
[n0119:3216915] *** An error occurred in MPI_Comm_size
[n0119:3216915] *** reported by process [1347688339,254]
[n0119:3216915] *** on communicator MPI_COMM_WORLD
[n0119:3216915] *** MPI_ERR_COMM: invalid communicator
[n0119:3216915] *** MPI_ERRORS_ARE_FATAL (processes in this communicator will now abort,
[n0119:3216915] ***    and potentially your MPI job)
[n0119:3216875] *** An error occurred in MPI_Comm_size
[n0119:3216875] *** reported by process [1347688339,214]
[n0119:3216875] *** on communicator MPI_COMM_WORLD
[n0119:3216875] *** MPI_ERR_COMM: invalid communicator
[n0119:3216875] *** MPI_ERRORS_ARE_FATAL (processes in this communicator will now abort,
[n0119:3216875] ***    and potentially your MPI job)
[n0119:3216797] *** An error occurred in MPI_Comm_size
[n0119:3216797] *** reported by process [1347688339,136]
[n0119:3216797] *** on communicator MPI_COMM_WORLD
[n0119:3216797] *** MPI_ERR_COMM: invalid communicator
[n0119:3216797] *** MPI_ERRORS_ARE_FATAL (processes in this communicator will now abort,
[n0119:3216797] ***    and potentially your MPI job)
srun: Job step aborted: Waiting up to 32 seconds for job step to finish.
[n0119:3216893] *** An error occurred in MPI_Comm_size
[n0119:3216893] *** reported by process [1347688339,232]
[n0119:3216893] *** on communicator MPI_COMM_WORLD
[n0119:3216893] *** MPI_ERR_COMM: invalid communicator
[n0119:3216893] *** MPI_ERRORS_ARE_FATAL (processes in this communicator will now abort,
[n0119:3216893] ***    and potentially your MPI job)
[n0119:3216842] *** An error occurred in MPI_Comm_size
[n0119:3216842] *** reported by process [1347688339,181]
[n0119:3216842] *** on communicator MPI_COMM_WORLD
[n0119:3216842] *** MPI_ERR_COMM: invalid communicator
[n0119:3216842] *** MPI_ERRORS_ARE_FATAL (processes in this communicator will now abort,
[n0119:3216842] ***    and potentially your MPI job)
[n0119:3216908] *** An error occurred in MPI_Comm_size
[n0119:3216908] *** reported by process [1347688339,247]
[n0119:3216908] *** on communicator MPI_COMM_WORLD
[n0119:3216908] *** MPI_ERR_COMM: invalid communicator
[n0119:3216908] *** MPI_ERRORS_ARE_FATAL (processes in this communicator will now abort,
[n0119:3216908] ***    and potentially your MPI job)
[n0119:3216855] *** An error occurred in MPI_Comm_size
[n0119:3216855] *** reported by process [1347688339,194]
[n0119:3216855] *** on communicator MPI_COMM_WORLD
[n0119:3216855] *** MPI_ERR_COMM: invalid communicator
[n0119:3216855] *** MPI_ERRORS_ARE_FATAL (processes in this communicator will now abort,
[n0119:3216855] ***    and potentially your MPI job)
[n0119:3216867] *** An error occurred in MPI_Comm_size
[n0119:3216867] *** reported by process [1347688339,206]
[n0119:3216867] *** on communicator MPI_COMM_WORLD
[n0119:3216867] *** MPI_ERR_COMM: invalid communicator
[n0119:3216867] *** MPI_ERRORS_ARE_FATAL (processes in this communicator will now abort,
[n0119:3216867] ***    and potentially your MPI job)
[n0119:3216814] *** An error occurred in MPI_Comm_size
[n0119:3216814] *** reported by process [1347688339,153]
[n0119:3216814] *** on communicator MPI_COMM_WORLD
[n0119:3216814] *** MPI_ERR_COMM: invalid communicator
[n0119:3216814] *** MPI_ERRORS_ARE_FATAL (processes in this communicator will now abort,
[n0119:3216814] ***    and potentially your MPI job)
[n0119:3216887] *** An error occurred in MPI_Comm_size
[n0119:3216887] *** reported by process [1347688339,226]
[n0119:3216887] *** on communicator MPI_COMM_WORLD
[n0119:3216887] *** MPI_ERR_COMM: invalid communicator
[n0119:3216887] *** MPI_ERRORS_ARE_FATAL (processes in this communicator will now abort,
[n0119:3216887] ***    and potentially your MPI job)
[n0119:3216856] *** An error occurred in MPI_Comm_size
[n0119:3216856] *** reported by process [1347688339,195]
[n0119:3216856] *** on communicator MPI_COMM_WORLD
[n0119:3216856] *** MPI_ERR_COMM: invalid communicator
[n0119:3216856] *** MPI_ERRORS_ARE_FATAL (processes in this communicator will now abort,
[n0119:3216856] ***    and potentially your MPI job)
[n0119:3216895] *** An error occurred in MPI_Comm_size
[n0119:3216895] *** reported by process [1347688339,234]
[n0119:3216895] *** on communicator MPI_COMM_WORLD
[n0119:3216895] *** MPI_ERR_COMM: invalid communicator
[n0119:3216895] *** MPI_ERRORS_ARE_FATAL (processes in this communicator will now abort,
[n0119:3216895] ***    and potentially your MPI job)
[n0119:3216807] *** An error occurred in MPI_Comm_size
[n0119:3216807] *** reported by process [1347688339,146]
[n0119:3216807] *** on communicator MPI_COMM_WORLD
[n0119:3216807] *** MPI_ERR_COMM: invalid communicator
[n0119:3216807] *** MPI_ERRORS_ARE_FATAL (processes in this communicator will now abort,
[n0119:3216807] ***    and potentially your MPI job)
[n0119:3216821] *** An error occurred in MPI_Comm_size
[n0119:3216821] *** reported by process [1347688339,160]
[n0119:3216821] *** on communicator MPI_COMM_WORLD
[n0119:3216821] *** MPI_ERR_COMM: invalid communicator
[n0119:3216821] *** MPI_ERRORS_ARE_FATAL (processes in this communicator will now abort,
[n0119:3216821] ***    and potentially your MPI job)
[n0119:3216789] *** An error occurred in MPI_Comm_size
[n0119:3216789] *** reported by process [1347688339,128]
[n0119:3216789] *** on communicator MPI_COMM_WORLD
[n0119:3216789] *** MPI_ERR_COMM: invalid communicator
[n0119:3216789] *** MPI_ERRORS_ARE_FATAL (processes in this communicator will now abort,
[n0119:3216789] ***    and potentially your MPI job)
[n0119:3216827] *** An error occurred in MPI_Comm_size
[n0119:3216827] *** reported by process [1347688339,166]
[n0119:3216827] *** on communicator MPI_COMM_WORLD
[n0119:3216827] *** MPI_ERR_COMM: invalid communicator
[n0119:3216827] *** MPI_ERRORS_ARE_FATAL (processes in this communicator will now abort,
[n0119:3216827] ***    and potentially your MPI job)
[n0119:3216872] *** An error occurred in MPI_Comm_size
[n0119:3216872] *** reported by process [1347688339,211]
[n0119:3216872] *** on communicator MPI_COMM_WORLD
[n0119:3216872] *** MPI_ERR_COMM: invalid communicator
[n0119:3216872] *** MPI_ERRORS_ARE_FATAL (processes in this communicator will now abort,
[n0119:3216872] ***    and potentially your MPI job)
[n0119:3216817] *** An error occurred in MPI_Comm_size
[n0119:3216817] *** reported by process [1347688339,156]
[n0119:3216817] *** on communicator MPI_COMM_WORLD
[n0119:3216817] *** MPI_ERR_COMM: invalid communicator
[n0119:3216817] *** MPI_ERRORS_ARE_FATAL (processes in this communicator will now abort,
[n0119:3216817] ***    and potentially your MPI job)
[n0119:3216850] *** An error occurred in MPI_Comm_size
[n0119:3216850] *** reported by process [1347688339,189]
[n0119:3216850] *** on communicator MPI_COMM_WORLD
[n0119:3216850] *** MPI_ERR_COMM: invalid communicator
[n0119:3216850] *** MPI_ERRORS_ARE_FATAL (processes in this communicator will now abort,
[n0119:3216850] ***    and potentially your MPI job)
[n0119:3216857] *** An error occurred in MPI_Comm_size
[n0119:3216857] *** reported by process [1347688339,196]
[n0119:3216857] *** on communicator MPI_COMM_WORLD
[n0119:3216857] *** MPI_ERR_COMM: invalid communicator
[n0119:3216857] *** MPI_ERRORS_ARE_FATAL (processes in this communicator will now abort,
[n0119:3216857] ***    and potentially your MPI job)
[n0119:3216884] *** An error occurred in MPI_Comm_size
[n0119:3216884] *** reported by process [1347688339,223]
[n0119:3216884] *** on communicator MPI_COMM_WORLD
[n0119:3216884] *** MPI_ERR_COMM: invalid communicator
[n0119:3216884] *** MPI_ERRORS_ARE_FATAL (processes in this communicator will now abort,
[n0119:3216884] ***    and potentially your MPI job)
[n0119:3216829] *** An error occurred in MPI_Comm_size
[n0119:3216829] *** reported by process [1347688339,168]
[n0119:3216829] *** on communicator MPI_COMM_WORLD
[n0119:3216829] *** MPI_ERR_COMM: invalid communicator
[n0119:3216829] *** MPI_ERRORS_ARE_FATAL (processes in this communicator will now abort,
[n0119:3216829] ***    and potentially your MPI job)
[n0119:3216862] *** An error occurred in MPI_Comm_size
[n0119:3216862] *** reported by process [1347688339,201]
[n0119:3216862] *** on communicator MPI_COMM_WORLD
[n0119:3216862] *** MPI_ERR_COMM: invalid communicator
[n0119:3216862] *** MPI_ERRORS_ARE_FATAL (processes in this communicator will now abort,
[n0119:3216862] ***    and potentially your MPI job)
[n0119:3216816] *** An error occurred in MPI_Comm_size
[n0119:3216816] *** reported by process [1347688339,155]
[n0119:3216816] *** on communicator MPI_COMM_WORLD
[n0119:3216816] *** MPI_ERR_COMM: invalid communicator
[n0119:3216816] *** MPI_ERRORS_ARE_FATAL (processes in this communicator will now abort,
[n0119:3216816] ***    and potentially your MPI job)
[n0119:3216824] *** An error occurred in MPI_Comm_size
[n0119:3216824] *** reported by process [1347688339,163]
[n0119:3216824] *** on communicator MPI_COMM_WORLD
[n0119:3216824] *** MPI_ERR_COMM: invalid communicator
[n0119:3216824] *** MPI_ERRORS_ARE_FATAL (processes in this communicator will now abort,
[n0119:3216824] ***    and potentially your MPI job)
[n0119:3216848] *** An error occurred in MPI_Comm_size
[n0119:3216848] *** reported by process [1347688339,187]
[n0119:3216848] *** on communicator MPI_COMM_WORLD
[n0119:3216848] *** MPI_ERR_COMM: invalid communicator
[n0119:3216848] *** MPI_ERRORS_ARE_FATAL (processes in this communicator will now abort,
[n0119:3216848] ***    and potentially your MPI job)
[n0119:3216832] *** An error occurred in MPI_Comm_size
[n0119:3216832] *** reported by process [1347688339,171]
[n0119:3216832] *** on communicator MPI_COMM_WORLD
[n0119:3216832] *** MPI_ERR_COMM: invalid communicator
[n0119:3216832] *** MPI_ERRORS_ARE_FATAL (processes in this communicator will now abort,
[n0119:3216832] ***    and potentially your MPI job)
[n0119:3216897] *** An error occurred in MPI_Comm_size
[n0119:3216897] *** reported by process [1347688339,236]
[n0119:3216897] *** on communicator MPI_COMM_WORLD
[n0119:3216897] *** MPI_ERR_COMM: invalid communicator
[n0119:3216897] *** MPI_ERRORS_ARE_FATAL (processes in this communicator will now abort,
[n0119:3216897] ***    and potentially your MPI job)
[n0119:3216900] *** An error occurred in MPI_Comm_size
[n0119:3216900] *** reported by process [1347688339,239]
[n0119:3216900] *** on communicator MPI_COMM_WORLD
[n0119:3216900] *** MPI_ERR_COMM: invalid communicator
[n0119:3216900] *** MPI_ERRORS_ARE_FATAL (processes in this communicator will now abort,
[n0119:3216900] ***    and potentially your MPI job)
[n0119:3216916] *** An error occurred in MPI_Comm_size
[n0119:3216916] *** reported by process [1347688339,255]
[n0119:3216916] *** on communicator MPI_COMM_WORLD
[n0119:3216916] *** MPI_ERR_COMM: invalid communicator
[n0119:3216916] *** MPI_ERRORS_ARE_FATAL (processes in this communicator will now abort,
[n0119:3216916] ***    and potentially your MPI job)
[n0119:3216846] *** An error occurred in MPI_Comm_size
[n0119:3216846] *** reported by process [1347688339,185]
[n0119:3216846] *** on communicator MPI_COMM_WORLD
[n0119:3216846] *** MPI_ERR_COMM: invalid communicator
[n0119:3216846] *** MPI_ERRORS_ARE_FATAL (processes in this communicator will now abort,
[n0119:3216846] ***    and potentially your MPI job)
[n0117:3225391] *** An error occurred in MPI_Comm_size
[n0117:3225391] *** reported by process [1347688339,75]
[n0117:3225391] *** on communicator MPI_COMM_WORLD
[n0117:3225391] *** MPI_ERR_COMM: invalid communicator
[n0117:3225391] *** MPI_ERRORS_ARE_FATAL (processes in this communicator will now abort,
[n0117:3225391] ***    and potentially your MPI job)
[n0117:3225442] *** An error occurred in MPI_Comm_size
[n0117:3225442] *** reported by process [1347688339,126]
[n0117:3225442] *** on communicator MPI_COMM_WORLD
[n0117:3225442] *** MPI_ERR_COMM: invalid communicator
[n0117:3225442] *** MPI_ERRORS_ARE_FATAL (processes in this communicator will now abort,
[n0117:3225442] ***    and potentially your MPI job)
[n0117:3225396] *** An error occurred in MPI_Comm_size
[n0117:3225396] *** reported by process [1347688339,80]
[n0117:3225396] *** on communicator MPI_COMM_WORLD
[n0117:3225396] *** MPI_ERR_COMM: invalid communicator
[n0117:3225396] *** MPI_ERRORS_ARE_FATAL (processes in this communicator will now abort,
[n0117:3225396] ***    and potentially your MPI job)
[n0117:3225411] *** An error occurred in MPI_Comm_size
[n0117:3225411] *** reported by process [1347688339,95]
[n0117:3225411] *** on communicator MPI_COMM_WORLD
[n0117:3225411] *** MPI_ERR_COMM: invalid communicator
[n0117:3225411] *** MPI_ERRORS_ARE_FATAL (processes in this communicator will now abort,
[n0117:3225411] ***    and potentially your MPI job)
[n0117:3225399] *** An error occurred in MPI_Comm_size
[n0117:3225399] *** reported by process [1347688339,83]
[n0117:3225399] *** on communicator MPI_COMM_WORLD
[n0117:3225399] *** MPI_ERR_COMM: invalid communicator
[n0117:3225399] *** MPI_ERRORS_ARE_FATAL (processes in this communicator will now abort,
[n0117:3225399] ***    and potentially your MPI job)
[n0117:3225443] *** An error occurred in MPI_Comm_size
[n0117:3225443] *** reported by process [1347688339,127]
[n0117:3225443] *** on communicator MPI_COMM_WORLD
[n0117:3225443] *** MPI_ERR_COMM: invalid communicator
[n0117:3225443] *** MPI_ERRORS_ARE_FATAL (processes in this communicator will now abort,
[n0117:3225443] ***    and potentially your MPI job)
[n0117:3225414] *** An error occurred in MPI_Comm_size
[n0117:3225414] *** reported by process [1347688339,98]
[n0117:3225414] *** on communicator MPI_COMM_WORLD
[n0117:3225414] *** MPI_ERR_COMM: invalid communicator
[n0117:3225414] *** MPI_ERRORS_ARE_FATAL (processes in this communicator will now abort,
[n0117:3225414] ***    and potentially your MPI job)
[n0117:3225406] *** An error occurred in MPI_Comm_size
[n0117:3225406] *** reported by process [1347688339,90]
[n0117:3225406] *** on communicator MPI_COMM_WORLD
[n0117:3225406] *** MPI_ERR_COMM: invalid communicator
[n0117:3225406] *** MPI_ERRORS_ARE_FATAL (processes in this communicator will now abort,
[n0117:3225406] ***    and potentially your MPI job)
[n0117:3225427] *** An error occurred in MPI_Comm_size
[n0117:3225427] *** reported by process [1347688339,111]
[n0117:3225427] *** on communicator MPI_COMM_WORLD
[n0117:3225427] *** MPI_ERR_COMM: invalid communicator
[n0117:3225427] *** MPI_ERRORS_ARE_FATAL (processes in this communicator will now abort,
[n0117:3225427] ***    and potentially your MPI job)
[n0117:3225436] *** An error occurred in MPI_Comm_size
[n0117:3225436] *** reported by process [1347688339,120]
[n0117:3225436] *** on communicator MPI_COMM_WORLD
[n0117:3225436] *** MPI_ERR_COMM: invalid communicator
[n0117:3225436] *** MPI_ERRORS_ARE_FATAL (processes in this communicator will now abort,
[n0117:3225436] ***    and potentially your MPI job)
[n0117:3225400] *** An error occurred in MPI_Comm_size
[n0117:3225400] *** reported by process [1347688339,84]
[n0117:3225400] *** on communicator MPI_COMM_WORLD
[n0117:3225400] *** MPI_ERR_COMM: invalid communicator
[n0117:3225400] *** MPI_ERRORS_ARE_FATAL (processes in this communicator will now abort,
[n0117:3225400] ***    and potentially your MPI job)
[n0117:3225397] *** An error occurred in MPI_Comm_size
[n0117:3225397] *** reported by process [1347688339,81]
[n0117:3225397] *** on communicator MPI_COMM_WORLD
[n0117:3225397] *** MPI_ERR_COMM: invalid communicator
[n0117:3225397] *** MPI_ERRORS_ARE_FATAL (processes in this communicator will now abort,
[n0117:3225397] ***    and potentially your MPI job)
[n0117:3225415] *** An error occurred in MPI_Comm_size
[n0117:3225415] *** reported by process [1347688339,99]
[n0117:3225415] *** on communicator MPI_COMM_WORLD
[n0117:3225415] *** MPI_ERR_COMM: invalid communicator
[n0117:3225415] *** MPI_ERRORS_ARE_FATAL (processes in this communicator will now abort,
[n0117:3225415] ***    and potentially your MPI job)
[n0117:3225438] *** An error occurred in MPI_Comm_size
[n0117:3225438] *** reported by process [1347688339,122]
[n0117:3225438] *** on communicator MPI_COMM_WORLD
[n0117:3225438] *** MPI_ERR_COMM: invalid communicator
[n0117:3225438] *** MPI_ERRORS_ARE_FATAL (processes in this communicator will now abort,
[n0117:3225438] ***    and potentially your MPI job)
[n0117:3225416] *** An error occurred in MPI_Comm_size
[n0117:3225416] *** reported by process [1347688339,100]
[n0117:3225416] *** on communicator MPI_COMM_WORLD
[n0117:3225416] *** MPI_ERR_COMM: invalid communicator
[n0117:3225416] *** MPI_ERRORS_ARE_FATAL (processes in this communicator will now abort,
[n0117:3225416] ***    and potentially your MPI job)
[n0117:3225432] *** An error occurred in MPI_Comm_size
[n0117:3225432] *** reported by process [1347688339,116]
[n0117:3225432] *** on communicator MPI_COMM_WORLD
[n0117:3225432] *** MPI_ERR_COMM: invalid communicator
[n0117:3225432] *** MPI_ERRORS_ARE_FATAL (processes in this communicator will now abort,
[n0117:3225432] ***    and potentially your MPI job)
[n0117:3225419] *** An error occurred in MPI_Comm_size
[n0117:3225419] *** reported by process [1347688339,103]
[n0117:3225419] *** on communicator MPI_COMM_WORLD
[n0117:3225419] *** MPI_ERR_COMM: invalid communicator
[n0117:3225419] *** MPI_ERRORS_ARE_FATAL (processes in this communicator will now abort,
[n0117:3225419] ***    and potentially your MPI job)
[n0117:3225434] *** An error occurred in MPI_Comm_size
[n0117:3225434] *** reported by process [1347688339,118]
[n0117:3225434] *** on communicator MPI_COMM_WORLD
[n0117:3225434] *** MPI_ERR_COMM: invalid communicator
[n0117:3225434] *** MPI_ERRORS_ARE_FATAL (processes in this communicator will now abort,
[n0117:3225434] ***    and potentially your MPI job)
[n0117:3225395] *** An error occurred in MPI_Comm_size
[n0117:3225395] *** reported by process [1347688339,79]
[n0117:3225395] *** on communicator MPI_COMM_WORLD
[n0117:3225395] *** MPI_ERR_COMM: invalid communicator
[n0117:3225395] *** MPI_ERRORS_ARE_FATAL (processes in this communicator will now abort,
[n0117:3225395] ***    and potentially your MPI job)
[n0117:3225420] *** An error occurred in MPI_Comm_size
[n0117:3225420] *** reported by process [1347688339,104]
[n0117:3225420] *** on communicator MPI_COMM_WORLD
[n0117:3225420] *** MPI_ERR_COMM: invalid communicator
[n0117:3225420] *** MPI_ERRORS_ARE_FATAL (processes in this communicator will now abort,
[n0117:3225420] ***    and potentially your MPI job)
[n0117:3225390] *** An error occurred in MPI_Comm_size
[n0117:3225390] *** reported by process [1347688339,74]
[n0117:3225390] *** on communicator MPI_COMM_WORLD
[n0117:3225390] *** MPI_ERR_COMM: invalid communicator
[n0117:3225390] *** MPI_ERRORS_ARE_FATAL (processes in this communicator will now abort,
[n0117:3225390] ***    and potentially your MPI job)
[n0117:3225407] *** An error occurred in MPI_Comm_size
[n0117:3225407] *** reported by process [1347688339,91]
[n0117:3225407] *** on communicator MPI_COMM_WORLD
[n0117:3225407] *** MPI_ERR_COMM: invalid communicator
[n0117:3225407] *** MPI_ERRORS_ARE_FATAL (processes in this communicator will now abort,
[n0117:3225407] ***    and potentially your MPI job)
[n0117:3225429] *** An error occurred in MPI_Comm_size
[n0117:3225429] *** reported by process [1347688339,113]
[n0117:3225429] *** on communicator MPI_COMM_WORLD
[n0117:3225429] *** MPI_ERR_COMM: invalid communicator
[n0117:3225429] *** MPI_ERRORS_ARE_FATAL (processes in this communicator will now abort,
[n0117:3225429] ***    and potentially your MPI job)
[n0117:3225439] *** An error occurred in MPI_Comm_size
[n0117:3225439] *** reported by process [1347688339,123]
[n0117:3225439] *** on communicator MPI_COMM_WORLD
[n0117:3225439] *** MPI_ERR_COMM: invalid communicator
[n0117:3225439] *** MPI_ERRORS_ARE_FATAL (processes in this communicator will now abort,
[n0117:3225439] ***    and potentially your MPI job)
[n0117:3225394] *** An error occurred in MPI_Comm_size
[n0117:3225394] *** reported by process [1347688339,78]
[n0117:3225394] *** on communicator MPI_COMM_WORLD
[n0117:3225394] *** MPI_ERR_COMM: invalid communicator
[n0117:3225394] *** MPI_ERRORS_ARE_FATAL (processes in this communicator will now abort,
[n0117:3225394] ***    and potentially your MPI job)
[n0117:3225402] *** An error occurred in MPI_Comm_size
[n0117:3225402] *** reported by process [1347688339,86]
[n0117:3225402] *** on communicator MPI_COMM_WORLD
[n0117:3225402] *** MPI_ERR_COMM: invalid communicator
[n0117:3225402] *** MPI_ERRORS_ARE_FATAL (processes in this communicator will now abort,
[n0117:3225402] ***    and potentially your MPI job)
[n0117:3225412] *** An error occurred in MPI_Comm_size
[n0117:3225412] *** reported by process [1347688339,96]
[n0117:3225412] *** on communicator MPI_COMM_WORLD
[n0117:3225412] *** MPI_ERR_COMM: invalid communicator
[n0117:3225412] *** MPI_ERRORS_ARE_FATAL (processes in this communicator will now abort,
[n0117:3225412] ***    and potentially your MPI job)
[n0117:3225424] *** An error occurred in MPI_Comm_size
[n0117:3225424] *** reported by process [1347688339,108]
[n0117:3225424] *** on communicator MPI_COMM_WORLD
[n0117:3225424] *** MPI_ERR_COMM: invalid communicator
[n0117:3225424] *** MPI_ERRORS_ARE_FATAL (processes in this communicator will now abort,
[n0117:3225424] ***    and potentially your MPI job)
[n0117:3225440] *** An error occurred in MPI_Comm_size
[n0117:3225440] *** reported by process [1347688339,124]
[n0117:3225440] *** on communicator MPI_COMM_WORLD
[n0117:3225440] *** MPI_ERR_COMM: invalid communicator
[n0117:3225440] *** MPI_ERRORS_ARE_FATAL (processes in this communicator will now abort,
[n0117:3225440] ***    and potentially your MPI job)
[n0117:3225431] *** An error occurred in MPI_Comm_size
[n0117:3225431] *** reported by process [1347688339,115]
[n0117:3225431] *** on communicator MPI_COMM_WORLD
[n0117:3225431] *** MPI_ERR_COMM: invalid communicator
[n0117:3225431] *** MPI_ERRORS_ARE_FATAL (processes in this communicator will now abort,
[n0117:3225431] ***    and potentially your MPI job)
[n0117:3225389] *** An error occurred in MPI_Comm_size
[n0117:3225389] *** reported by process [1347688339,73]
[n0117:3225389] *** on communicator MPI_COMM_WORLD
[n0117:3225389] *** MPI_ERR_COMM: invalid communicator
[n0117:3225389] *** MPI_ERRORS_ARE_FATAL (processes in this communicator will now abort,
[n0117:3225389] ***    and potentially your MPI job)
[n0117:3225430] *** An error occurred in MPI_Comm_size
[n0117:3225430] *** reported by process [1347688339,114]
[n0117:3225430] *** on communicator MPI_COMM_WORLD
[n0117:3225430] *** MPI_ERR_COMM: invalid communicator
[n0117:3225430] *** MPI_ERRORS_ARE_FATAL (processes in this communicator will now abort,
[n0117:3225430] ***    and potentially your MPI job)
slurmstepd: error: *** STEP 35781.0 ON n0117 CANCELLED AT 2024-03-25T00:47:25 ***
[n0117:3225408] *** An error occurred in MPI_Comm_size
[n0117:3225408] *** reported by process [1347688339,92]
[n0117:3225408] *** on communicator MPI_COMM_WORLD
[n0117:3225408] *** MPI_ERR_COMM: invalid communicator
[n0117:3225408] *** MPI_ERRORS_ARE_FATAL (processes in this communicator will now abort,
[n0117:3225408] ***    and potentially your MPI job)
[n0117:3225421] *** An error occurred in MPI_Comm_size
[n0117:3225421] *** reported by process [1347688339,105]
[n0117:3225421] *** on communicator MPI_COMM_WORLD
[n0117:3225421] *** MPI_ERR_COMM: invalid communicator
[n0117:3225421] *** MPI_ERRORS_ARE_FATAL (processes in this communicator will now abort,
[n0117:3225421] ***    and potentially your MPI job)
[n0117:3225425] *** An error occurred in MPI_Comm_size
[n0117:3225425] *** reported by process [1347688339,109]
[n0117:3225425] *** on communicator MPI_COMM_WORLD
[n0117:3225425] *** MPI_ERR_COMM: invalid communicator
[n0117:3225425] *** MPI_ERRORS_ARE_FATAL (processes in this communicator will now abort,
[n0117:3225425] ***    and potentially your MPI job)
[n0117:3225437] *** An error occurred in MPI_Comm_size
[n0117:3225437] *** reported by process [1347688339,121]
[n0117:3225437] *** on communicator MPI_COMM_WORLD
[n0117:3225437] *** MPI_ERR_COMM: invalid communicator
[n0117:3225437] *** MPI_ERRORS_ARE_FATAL (processes in this communicator will now abort,
[n0117:3225437] ***    and potentially your MPI job)
[n0117:3225423] *** An error occurred in MPI_Comm_size
[n0117:3225423] *** reported by process [1347688339,107]
[n0117:3225423] *** on communicator MPI_COMM_WORLD
[n0117:3225423] *** MPI_ERR_COMM: invalid communicator
[n0117:3225423] *** MPI_ERRORS_ARE_FATAL (processes in this communicator will now abort,
[n0117:3225423] ***    and potentially your MPI job)
[n0117:3225392] *** An error occurred in MPI_Comm_size
[n0117:3225392] *** reported by process [1347688339,76]
[n0117:3225392] *** on communicator MPI_COMM_WORLD
[n0117:3225392] *** MPI_ERR_COMM: invalid communicator
[n0117:3225392] *** MPI_ERRORS_ARE_FATAL (processes in this communicator will now abort,
[n0117:3225392] ***    and potentially your MPI job)
[n0117:3225404] *** An error occurred in MPI_Comm_size
[n0117:3225404] *** reported by process [1347688339,88]
[n0117:3225404] *** on communicator MPI_COMM_WORLD
[n0117:3225404] *** MPI_ERR_COMM: invalid communicator
[n0117:3225404] *** MPI_ERRORS_ARE_FATAL (processes in this communicator will now abort,
[n0117:3225404] ***    and potentially your MPI job)
[n0117:3225410] *** An error occurred in MPI_Comm_size
[n0117:3225410] *** reported by process [1347688339,94]
[n0117:3225410] *** on communicator MPI_COMM_WORLD
[n0117:3225410] *** MPI_ERR_COMM: invalid communicator
[n0117:3225410] *** MPI_ERRORS_ARE_FATAL (processes in this communicator will now abort,
[n0117:3225410] ***    and potentially your MPI job)
[n0117:3225428] *** An error occurred in MPI_Comm_size
[n0117:3225428] *** reported by process [1347688339,112]
[n0117:3225428] *** on communicator MPI_COMM_WORLD
[n0117:3225428] *** MPI_ERR_COMM: invalid communicator
[n0117:3225428] *** MPI_ERRORS_ARE_FATAL (processes in this communicator will now abort,
[n0117:3225428] ***    and potentially your MPI job)
[n0117:3225388] *** An error occurred in MPI_Comm_size
[n0117:3225388] *** reported by process [1347688339,72]
[n0117:3225388] *** on communicator MPI_COMM_WORLD
[n0117:3225388] *** MPI_ERR_COMM: invalid communicator
[n0117:3225388] *** MPI_ERRORS_ARE_FATAL (processes in this communicator will now abort,
[n0117:3225388] ***    and potentially your MPI job)
[n0117:3225417] *** An error occurred in MPI_Comm_size
[n0117:3225417] *** reported by process [1347688339,101]
[n0117:3225417] *** on communicator MPI_COMM_WORLD
[n0117:3225417] *** MPI_ERR_COMM: invalid communicator
[n0117:3225417] *** MPI_ERRORS_ARE_FATAL (processes in this communicator will now abort,
[n0117:3225417] ***    and potentially your MPI job)
[n0117:3225422] *** An error occurred in MPI_Comm_size
[n0117:3225422] *** reported by process [1347688339,106]
[n0117:3225422] *** on communicator MPI_COMM_WORLD
[n0117:3225422] *** MPI_ERR_COMM: invalid communicator
[n0117:3225422] *** MPI_ERRORS_ARE_FATAL (processes in this communicator will now abort,
[n0117:3225422] ***    and potentially your MPI job)
[n0117:3225403] *** An error occurred in MPI_Comm_size
[n0117:3225403] *** reported by process [1347688339,87]
[n0117:3225403] *** on communicator MPI_COMM_WORLD
[n0117:3225403] *** MPI_ERR_COMM: invalid communicator
[n0117:3225403] *** MPI_ERRORS_ARE_FATAL (processes in this communicator will now abort,
[n0117:3225403] ***    and potentially your MPI job)
[n0117:3225413] *** An error occurred in MPI_Comm_size
[n0117:3225413] *** reported by process [1347688339,97]
[n0117:3225413] *** on communicator MPI_COMM_WORLD
[n0117:3225413] *** MPI_ERR_COMM: invalid communicator
[n0117:3225413] *** MPI_ERRORS_ARE_FATAL (processes in this communicator will now abort,
[n0117:3225413] ***    and potentially your MPI job)
[n0117:3225418] *** An error occurred in MPI_Comm_size
[n0117:3225418] *** reported by process [1347688339,102]
[n0117:3225418] *** on communicator MPI_COMM_WORLD
[n0117:3225418] *** MPI_ERR_COMM: invalid communicator
[n0117:3225418] *** MPI_ERRORS_ARE_FATAL (processes in this communicator will now abort,
[n0117:3225418] ***    and potentially your MPI job)
[n0117:3225433] *** An error occurred in MPI_Comm_size
[n0117:3225433] *** reported by process [1347688339,117]
[n0117:3225433] *** on communicator MPI_COMM_WORLD
[n0117:3225433] *** MPI_ERR_COMM: invalid communicator
[n0117:3225433] *** MPI_ERRORS_ARE_FATAL (processes in this communicator will now abort,
[n0117:3225433] ***    and potentially your MPI job)
[n0117:3225401] *** An error occurred in MPI_Comm_size
[n0117:3225401] *** reported by process [1347688339,85]
[n0117:3225401] *** on communicator MPI_COMM_WORLD
[n0117:3225401] *** MPI_ERR_COMM: invalid communicator
[n0117:3225401] *** MPI_ERRORS_ARE_FATAL (processes in this communicator will now abort,
[n0117:3225401] ***    and potentially your MPI job)
[n0117:3225405] *** An error occurred in MPI_Comm_size
[n0117:3225405] *** reported by process [1347688339,89]
[n0117:3225405] *** on communicator MPI_COMM_WORLD
[n0117:3225405] *** MPI_ERR_COMM: invalid communicator
[n0117:3225405] *** MPI_ERRORS_ARE_FATAL (processes in this communicator will now abort,
[n0117:3225405] ***    and potentially your MPI job)
[n0117:3225426] *** An error occurred in MPI_Comm_size
[n0117:3225426] *** reported by process [1347688339,110]
[n0117:3225426] *** on communicator MPI_COMM_WORLD
[n0117:3225426] *** MPI_ERR_COMM: invalid communicator
[n0117:3225426] *** MPI_ERRORS_ARE_FATAL (processes in this communicator will now abort,
[n0117:3225426] ***    and potentially your MPI job)
[n0117:3225398] *** An error occurred in MPI_Comm_size
[n0117:3225398] *** reported by process [1347688339,82]
[n0117:3225398] *** on communicator MPI_COMM_WORLD
[n0117:3225398] *** MPI_ERR_COMM: invalid communicator
[n0117:3225398] *** MPI_ERRORS_ARE_FATAL (processes in this communicator will now abort,
[n0117:3225398] ***    and potentially your MPI job)
[n0117:3225393] *** An error occurred in MPI_Comm_size
[n0117:3225393] *** reported by process [1347688339,77]
[n0117:3225393] *** on communicator MPI_COMM_WORLD
[n0117:3225393] *** MPI_ERR_COMM: invalid communicator
[n0117:3225393] *** MPI_ERRORS_ARE_FATAL (processes in this communicator will now abort,
[n0117:3225393] ***    and potentially your MPI job)
[n0117:3225441] *** An error occurred in MPI_Comm_size
[n0117:3225441] *** reported by process [1347688339,125]
[n0117:3225441] *** on communicator MPI_COMM_WORLD
[n0117:3225441] *** MPI_ERR_COMM: invalid communicator
[n0117:3225441] *** MPI_ERRORS_ARE_FATAL (processes in this communicator will now abort,
[n0117:3225441] ***    and potentially your MPI job)
[n0117:3225409] *** An error occurred in MPI_Comm_size
[n0117:3225409] *** reported by process [1347688339,93]
[n0117:3225409] *** on communicator MPI_COMM_WORLD
[n0117:3225409] *** MPI_ERR_COMM: invalid communicator
[n0117:3225409] *** MPI_ERRORS_ARE_FATAL (processes in this communicator will now abort,
[n0117:3225409] ***    and potentially your MPI job)
srun: error: n0119: tasks 128-134,136-255: Killed
srun: error: n0119: task 135: Exited with exit code 5
srun: error: n0117: tasks 0-118,120-127: Killed
srun: error: n0117: task 119: Exited with exit code 5
