Starting job at: 
Fri Feb  9 18:01:41 EST 2024
 ##DEBUG## z_fine_grid, fraction_fine_grid   0.0000000000000000        1.0000000000000000     
 ## read file #           1
 001
  bx      (max, min) =   0.24864594674687623      -0.24864594674687845     
  by      (max, min) =   0.49496477281067230       -1.0051488737678684     
  bz      (max, min) =   0.99999999999999989       -1.0000000000000000     
  vx      (max, min) =    3.6461637011044379E-002  -3.6461637011044053E-002
  vy      (max, min) =    9.9999997764825821E-003  -9.9999997764824936E-003
  vz      (max, min) =    0.0000000000000000        0.0000000000000000     
  ro      (max, min) =    1.0417997830566530        1.3032852498598630E-006
  ph      (max, min) =    0.0000000000000000        0.0000000000000000     
  time               =    0.0000000000000000     
 002
  bx      (max, min) =   0.34761552484533581      -0.92444526698904617     
  by      (max, min) =   0.53775227131267711      -0.43570644175323925     
  bz      (max, min) =   0.99999999999999989       -1.0000000000000000     
  vx      (max, min) =    3.6461637011044379E-002  -3.6461637011044053E-002
  vy      (max, min) =    6.5760261993274643E-002  -6.5760261993274727E-002
  vz      (max, min) =    5.4766057630129282E-002  -4.3298862924050066E-002
  ro      (max, min) =    1.0151998599221337        6.2764802075582760E-005
  ph      (max, min) =    2.1794695245028204E-003  -2.1794695245030459E-003
  time               =    1.6397554315929523     
 003
  bx      (max, min) =   0.42171515049094888      -0.75987884010967410     
  by      (max, min) =   0.56980598968896357      -0.36244329890531202     
  bz      (max, min) =   0.99999999999999989       -1.0000000000000000     
  vx      (max, min) =    5.8683834901154218E-002  -5.8683834901154225E-002
  vy      (max, min) =    6.3550494166529137E-002  -6.3550494166529220E-002
  vz      (max, min) =    7.4656476068676245E-002  -4.5841508911793588E-002
  ro      (max, min) =    1.0141230834507333        2.0786743595280390E-006
  ph      (max, min) =    2.2037812589728398E-003  -2.2037812589730502E-003
  time               =    3.3060240111576440     
 004
  bx      (max, min) =   0.41606014134142433      -0.69583626836147705     
  by      (max, min) =   0.55974273357245941      -0.32290294701992212     
  bz      (max, min) =   0.99999999999999989       -1.0000000000000000     
  vx      (max, min) =    9.0112919148563550E-002  -9.0112919148563564E-002
  vy      (max, min) =    6.8833159735879945E-002  -6.8833159735879793E-002
  vz      (max, min) =   0.11913597397529348       -4.3884829524723723E-002
  ro      (max, min) =    1.0069544934048253        3.0443427213599428E-007
  ph      (max, min) =    2.2547964515906658E-003  -2.2547964515908744E-003
  time               =    4.9726906778245707     
 005
  bx      (max, min) =   0.40369263112091802      -0.68855032393559523     
  by      (max, min) =   0.53286170674239719      -0.31935579190765723     
  bz      (max, min) =   0.99999999999999989       -1.0000000000000000     
  vx      (max, min) =   0.12383790615696651      -0.12383790615696691     
  vy      (max, min) =    7.4009378468364917E-002  -7.4009378468364931E-002
  vz      (max, min) =   0.12975253760025163       -3.3083301443800679E-002
  ro      (max, min) =    1.0025475161960411        1.2962304382616276E-006
  ph      (max, min) =    2.2008624618713316E-003  -2.2008624618715484E-003
  time               =    6.6393573444914979     
 006
  bx      (max, min) =   0.43234220330682011      -0.70391631997140736     
  by      (max, min) =   0.50355655345271211      -0.32214361555436039     
  bz      (max, min) =   0.99999999999999989       -1.0000000000000000     
  vx      (max, min) =   0.11648511141158183      -0.11648511141158265     
  vy      (max, min) =    8.5296686899302060E-002  -8.5296686899301505E-002
  vz      (max, min) =   0.13206337718868305       -3.4588492259703493E-002
  ro      (max, min) =    1.0020583695702268        5.7575747222235584E-006
  ph      (max, min) =    2.1964421311497246E-003  -2.1964421311499341E-003
  time               =    8.3060240111580992     
 007
  bx      (max, min) =   0.45077816379041713      -0.71110015946291383     
  by      (max, min) =   0.48386307945687607      -0.32333723359885075     
  bz      (max, min) =   0.99999999999999989       -1.0000000000000000     
  vx      (max, min) =    9.7786937893203890E-002  -9.7786937893205278E-002
  vy      (max, min) =   0.11435558966873961      -0.11435558966873954     
  vz      (max, min) =   0.13624505053642028       -3.4814008724802482E-002
  ro      (max, min) =    1.0044436313837504        4.5936777005528388E-005
  ph      (max, min) =    2.2021763327969733E-003  -2.2021763327971754E-003
  time               =    9.9726906778232500     
 008
  bx      (max, min) =   0.44567234154585655      -0.70619449784633059     
  by      (max, min) =   0.49732161475714315      -0.32826327563238139     
  bz      (max, min) =   0.99999999999999989       -1.0000000000000000     
  vx      (max, min) =    9.3932655325732223E-002  -9.3932655325732417E-002
  vy      (max, min) =   0.10029340389386573      -0.10029340389386562     
  vz      (max, min) =   0.13852053785527152       -2.6753933337116349E-002
  ro      (max, min) =    1.0070674905579036        2.9206383444567493E-007
  ph      (max, min) =    2.1977664260781965E-003  -2.1977664260783951E-003
  time               =    11.639357344488401     
 009
  bx      (max, min) =   0.43244972069411286      -0.69717056097410357     
  by      (max, min) =   0.50634615071035427      -0.32654223237668523     
  bz      (max, min) =   0.99999999999999989       -1.0000000000000000     
  vx      (max, min) =    8.8612874393570601E-002  -8.8612874393570989E-002
  vy      (max, min) =    7.6811449615852123E-002  -7.6811449615851887E-002
  vz      (max, min) =   0.14123949478460507       -2.3061094755957138E-002
  ro      (max, min) =    1.0085077967385760        6.3835786237552360E-005
  ph      (max, min) =    2.1924345865083268E-003  -2.1924345865085358E-003
  time               =    13.306024011153552     
 010
  bx      (max, min) =   0.42240182144138977      -0.69104877852718016     
  by      (max, min) =   0.50527773868836345      -0.32246331998479894     
  bz      (max, min) =   0.99999999999999989       -1.0000000000000000     
  vx      (max, min) =    7.8064858110281021E-002  -7.8064858110281438E-002
  vy      (max, min) =    7.2365032130959545E-002  -7.2365032130960266E-002
  vz      (max, min) =   0.14194609041250722       -1.9276316455567433E-002
  ro      (max, min) =    1.0084916963338493        5.7044407532567064E-005
  ph      (max, min) =    2.1920744829894267E-003  -2.1920744829896249E-003
  time               =    14.972690677818703     
 011
  bx      (max, min) =   0.41938204638636650      -0.69185130545366824     
  by      (max, min) =   0.49959116575289630      -0.31949063228367558     
  bz      (max, min) =   0.99999999999999989       -1.0000000000000000     
  vx      (max, min) =    7.3262688305778895E-002  -7.3262688305779325E-002
  vy      (max, min) =    7.2052107376113367E-002  -7.2052107376114019E-002
  vz      (max, min) =   0.13639305793832526       -2.2359764831696247E-002
  ro      (max, min) =    1.0078113964354745        2.4031121784598825E-005
  ph      (max, min) =    2.1931005032056741E-003  -2.1931005032058671E-003
  time               =    16.639357344483855     
Note: The following floating-point exceptions are signalling: IEEE_UNDERFLOW_FLAG IEEE_DENORMAL
Finished
Fri Feb  9 18:09:42 EST 2024
