At line 101 of file main.f90 (unit = 10, file = '/project/wangj/node819/Jaiman/Wulver/fa24/SimData/B3D.001.BX.R.018')
Fortran runtime error: I/O past end of record on unformatted file

Error termination. Backtrace:
At line 101 of file main.f90 (unit = 10, file = '/project/wangj/node819/Jaiman/Wulver/fa24/SimData/B3D.001.BX.R.018')
Fortran runtime error: I/O past end of record on unformatted file

Error termination. Backtrace:
At line 101 of file main.f90 (unit = 10, file = '/project/wangj/node819/Jaiman/Wulver/fa24/SimData/B3D.001.BX.R.018')
Fortran runtime error: I/O past end of record on unformatted file

Error termination. Backtrace:
At line 101 of file main.f90 (unit = 10, file = '/project/wangj/node819/Jaiman/Wulver/fa24/SimData/B3D.001.BX.R.018')
Fortran runtime error: I/O past end of record on unformatted file

Error termination. Backtrace:
At line 101 of file main.f90 (unit = 10, file = '/project/wangj/node819/Jaiman/Wulver/fa24/SimData/B3D.001.BX.R.018')
Fortran runtime error: I/O past end of record on unformatted file

Error termination. Backtrace:
#0  0x1555552c65c9 in read_block_direct
#0  0x1555552c65c9 in read_block_direct
	at ../../../libgfortran/io/transfer.c:789
#1  0x1555552c65c9 in unformatted_read
	at ../../../libgfortran/io/transfer.c:1129
#2  0x4025d6 in bline
	at /home/jdp46/github_MHD/ParticleTrace/HuuParticleTrace/main.f90:101
#3  0x403e85 in main
	at /home/jdp46/github_MHD/ParticleTrace/HuuParticleTrace/main.f90:236
	at ../../../libgfortran/io/transfer.c:789
#1  0x1555552c65c9 in unformatted_read
	at ../../../libgfortran/io/transfer.c:1129
#2  0x4025d6 in bline
	at /home/jdp46/github_MHD/ParticleTrace/HuuParticleTrace/main.f90:101
#3  0x403e85 in main
	at /home/jdp46/github_MHD/ParticleTrace/HuuParticleTrace/main.f90:236
#0  0x1555552c65c9 in read_block_direct
	at ../../../libgfortran/io/transfer.c:789
#1  0x1555552c65c9 in unformatted_read
	at ../../../libgfortran/io/transfer.c:1129
#2  0x4025d6 in bline
	at /home/jdp46/github_MHD/ParticleTrace/HuuParticleTrace/main.f90:101
#3  0x403e85 in main
	at /home/jdp46/github_MHD/ParticleTrace/HuuParticleTrace/main.f90:236
#0  0x1555552c65c9 in read_block_direct
	at ../../../libgfortran/io/transfer.c:789
#1  0x1555552c65c9 in unformatted_read
	at ../../../libgfortran/io/transfer.c:1129
#2  0x4025d6 in bline
	at /home/jdp46/github_MHD/ParticleTrace/HuuParticleTrace/main.f90:101
#3  0x403e85 in main
	at /home/jdp46/github_MHD/ParticleTrace/HuuParticleTrace/main.f90:236
#0  0x1555552c65c9 in read_block_direct
	at ../../../libgfortran/io/transfer.c:789
#1  0x1555552c65c9 in unformatted_read
	at ../../../libgfortran/io/transfer.c:1129
#2  0x4025d6 in bline
	at /home/jdp46/github_MHD/ParticleTrace/HuuParticleTrace/main.f90:101
#3  0x403e85 in main
	at /home/jdp46/github_MHD/ParticleTrace/HuuParticleTrace/main.f90:236
At line 101 of file main.f90 (unit = 10, file = '/project/wangj/node819/Jaiman/Wulver/fa24/SimData/B3D.001.BX.R.018')
Fortran runtime error: I/O past end of record on unformatted file

Error termination. Backtrace:
At line 101 of file main.f90 (unit = 10, file = '/project/wangj/node819/Jaiman/Wulver/fa24/SimData/B3D.001.BX.R.018')
Fortran runtime error: I/O past end of record on unformatted file

Error termination. Backtrace:
At line 101 of file main.f90 (unit = 10, file = '/project/wangj/node819/Jaiman/Wulver/fa24/SimData/B3D.001.BX.R.018')
Fortran runtime error: I/O past end of record on unformatted file

Error termination. Backtrace:
At line 101 of file main.f90 (unit = 10, file = '/project/wangj/node819/Jaiman/Wulver/fa24/SimData/B3D.001.BX.R.018')
Fortran runtime error: I/O past end of record on unformatted file

Error termination. Backtrace:
At line 101 of file main.f90 (unit = 10, file = '/project/wangj/node819/Jaiman/Wulver/fa24/SimData/B3D.001.BX.R.018')
At line 101 of file main.f90 (unit = 10, file = '/project/wangj/node819/Jaiman/Wulver/fa24/SimData/B3D.001.BX.R.018')
Fortran runtime error: I/O past end of record on unformatted file

Error termination. Backtrace:
At line 101 of file main.f90 (unit = 10, file = '/project/wangj/node819/Jaiman/Wulver/fa24/SimData/B3D.001.BX.R.018')
Fortran runtime error: I/O past end of record on unformatted file

Error termination. Backtrace:
Fortran runtime error: I/O past end of record on unformatted file

Error termination. Backtrace:
At line 101 of file main.f90 (unit = 10, file = '/project/wangj/node819/Jaiman/Wulver/fa24/SimData/B3D.001.BX.R.018')
Fortran runtime error: I/O past end of record on unformatted file

Error termination. Backtrace:
At line 101 of file main.f90 (unit = 10, file = '/project/wangj/node819/Jaiman/Wulver/fa24/SimData/B3D.001.BX.R.018')
Fortran runtime error: I/O past end of record on unformatted file

Error termination. Backtrace:
At line 101 of file main.f90 (unit = 10, file = '/project/wangj/node819/Jaiman/Wulver/fa24/SimData/B3D.001.BX.R.018')
Fortran runtime error: I/O past end of record on unformatted file

Error termination. Backtrace:
At line 101 of file main.f90 (unit = 10, file = '/project/wangj/node819/Jaiman/Wulver/fa24/SimData/B3D.001.BX.R.018')
At line 101 of file main.f90 (unit = 10, file = '/project/wangj/node819/Jaiman/Wulver/fa24/SimData/B3D.001.BX.R.018')
Fortran runtime error: I/O past end of record on unformatted file

Error termination. Backtrace:
Fortran runtime error: I/O past end of record on unformatted file

Error termination. Backtrace:
At line 101 of file main.f90 (unit = 10, file = '/project/wangj/node819/Jaiman/Wulver/fa24/SimData/B3D.001.BX.R.018')
Fortran runtime error: I/O past end of record on unformatted file

Error termination. Backtrace:
At line 101 of file main.f90 (unit = 10, file = '/project/wangj/node819/Jaiman/Wulver/fa24/SimData/B3D.001.BX.R.018')
At line 101 of file main.f90 (unit = 10, file = '/project/wangj/node819/Jaiman/Wulver/fa24/SimData/B3D.001.BX.R.018')
Fortran runtime error: I/O past end of record on unformatted file

Error termination. Backtrace:
At line 101 of file main.f90 (unit = 10, file = '/project/wangj/node819/Jaiman/Wulver/fa24/SimData/B3D.001.BX.R.018')
Fortran runtime error: I/O past end of record on unformatted file

Error termination. Backtrace:
Fortran runtime error: I/O past end of record on unformatted file

Error termination. Backtrace:
At line 101 of file main.f90 (unit = 10, file = '/project/wangj/node819/Jaiman/Wulver/fa24/SimData/B3D.001.BX.R.018')
Fortran runtime error: I/O past end of record on unformatted file

Error termination. Backtrace:
At line 101 of file main.f90 (unit = 10, file = '/project/wangj/node819/Jaiman/Wulver/fa24/SimData/B3D.001.BX.R.018')
Fortran runtime error: I/O past end of record on unformatted file

Error termination. Backtrace:
At line 101 of file main.f90 (unit = 10, file = '/project/wangj/node819/Jaiman/Wulver/fa24/SimData/B3D.001.BX.R.018')
Fortran runtime error: I/O past end of record on unformatted file

Error termination. Backtrace:
At line 101 of file main.f90 (unit = 10, file = '/project/wangj/node819/Jaiman/Wulver/fa24/SimData/B3D.001.BX.R.018')
At line 101 of file main.f90 (unit = 10, file = '/project/wangj/node819/Jaiman/Wulver/fa24/SimData/B3D.001.BX.R.018')
Fortran runtime error: I/O past end of record on unformatted file

Error termination. Backtrace:
At line 101 of file main.f90 (unit = 10, file = '/project/wangj/node819/Jaiman/Wulver/fa24/SimData/B3D.001.BX.R.018')
Fortran runtime error: I/O past end of record on unformatted file

Error termination. Backtrace:
At line 101 of file main.f90 (unit = 10, file = '/project/wangj/node819/Jaiman/Wulver/fa24/SimData/B3D.001.BX.R.018')
Fortran runtime error: I/O past end of record on unformatted file

Error termination. Backtrace:
Fortran runtime error: I/O past end of record on unformatted file

Error termination. Backtrace:
#0  0x1555552c65c9 in read_block_direct
	at ../../../libgfortran/io/transfer.c:789
#1  0x1555552c65c9 in unformatted_read
	at ../../../libgfortran/io/transfer.c:1129
#2  0x4025d6 in bline
	at /home/jdp46/github_MHD/ParticleTrace/HuuParticleTrace/main.f90:101
At line 101 of file main.f90 (unit = 10, file = '/project/wangj/node819/Jaiman/Wulver/fa24/SimData/B3D.001.BX.R.018')
Fortran runtime error: I/O past end of record on unformatted file

Error termination. Backtrace:
At line 101 of file main.f90 (unit = 10, file = '/project/wangj/node819/Jaiman/Wulver/fa24/SimData/B3D.001.BX.R.018')
Fortran runtime error: I/O past end of record on unformatted file

Error termination. Backtrace:
At line 101 of file main.f90 (unit = 10, file = '/project/wangj/node819/Jaiman/Wulver/fa24/SimData/B3D.001.BX.R.018')
Fortran runtime error: I/O past end of record on unformatted file

Error termination. Backtrace:
At line 101 of file main.f90 (unit = 10, file = '/project/wangj/node819/Jaiman/Wulver/fa24/SimData/B3D.001.BX.R.018')
Fortran runtime error: I/O past end of record on unformatted file

Error termination. Backtrace:
At line 101 of file main.f90 (unit = 10, file = '/project/wangj/node819/Jaiman/Wulver/fa24/SimData/B3D.001.BX.R.018')
Fortran runtime error: I/O past end of record on unformatted file

Error termination. Backtrace:
#3  0x403e85 in main
	at /home/jdp46/github_MHD/ParticleTrace/HuuParticleTrace/main.f90:236
At line 101 of file main.f90 (unit = 10, file = '/project/wangj/node819/Jaiman/Wulver/fa24/SimData/B3D.001.BX.R.018')
Fortran runtime error: I/O past end of record on unformatted file

Error termination. Backtrace:
At line 101 of file main.f90 (unit = 10, file = '/project/wangj/node819/Jaiman/Wulver/fa24/SimData/B3D.001.BX.R.018')
Fortran runtime error: I/O past end of record on unformatted file

Error termination. Backtrace:
At line 101 of file main.f90 (unit = 10, file = '/project/wangj/node819/Jaiman/Wulver/fa24/SimData/B3D.001.BX.R.018')
Fortran runtime error: I/O past end of record on unformatted file

Error termination. Backtrace:
At line 101 of file main.f90 (unit = 10, file = '/project/wangj/node819/Jaiman/Wulver/fa24/SimData/B3D.001.BX.R.018')
Fortran runtime error: I/O past end of record on unformatted file

Error termination. Backtrace:
At line 101 of file main.f90 (unit = 10, file = '/project/wangj/node819/Jaiman/Wulver/fa24/SimData/B3D.001.BX.R.018')
Fortran runtime error: I/O past end of record on unformatted file

Error termination. Backtrace:
At line 101 of file main.f90 (unit = 10, file = '/project/wangj/node819/Jaiman/Wulver/fa24/SimData/B3D.001.BX.R.018')
Fortran runtime error: I/O past end of record on unformatted file

Error termination. Backtrace:
At line 101 of file main.f90 (unit = 10, file = '/project/wangj/node819/Jaiman/Wulver/fa24/SimData/B3D.001.BX.R.018')
Fortran runtime error: I/O past end of record on unformatted file

Error termination. Backtrace:
At line 101 of file main.f90 (unit = 10, file = '/project/wangj/node819/Jaiman/Wulver/fa24/SimData/B3D.001.BX.R.018')
Fortran runtime error: I/O past end of record on unformatted file

Error termination. Backtrace:
At line 101 of file main.f90 (unit = 10, file = '/project/wangj/node819/Jaiman/Wulver/fa24/SimData/B3D.001.BX.R.018')
Fortran runtime error: I/O past end of record on unformatted file

Error termination. Backtrace:
At line 101 of file main.f90 (unit = 10, file = '/project/wangj/node819/Jaiman/Wulver/fa24/SimData/B3D.001.BX.R.018')
Fortran runtime error: I/O past end of record on unformatted file

Error termination. Backtrace:
At line 101 of file main.f90 (unit = 10, file = '/project/wangj/node819/Jaiman/Wulver/fa24/SimData/B3D.001.BX.R.018')
Fortran runtime error: I/O past end of record on unformatted file

Error termination. Backtrace:
At line 101 of file main.f90 (unit = 10, file = '/project/wangj/node819/Jaiman/Wulver/fa24/SimData/B3D.001.BX.R.018')
At line 101 of file main.f90 (unit = 10, file = '/project/wangj/node819/Jaiman/Wulver/fa24/SimData/B3D.001.BX.R.018')
Fortran runtime error: I/O past end of record on unformatted file

Error termination. Backtrace:
At line 101 of file main.f90 (unit = 10, file = '/project/wangj/node819/Jaiman/Wulver/fa24/SimData/B3D.001.BX.R.018')
Fortran runtime error: I/O past end of record on unformatted file

Error termination. Backtrace:
At line 101 of file main.f90 (unit = 10, file = '/project/wangj/node819/Jaiman/Wulver/fa24/SimData/B3D.001.BX.R.018')
Fortran runtime error: I/O past end of record on unformatted file

Error termination. Backtrace:
Fortran runtime error: I/O past end of record on unformatted file

Error termination. Backtrace:
#0  0x1555552c65c9 in read_block_direct
	at ../../../libgfortran/io/transfer.c:789
#1  0x1555552c65c9 in unformatted_read
	at ../../../libgfortran/io/transfer.c:1129
#2  0x4025d6 in bline
	at /home/jdp46/github_MHD/ParticleTrace/HuuParticleTrace/main.f90:101
#3  0x403e85 in main
	at /home/jdp46/github_MHD/ParticleTrace/HuuParticleTrace/main.f90:236
#0  0x1555552c65c9 in read_block_direct
	at ../../../libgfortran/io/transfer.c:789
#1  0x1555552c65c9 in unformatted_read
	at ../../../libgfortran/io/transfer.c:1129
#2  0x4025d6 in bline
	at /home/jdp46/github_MHD/ParticleTrace/HuuParticleTrace/main.f90:101
#3  0x403e85 in main
	at /home/jdp46/github_MHD/ParticleTrace/HuuParticleTrace/main.f90:236
#0  0x1555552c65c9 in read_block_direct
#0  0x1555552c65c9 in read_block_direct
	at ../../../libgfortran/io/transfer.c:789
#1  0x1555552c65c9 in unformatted_read
	at ../../../libgfortran/io/transfer.c:1129
#2  0x4025d6 in bline
	at /home/jdp46/github_MHD/ParticleTrace/HuuParticleTrace/main.f90:101
#3  0x403e85 in main
	at /home/jdp46/github_MHD/ParticleTrace/HuuParticleTrace/main.f90:236
#0  0x1555552c65c9 in read_block_direct
	at ../../../libgfortran/io/transfer.c:789
#1  0x1555552c65c9 in unformatted_read
	at ../../../libgfortran/io/transfer.c:1129
#2  0x4025d6 in bline
	at /home/jdp46/github_MHD/ParticleTrace/HuuParticleTrace/main.f90:101
#3  0x403e85 in main
	at /home/jdp46/github_MHD/ParticleTrace/HuuParticleTrace/main.f90:236
	at ../../../libgfortran/io/transfer.c:789
#0  0x1555552c65c9 in read_block_direct
	at ../../../libgfortran/io/transfer.c:789
#1  0x1555552c65c9 in unformatted_read
	at ../../../libgfortran/io/transfer.c:1129
#2  0x4025d6 in bline
	at /home/jdp46/github_MHD/ParticleTrace/HuuParticleTrace/main.f90:101
#3  0x403e85 in main
	at /home/jdp46/github_MHD/ParticleTrace/HuuParticleTrace/main.f90:236
#0  0x1555552c65c9 in read_block_direct
	at ../../../libgfortran/io/transfer.c:789
#1  0x1555552c65c9 in unformatted_read
	at ../../../libgfortran/io/transfer.c:1129
#2  0x4025d6 in bline
	at /home/jdp46/github_MHD/ParticleTrace/HuuParticleTrace/main.f90:101
#3  0x403e85 in main
	at /home/jdp46/github_MHD/ParticleTrace/HuuParticleTrace/main.f90:236
#1  0x1555552c65c9 in unformatted_read
	at ../../../libgfortran/io/transfer.c:1129
#2  0x4025d6 in bline
	at /home/jdp46/github_MHD/ParticleTrace/HuuParticleTrace/main.f90:101
#3  0x403e85 in main
	at /home/jdp46/github_MHD/ParticleTrace/HuuParticleTrace/main.f90:236
#0  0x1555552c65c9 in read_block_direct
	at ../../../libgfortran/io/transfer.c:789
#1  0x1555552c65c9 in unformatted_read
	at ../../../libgfortran/io/transfer.c:1129
#0  0x1555552c65c9 in read_block_direct
	at ../../../libgfortran/io/transfer.c:789
#1  0x1555552c65c9 in unformatted_read
	at ../../../libgfortran/io/transfer.c:1129
#0  0x1555552c65c9 in read_block_direct
	at ../../../libgfortran/io/transfer.c:789
#1  0x1555552c65c9 in unformatted_read
	at ../../../libgfortran/io/transfer.c:1129
#2  0x4025d6 in bline
	at /home/jdp46/github_MHD/ParticleTrace/HuuParticleTrace/main.f90:101
#3  0x403e85 in main
	at /home/jdp46/github_MHD/ParticleTrace/HuuParticleTrace/main.f90:236
#0  0x1555552c65c9 in read_block_direct
	at ../../../libgfortran/io/transfer.c:789
#1  0x1555552c65c9 in unformatted_read
	at ../../../libgfortran/io/transfer.c:1129
#2  0x4025d6 in bline
	at /home/jdp46/github_MHD/ParticleTrace/HuuParticleTrace/main.f90:101
#3  0x403e85 in main
	at /home/jdp46/github_MHD/ParticleTrace/HuuParticleTrace/main.f90:236
#2  0x4025d6 in bline
	at /home/jdp46/github_MHD/ParticleTrace/HuuParticleTrace/main.f90:101
#3  0x403e85 in main
	at /home/jdp46/github_MHD/ParticleTrace/HuuParticleTrace/main.f90:236
#2  0x4025d6 in bline
	at /home/jdp46/github_MHD/ParticleTrace/HuuParticleTrace/main.f90:101
#3  0x403e85 in main
	at /home/jdp46/github_MHD/ParticleTrace/HuuParticleTrace/main.f90:236
#0  0x1555552c65c9 in read_block_direct
	at ../../../libgfortran/io/transfer.c:789
#1  0x1555552c65c9 in unformatted_read
	at ../../../libgfortran/io/transfer.c:1129
#2  0x4025d6 in bline
	at /home/jdp46/github_MHD/ParticleTrace/HuuParticleTrace/main.f90:101
#3  0x403e85 in main
	at /home/jdp46/github_MHD/ParticleTrace/HuuParticleTrace/main.f90:236
#0  0x1555552c65c9 in read_block_direct
	at ../../../libgfortran/io/transfer.c:789
#1  0x1555552c65c9 in unformatted_read
	at ../../../libgfortran/io/transfer.c:1129
#2  0x4025d6 in bline
	at /home/jdp46/github_MHD/ParticleTrace/HuuParticleTrace/main.f90:101
#3  0x403e85 in main
	at /home/jdp46/github_MHD/ParticleTrace/HuuParticleTrace/main.f90:236
#0  0x1555552c65c9 in read_block_direct
	at ../../../libgfortran/io/transfer.c:789
#1  0x1555552c65c9 in unformatted_read
	at ../../../libgfortran/io/transfer.c:1129
#2  0x4025d6 in bline
	at /home/jdp46/github_MHD/ParticleTrace/HuuParticleTrace/main.f90:101
#0  0x1555552c65c9 in read_block_direct
	at ../../../libgfortran/io/transfer.c:789
#1  0x1555552c65c9 in unformatted_read
	at ../../../libgfortran/io/transfer.c:1129
#3  0x403e85 in main
	at /home/jdp46/github_MHD/ParticleTrace/HuuParticleTrace/main.f90:236
#2  0x4025d6 in bline
	at /home/jdp46/github_MHD/ParticleTrace/HuuParticleTrace/main.f90:101
#3  0x403e85 in main
	at /home/jdp46/github_MHD/ParticleTrace/HuuParticleTrace/main.f90:236
#0  0x1555552c65c9 in read_block_direct
	at ../../../libgfortran/io/transfer.c:789
#1  0x1555552c65c9 in unformatted_read
	at ../../../libgfortran/io/transfer.c:1129
#0  0x1555552c65c9 in read_block_direct
	at ../../../libgfortran/io/transfer.c:789
#1  0x1555552c65c9 in unformatted_read
	at ../../../libgfortran/io/transfer.c:1129
#2  0x4025d6 in bline
	at /home/jdp46/github_MHD/ParticleTrace/HuuParticleTrace/main.f90:101
#3  0x403e85 in main
	at /home/jdp46/github_MHD/ParticleTrace/HuuParticleTrace/main.f90:236
#2  0x4025d6 in bline
	at /home/jdp46/github_MHD/ParticleTrace/HuuParticleTrace/main.f90:101
#3  0x403e85 in main
	at /home/jdp46/github_MHD/ParticleTrace/HuuParticleTrace/main.f90:236
#0  0x1555552c65c9 in read_block_direct
	at ../../../libgfortran/io/transfer.c:789
#1  0x1555552c65c9 in unformatted_read
	at ../../../libgfortran/io/transfer.c:1129
#2  0x4025d6 in bline
	at /home/jdp46/github_MHD/ParticleTrace/HuuParticleTrace/main.f90:101
#3  0x403e85 in main
	at /home/jdp46/github_MHD/ParticleTrace/HuuParticleTrace/main.f90:236
#0  0x1555552c65c9 in read_block_direct
	at ../../../libgfortran/io/transfer.c:789
#1  0x1555552c65c9 in unformatted_read
	at ../../../libgfortran/io/transfer.c:1129
#2  0x4025d6 in bline
	at /home/jdp46/github_MHD/ParticleTrace/HuuParticleTrace/main.f90:101
#3  0x403e85 in main
	at /home/jdp46/github_MHD/ParticleTrace/HuuParticleTrace/main.f90:236
#0  0x1555552c65c9 in read_block_direct
	at ../../../libgfortran/io/transfer.c:789
#1  0x1555552c65c9 in unformatted_read
	at ../../../libgfortran/io/transfer.c:1129
#2  0x4025d6 in bline
	at /home/jdp46/github_MHD/ParticleTrace/HuuParticleTrace/main.f90:101
#3  0x403e85 in main
	at /home/jdp46/github_MHD/ParticleTrace/HuuParticleTrace/main.f90:236
#0  0x1555552c65c9 in read_block_direct
	at ../../../libgfortran/io/transfer.c:789
#1  0x1555552c65c9 in unformatted_read
	at ../../../libgfortran/io/transfer.c:1129
#2  0x4025d6 in bline
	at /home/jdp46/github_MHD/ParticleTrace/HuuParticleTrace/main.f90:101
#3  0x403e85 in main
	at /home/jdp46/github_MHD/ParticleTrace/HuuParticleTrace/main.f90:236
#0  0x1555552c65c9 in read_block_direct
	at ../../../libgfortran/io/transfer.c:789
#1  0x1555552c65c9 in unformatted_read
	at ../../../libgfortran/io/transfer.c:1129
#2  0x4025d6 in bline
	at /home/jdp46/github_MHD/ParticleTrace/HuuParticleTrace/main.f90:101
#3  0x403e85 in main
	at /home/jdp46/github_MHD/ParticleTrace/HuuParticleTrace/main.f90:236
#0  0x1555552c65c9 in read_block_direct
	at ../../../libgfortran/io/transfer.c:789
#1  0x1555552c65c9 in unformatted_read
	at ../../../libgfortran/io/transfer.c:1129
#2  0x4025d6 in bline
	at /home/jdp46/github_MHD/ParticleTrace/HuuParticleTrace/main.f90:101
#3  0x403e85 in main
	at /home/jdp46/github_MHD/ParticleTrace/HuuParticleTrace/main.f90:236
#0  0x1555552c65c9 in read_block_direct
	at ../../../libgfortran/io/transfer.c:789
#1  0x1555552c65c9 in unformatted_read
	at ../../../libgfortran/io/transfer.c:1129
#0  0x1555552c65c9 in read_block_direct
	at ../../../libgfortran/io/transfer.c:789
#1  0x1555552c65c9 in unformatted_read
	at ../../../libgfortran/io/transfer.c:1129
#0  0x1555552c65c9 in read_block_direct
	at ../../../libgfortran/io/transfer.c:789
#1  0x1555552c65c9 in unformatted_read
	at ../../../libgfortran/io/transfer.c:1129
#2  0x4025d6 in bline
	at /home/jdp46/github_MHD/ParticleTrace/HuuParticleTrace/main.f90:101
#3  0x403e85 in main
	at /home/jdp46/github_MHD/ParticleTrace/HuuParticleTrace/main.f90:236
#2  0x4025d6 in bline
	at /home/jdp46/github_MHD/ParticleTrace/HuuParticleTrace/main.f90:101
#3  0x403e85 in main
	at /home/jdp46/github_MHD/ParticleTrace/HuuParticleTrace/main.f90:236
#2  0x4025d6 in bline
	at /home/jdp46/github_MHD/ParticleTrace/HuuParticleTrace/main.f90:101
#3  0x403e85 in main
	at /home/jdp46/github_MHD/ParticleTrace/HuuParticleTrace/main.f90:236
#0  0x1555552c65c9 in read_block_direct
	at ../../../libgfortran/io/transfer.c:789
#1  0x1555552c65c9 in unformatted_read
	at ../../../libgfortran/io/transfer.c:1129
#2  0x4025d6 in bline
	at /home/jdp46/github_MHD/ParticleTrace/HuuParticleTrace/main.f90:101
#3  0x403e85 in main
	at /home/jdp46/github_MHD/ParticleTrace/HuuParticleTrace/main.f90:236
#0  0x1555552c65c9 in read_block_direct
	at ../../../libgfortran/io/transfer.c:789
#1  0x1555552c65c9 in unformatted_read
	at ../../../libgfortran/io/transfer.c:1129
#0  0x1555552c65c9 in read_block_direct
	at ../../../libgfortran/io/transfer.c:789
#1  0x1555552c65c9 in unformatted_read
	at ../../../libgfortran/io/transfer.c:1129
#2  0x4025d6 in bline
	at /home/jdp46/github_MHD/ParticleTrace/HuuParticleTrace/main.f90:101
#3  0x403e85 in main
	at /home/jdp46/github_MHD/ParticleTrace/HuuParticleTrace/main.f90:236
#2  0x4025d6 in bline
	at /home/jdp46/github_MHD/ParticleTrace/HuuParticleTrace/main.f90:101
#3  0x403e85 in main
	at /home/jdp46/github_MHD/ParticleTrace/HuuParticleTrace/main.f90:236
#0  0x1555552c65c9 in read_block_direct
	at ../../../libgfortran/io/transfer.c:789
#1  0x1555552c65c9 in unformatted_read
	at ../../../libgfortran/io/transfer.c:1129
#0  0x1555552c65c9 in read_block_direct
	at ../../../libgfortran/io/transfer.c:789
#1  0x1555552c65c9 in unformatted_read
	at ../../../libgfortran/io/transfer.c:1129
#2  0x4025d6 in bline
	at /home/jdp46/github_MHD/ParticleTrace/HuuParticleTrace/main.f90:101
#3  0x403e85 in main
	at /home/jdp46/github_MHD/ParticleTrace/HuuParticleTrace/main.f90:236
#2  0x4025d6 in bline
	at /home/jdp46/github_MHD/ParticleTrace/HuuParticleTrace/main.f90:101
#3  0x403e85 in main
	at /home/jdp46/github_MHD/ParticleTrace/HuuParticleTrace/main.f90:236
#0  0x1555552c65c9 in read_block_direct
	at ../../../libgfortran/io/transfer.c:789
#1  0x1555552c65c9 in unformatted_read
	at ../../../libgfortran/io/transfer.c:1129
#0  0x1555552c65c9 in read_block_direct
	at ../../../libgfortran/io/transfer.c:789
#1  0x1555552c65c9 in unformatted_read
	at ../../../libgfortran/io/transfer.c:1129
#0  0x1555552c65c9 in read_block_direct
	at ../../../libgfortran/io/transfer.c:789
#1  0x1555552c65c9 in unformatted_read
	at ../../../libgfortran/io/transfer.c:1129
#2  0x4025d6 in bline
	at /home/jdp46/github_MHD/ParticleTrace/HuuParticleTrace/main.f90:101
#3  0x403e85 in main
	at /home/jdp46/github_MHD/ParticleTrace/HuuParticleTrace/main.f90:236
#2  0x4025d6 in bline
	at /home/jdp46/github_MHD/ParticleTrace/HuuParticleTrace/main.f90:101
#3  0x403e85 in main
	at /home/jdp46/github_MHD/ParticleTrace/HuuParticleTrace/main.f90:236
#2  0x4025d6 in bline
	at /home/jdp46/github_MHD/ParticleTrace/HuuParticleTrace/main.f90:101
#3  0x403e85 in main
	at /home/jdp46/github_MHD/ParticleTrace/HuuParticleTrace/main.f90:236
#0  0x1555552c65c9 in read_block_direct
	at ../../../libgfortran/io/transfer.c:789
#1  0x1555552c65c9 in unformatted_read
	at ../../../libgfortran/io/transfer.c:1129
#2  0x4025d6 in bline
	at /home/jdp46/github_MHD/ParticleTrace/HuuParticleTrace/main.f90:101
#3  0x403e85 in main
	at /home/jdp46/github_MHD/ParticleTrace/HuuParticleTrace/main.f90:236
#0  0x1555552c65c9 in read_block_direct
	at ../../../libgfortran/io/transfer.c:789
#1  0x1555552c65c9 in unformatted_read
	at ../../../libgfortran/io/transfer.c:1129
#2  0x4025d6 in bline
	at /home/jdp46/github_MHD/ParticleTrace/HuuParticleTrace/main.f90:101
#3  0x403e85 in main
	at /home/jdp46/github_MHD/ParticleTrace/HuuParticleTrace/main.f90:236
#0  0x1555552c65c9 in read_block_direct
	at ../../../libgfortran/io/transfer.c:789
#0  0x1555552c65c9 in read_block_direct
	at ../../../libgfortran/io/transfer.c:789
#1  0x1555552c65c9 in unformatted_read
	at ../../../libgfortran/io/transfer.c:1129
#0  0x1555552c65c9 in read_block_direct
	at ../../../libgfortran/io/transfer.c:789
#1  0x1555552c65c9 in unformatted_read
	at ../../../libgfortran/io/transfer.c:1129
#2  0x4025d6 in bline
	at /home/jdp46/github_MHD/ParticleTrace/HuuParticleTrace/main.f90:101
#3  0x403e85 in main
	at /home/jdp46/github_MHD/ParticleTrace/HuuParticleTrace/main.f90:236
#2  0x4025d6 in bline
	at /home/jdp46/github_MHD/ParticleTrace/HuuParticleTrace/main.f90:101
#3  0x403e85 in main
	at /home/jdp46/github_MHD/ParticleTrace/HuuParticleTrace/main.f90:236
#1  0x1555552c65c9 in unformatted_read
	at ../../../libgfortran/io/transfer.c:1129
#0  0x1555552c65c9 in read_block_direct
	at ../../../libgfortran/io/transfer.c:789
#1  0x1555552c65c9 in unformatted_read
	at ../../../libgfortran/io/transfer.c:1129
#2  0x4025d6 in bline
	at /home/jdp46/github_MHD/ParticleTrace/HuuParticleTrace/main.f90:101
#3  0x403e85 in main
	at /home/jdp46/github_MHD/ParticleTrace/HuuParticleTrace/main.f90:236
#0  0x1555552c65c9 in read_block_direct
	at ../../../libgfortran/io/transfer.c:789
#1  0x1555552c65c9 in unformatted_read
	at ../../../libgfortran/io/transfer.c:1129
#2  0x4025d6 in bline
	at /home/jdp46/github_MHD/ParticleTrace/HuuParticleTrace/main.f90:101
#3  0x403e85 in main
	at /home/jdp46/github_MHD/ParticleTrace/HuuParticleTrace/main.f90:236
#0  0x1555552c65c9 in read_block_direct
	at ../../../libgfortran/io/transfer.c:789
#1  0x1555552c65c9 in unformatted_read
	at ../../../libgfortran/io/transfer.c:1129
#2  0x4025d6 in bline
	at /home/jdp46/github_MHD/ParticleTrace/HuuParticleTrace/main.f90:101
#3  0x403e85 in main
	at /home/jdp46/github_MHD/ParticleTrace/HuuParticleTrace/main.f90:236
#2  0x4025d6 in bline
	at /home/jdp46/github_MHD/ParticleTrace/HuuParticleTrace/main.f90:101
#3  0x403e85 in main
	at /home/jdp46/github_MHD/ParticleTrace/HuuParticleTrace/main.f90:236
srun: error: n0009: tasks 0-47: Exited with exit code 2
