At line 96 of file main.f90 (unit = 11)
Fortran runtime error: Cannot open file '/project/wangj/node819/Jaiman/Wulver/sp24/ram_4_24/HuuTest/B3D.001.BX.R.000': No such file or directory

Error termination. Backtrace:
At line 96 of file main.f90 (unit = 11)
Fortran runtime error: Cannot open file '/project/wangj/node819/Jaiman/Wulver/sp24/ram_4_24/HuuTest/B3D.001.BX.R.000': No such file or directory

Error termination. Backtrace:
At line 96 of file main.f90 (unit = 11)
Fortran runtime error: Cannot open file '/project/wangj/node819/Jaiman/Wulver/sp24/ram_4_24/HuuTest/B3D.001.BX.R.000': No such file or directory

Error termination. Backtrace:
At line 96 of file main.f90 (unit = 11)
Fortran runtime error: Cannot open file '/project/wangj/node819/Jaiman/Wulver/sp24/ram_4_24/HuuTest/B3D.001.BX.R.000': No such file or directory

Error termination. Backtrace:
At line 96 of file main.f90 (unit = 11)
Fortran runtime error: Cannot open file '/project/wangj/node819/Jaiman/Wulver/sp24/ram_4_24/HuuTest/B3D.001.BX.R.000': No such file or directory

Error termination. Backtrace:
At line 96 of file main.f90 (unit = 11)
Fortran runtime error: Cannot open file '/project/wangj/node819/Jaiman/Wulver/sp24/ram_4_24/HuuTest/B3D.001.BX.R.000': No such file or directory

Error termination. Backtrace:
At line 96 of file main.f90 (unit = 11)
Fortran runtime error: Cannot open file '/project/wangj/node819/Jaiman/Wulver/sp24/ram_4_24/HuuTest/B3D.001.BX.R.000': No such file or directory

Error termination. Backtrace:
At line 96 of file main.f90 (unit = 11)
Fortran runtime error: Cannot open file '/project/wangj/node819/Jaiman/Wulver/sp24/ram_4_24/HuuTest/B3D.001.BX.R.000': No such file or directory

Error termination. Backtrace:
At line 96 of file main.f90 (unit = 11)
Fortran runtime error: Cannot open file '/project/wangj/node819/Jaiman/Wulver/sp24/ram_4_24/HuuTest/B3D.001.BX.R.000': No such file or directory

Error termination. Backtrace:
At line 96 of file main.f90 (unit = 11)
Fortran runtime error: Cannot open file '/project/wangj/node819/Jaiman/Wulver/sp24/ram_4_24/HuuTest/B3D.001.BX.R.000': No such file or directory

Error termination. Backtrace:
At line 96 of file main.f90 (unit = 11)
Fortran runtime error: Cannot open file '/project/wangj/node819/Jaiman/Wulver/sp24/ram_4_24/HuuTest/B3D.001.BX.R.000': No such file or directory

Error termination. Backtrace:
At line 96 of file main.f90 (unit = 11)
Fortran runtime error: Cannot open file '/project/wangj/node819/Jaiman/Wulver/sp24/ram_4_24/HuuTest/B3D.001.BX.R.000': No such file or directory

Error termination. Backtrace:
At line 96 of file main.f90 (unit = 11)
Fortran runtime error: Cannot open file '/project/wangj/node819/Jaiman/Wulver/sp24/ram_4_24/HuuTest/B3D.001.BX.R.000': No such file or directory

Error termination. Backtrace:
At line 96 of file main.f90 (unit = 11)
Fortran runtime error: Cannot open file '/project/wangj/node819/Jaiman/Wulver/sp24/ram_4_24/HuuTest/B3D.001.BX.R.000': No such file or directory

Error termination. Backtrace:
At line 96 of file main.f90 (unit = 11)
Fortran runtime error: Cannot open file '/project/wangj/node819/Jaiman/Wulver/sp24/ram_4_24/HuuTest/B3D.001.BX.R.000': No such file or directory

Error termination. Backtrace:
At line 96 of file main.f90 (unit = 11)
Fortran runtime error: Cannot open file '/project/wangj/node819/Jaiman/Wulver/sp24/ram_4_24/HuuTest/B3D.001.BX.R.000': No such file or directory

Error termination. Backtrace:
At line 96 of file main.f90 (unit = 11)
Fortran runtime error: Cannot open file '/project/wangj/node819/Jaiman/Wulver/sp24/ram_4_24/HuuTest/B3D.001.BX.R.000': No such file or directory

Error termination. Backtrace:
At line 96 of file main.f90 (unit = 11)
Fortran runtime error: Cannot open file '/project/wangj/node819/Jaiman/Wulver/sp24/ram_4_24/HuuTest/B3D.001.BX.R.000': No such file or directory

Error termination. Backtrace:
At line 96 of file main.f90 (unit = 11)
Fortran runtime error: Cannot open file '/project/wangj/node819/Jaiman/Wulver/sp24/ram_4_24/HuuTest/B3D.001.BX.R.000': No such file or directory

Error termination. Backtrace:
At line 96 of file main.f90 (unit = 11)
Fortran runtime error: Cannot open file '/project/wangj/node819/Jaiman/Wulver/sp24/ram_4_24/HuuTest/B3D.001.BX.R.000': No such file or directory

Error termination. Backtrace:
At line 96 of file main.f90 (unit = 11)
Fortran runtime error: Cannot open file '/project/wangj/node819/Jaiman/Wulver/sp24/ram_4_24/HuuTest/B3D.001.BX.R.000': No such file or directory

Error termination. Backtrace:
At line 96 of file main.f90 (unit = 11)
Fortran runtime error: Cannot open file '/project/wangj/node819/Jaiman/Wulver/sp24/ram_4_24/HuuTest/B3D.001.BX.R.000': No such file or directory

Error termination. Backtrace:
At line 96 of file main.f90 (unit = 11)
Fortran runtime error: Cannot open file '/project/wangj/node819/Jaiman/Wulver/sp24/ram_4_24/HuuTest/B3D.001.BX.R.000': No such file or directory

Error termination. Backtrace:
At line 96 of file main.f90 (unit = 11)
Fortran runtime error: Cannot open file '/project/wangj/node819/Jaiman/Wulver/sp24/ram_4_24/HuuTest/B3D.001.BX.R.000': No such file or directory

Error termination. Backtrace:
At line 96 of file main.f90 (unit = 11)
Fortran runtime error: Cannot open file '/project/wangj/node819/Jaiman/Wulver/sp24/ram_4_24/HuuTest/B3D.001.BX.R.000': No such file or directory

Error termination. Backtrace:
At line 96 of file main.f90 (unit = 11)
Fortran runtime error: Cannot open file '/project/wangj/node819/Jaiman/Wulver/sp24/ram_4_24/HuuTest/B3D.001.BX.R.000': No such file or directory

Error termination. Backtrace:
At line 96 of file main.f90 (unit = 11)
Fortran runtime error: Cannot open file '/project/wangj/node819/Jaiman/Wulver/sp24/ram_4_24/HuuTest/B3D.001.BX.R.000': No such file or directory

Error termination. Backtrace:
At line 96 of file main.f90 (unit = 11)
Fortran runtime error: Cannot open file '/project/wangj/node819/Jaiman/Wulver/sp24/ram_4_24/HuuTest/B3D.001.BX.R.000': No such file or directory

Error termination. Backtrace:
At line 96 of file main.f90 (unit = 11)
Fortran runtime error: Cannot open file '/project/wangj/node819/Jaiman/Wulver/sp24/ram_4_24/HuuTest/B3D.001.BX.R.000': No such file or directory

Error termination. Backtrace:
At line 96 of file main.f90 (unit = 11)
Fortran runtime error: Cannot open file '/project/wangj/node819/Jaiman/Wulver/sp24/ram_4_24/HuuTest/B3D.001.BX.R.000': No such file or directory

Error termination. Backtrace:
At line 96 of file main.f90 (unit = 11)
Fortran runtime error: Cannot open file '/project/wangj/node819/Jaiman/Wulver/sp24/ram_4_24/HuuTest/B3D.001.BX.R.000': No such file or directory

Error termination. Backtrace:
At line 96 of file main.f90 (unit = 11)
Fortran runtime error: Cannot open file '/project/wangj/node819/Jaiman/Wulver/sp24/ram_4_24/HuuTest/B3D.001.BX.R.000': No such file or directory

Error termination. Backtrace:
At line 96 of file main.f90 (unit = 11)
Fortran runtime error: Cannot open file '/project/wangj/node819/Jaiman/Wulver/sp24/ram_4_24/HuuTest/B3D.001.BX.R.000': No such file or directory

Error termination. Backtrace:
At line 96 of file main.f90 (unit = 11)
Fortran runtime error: Cannot open file '/project/wangj/node819/Jaiman/Wulver/sp24/ram_4_24/HuuTest/B3D.001.BX.R.000': No such file or directory

Error termination. Backtrace:
At line 96 of file main.f90 (unit = 11)
Fortran runtime error: Cannot open file '/project/wangj/node819/Jaiman/Wulver/sp24/ram_4_24/HuuTest/B3D.001.BX.R.000': No such file or directory

Error termination. Backtrace:
At line 96 of file main.f90 (unit = 11)
Fortran runtime error: Cannot open file '/project/wangj/node819/Jaiman/Wulver/sp24/ram_4_24/HuuTest/B3D.001.BX.R.000': No such file or directory

Error termination. Backtrace:
At line 96 of file main.f90 (unit = 11)
Fortran runtime error: Cannot open file '/project/wangj/node819/Jaiman/Wulver/sp24/ram_4_24/HuuTest/B3D.001.BX.R.000': No such file or directory

Error termination. Backtrace:
At line 96 of file main.f90 (unit = 11)
Fortran runtime error: Cannot open file '/project/wangj/node819/Jaiman/Wulver/sp24/ram_4_24/HuuTest/B3D.001.BX.R.000': No such file or directory

Error termination. Backtrace:
At line 96 of file main.f90 (unit = 11)
Fortran runtime error: Cannot open file '/project/wangj/node819/Jaiman/Wulver/sp24/ram_4_24/HuuTest/B3D.001.BX.R.000': No such file or directory

Error termination. Backtrace:
At line 96 of file main.f90 (unit = 11)
Fortran runtime error: Cannot open file '/project/wangj/node819/Jaiman/Wulver/sp24/ram_4_24/HuuTest/B3D.001.BX.R.000': No such file or directory

Error termination. Backtrace:
At line 96 of file main.f90 (unit = 11)
Fortran runtime error: Cannot open file '/project/wangj/node819/Jaiman/Wulver/sp24/ram_4_24/HuuTest/B3D.001.BX.R.000': No such file or directory

Error termination. Backtrace:
#0  0x1555552c03fd in already_open
	at ../../../libgfortran/io/open.c:742
#1  0x4024af in ???
#2  0x403e92 in ???
#3  0x1555548e3ca2 in ???
#4  0x4011ad in ???
#5  0xffffffffffffffff in ???
#0  0x1555552c03fd in already_open
	at ../../../libgfortran/io/open.c:742
#1  0x4024af in ???
#2  0x403e92 in ???
#3  0x1555548e3ca2 in ???
#4  0x4011ad in ???
#5  0xffffffffffffffff in ???
#0  0x1555552c03fd in already_open
	at ../../../libgfortran/io/open.c:742
#1  0x4024af in ???
#2  0x403e92 in ???
#3  0x1555548e3ca2 in ???
#4  0x4011ad in ???
#5  0xffffffffffffffff in ???
At line 96 of file main.f90 (unit = 11)
Fortran runtime error: Cannot open file '/project/wangj/node819/Jaiman/Wulver/sp24/ram_4_24/HuuTest/B3D.001.BX.R.000': No such file or directory

Error termination. Backtrace:
At line 96 of file main.f90 (unit = 11)
Fortran runtime error: Cannot open file '/project/wangj/node819/Jaiman/Wulver/sp24/ram_4_24/HuuTest/B3D.001.BX.R.000': No such file or directory

Error termination. Backtrace:
At line 96 of file main.f90 (unit = 11)
Fortran runtime error: Cannot open file '/project/wangj/node819/Jaiman/Wulver/sp24/ram_4_24/HuuTest/B3D.001.BX.R.000': No such file or directory

Error termination. Backtrace:
At line 96 of file main.f90 (unit = 11)
Fortran runtime error: Cannot open file '/project/wangj/node819/Jaiman/Wulver/sp24/ram_4_24/HuuTest/B3D.001.BX.R.000': No such file or directory

Error termination. Backtrace:
At line 96 of file main.f90 (unit = 11)
Fortran runtime error: Cannot open file '/project/wangj/node819/Jaiman/Wulver/sp24/ram_4_24/HuuTest/B3D.001.BX.R.000': No such file or directory

Error termination. Backtrace:
At line 96 of file main.f90 (unit = 11)
Fortran runtime error: Cannot open file '/project/wangj/node819/Jaiman/Wulver/sp24/ram_4_24/HuuTest/B3D.001.BX.R.000': No such file or directory

Error termination. Backtrace:
At line 96 of file main.f90 (unit = 11)
#0  0x1555552c03fd in already_open
	at ../../../libgfortran/io/open.c:742
#1  0x4024af in ???
#2  0x403e92 in ???
#3  0x1555548e3ca2 in ???
#4  0x4011ad in ???
#5  0xffffffffffffffff in ???
Fortran runtime error: Cannot open file '/project/wangj/node819/Jaiman/Wulver/sp24/ram_4_24/HuuTest/B3D.001.BX.R.000': No such file or directory

Error termination. Backtrace:
#0  0x1555552c03fd in already_open
#0  0x1555552c03fd in already_open
	at ../../../libgfortran/io/open.c:742
#1  0x4024af in ???
#2  0x403e92 in ???
#3  0x1555548e3ca2 in ???
#4  0x4011ad in ???
	at ../../../libgfortran/io/open.c:742
#1  0x4024af in ???
#2  0x403e92 in ???
#3  0x1555548e3ca2 in ???
#4  0x4011ad in ???
#5  0xffffffffffffffff in ???
#5  0xffffffffffffffff in ???
#0  0x1555552c03fd in already_open
	at ../../../libgfortran/io/open.c:742
#1  0x4024af in ???
#2  0x403e92 in ???
#3  0x1555548e3ca2 in ???
#4  0x4011ad in ???
#5  0xffffffffffffffff in ???
#0  0x1555552c03fd in already_open
	at ../../../libgfortran/io/open.c:742
#1  0x4024af in ???
#2  0x403e92 in ???
#3  0x1555548e3ca2 in ???
#4  0x4011ad in ???
#5  0xffffffffffffffff in ???
#0  0x1555552c03fd in already_open
	at ../../../libgfortran/io/open.c:742
#1  0x4024af in ???
#2  0x403e92 in ???
#3  0x1555548e3ca2 in ???
#4  0x4011ad in ???
#5  0xffffffffffffffff in ???
#0  0x1555552c03fd in already_open
	at ../../../libgfortran/io/open.c:742
#1  0x4024af in ???
#2  0x403e92 in ???
#3  0x1555548e3ca2 in ???
#4  0x4011ad in ???
#5  0xffffffffffffffff in ???
#0  0x1555552c03fd in already_open
	at ../../../libgfortran/io/open.c:742
#1  0x4024af in ???
#2  0x403e92 in ???
#3  0x1555548e3ca2 in ???
#4  0x4011ad in ???
#5  0xffffffffffffffff in ???
#0  0x1555552c03fd in already_open
	at ../../../libgfortran/io/open.c:742
#1  0x4024af in ???
#2  0x403e92 in ???
#3  0x1555548e3ca2 in ???
#4  0x4011ad in ???
#5  0xffffffffffffffff in ???
#0  0x1555552c03fd in already_open
	at ../../../libgfortran/io/open.c:742
#1  0x4024af in ???
#2  0x403e92 in ???
#3  0x1555548e3ca2 in ???
#4  0x4011ad in ???
#5  0xffffffffffffffff in ???
#0  0x1555552c03fd in already_open
	at ../../../libgfortran/io/open.c:742
#1  0x4024af in ???
#2  0x403e92 in ???
#3  0x1555548e3ca2 in ???
#4  0x4011ad in ???
#5  0xffffffffffffffff in ???
#0  0x1555552c03fd in already_open
	at ../../../libgfortran/io/open.c:742
#1  0x4024af in ???
#2  0x403e92 in ???
#3  0x1555548e3ca2 in ???
#4  0x4011ad in ???
#5  0xffffffffffffffff in ???
#0  0x1555552c03fd in already_open
	at ../../../libgfortran/io/open.c:742
#1  0x4024af in ???
#2  0x403e92 in ???
#3  0x1555548e3ca2 in ???
#4  0x4011ad in ???
#5  0xffffffffffffffff in ???
#0  0x1555552c03fd in already_open
	at ../../../libgfortran/io/open.c:742
#1  0x4024af in ???
#2  0x403e92 in ???
#3  0x1555548e3ca2 in ???
#4  0x4011ad in ???
#5  0xffffffffffffffff in ???
#0  0x1555552c03fd in already_open
	at ../../../libgfortran/io/open.c:742
#1  0x4024af in ???
#2  0x403e92 in ???
#3  0x1555548e3ca2 in ???
#4  0x4011ad in ???
#5  0xffffffffffffffff in ???
#0  0x1555552c03fd in already_open
	at ../../../libgfortran/io/open.c:742
#1  0x4024af in ???
#2  0x403e92 in ???
#3  0x1555548e3ca2 in ???
#4  0x4011ad in ???
#5  0xffffffffffffffff in ???
#0  0x1555552c03fd in already_open
	at ../../../libgfortran/io/open.c:742
#1  0x4024af in ???
#2  0x403e92 in ???
#3  0x1555548e3ca2 in ???
#4  0x4011ad in ???
#5  0xffffffffffffffff in ???
#0  0x1555552c03fd in already_open
	at ../../../libgfortran/io/open.c:742
#1  0x4024af in ???
#2  0x403e92 in ???
#3  0x1555548e3ca2 in ???
#4  0x4011ad in ???
#5  0xffffffffffffffff in ???
#0  0x1555552c03fd in already_open
	at ../../../libgfortran/io/open.c:742
#1  0x4024af in ???
#2  0x403e92 in ???
#3  0x1555548e3ca2 in ???
#4  0x4011ad in ???
#5  0xffffffffffffffff in ???
#0  0x1555552c03fd in already_open
	at ../../../libgfortran/io/open.c:742
#1  0x4024af in ???
#2  0x403e92 in ???
#3  0x1555548e3ca2 in ???
#4  0x4011ad in ???
#5  0xffffffffffffffff in ???
#0  0x1555552c03fd in already_open
	at ../../../libgfortran/io/open.c:742
#1  0x4024af in ???
#2  0x403e92 in ???
#3  0x1555548e3ca2 in ???
#4  0x4011ad in ???
#5  0xffffffffffffffff in ???
#0  0x1555552c03fd in already_open
	at ../../../libgfortran/io/open.c:742
#1  0x4024af in ???
#2  0x403e92 in ???
#3  0x1555548e3ca2 in ???
#4  0x4011ad in ???
#5  0xffffffffffffffff in ???
#0  0x1555552c03fd in already_open
	at ../../../libgfortran/io/open.c:742
#1  0x4024af in ???
#2  0x403e92 in ???
#3  0x1555548e3ca2 in ???
#4  0x4011ad in ???
#5  0xffffffffffffffff in ???
#0  0x1555552c03fd in already_open
	at ../../../libgfortran/io/open.c:742
#1  0x4024af in ???
#2  0x403e92 in ???
#3  0x1555548e3ca2 in ???
#4  0x4011ad in ???
#5  0xffffffffffffffff in ???
#0  0x1555552c03fd in already_open
	at ../../../libgfortran/io/open.c:742
#1  0x4024af in ???
#2  0x403e92 in ???
#3  0x1555548e3ca2 in ???
#4  0x4011ad in ???
#5  0xffffffffffffffff in ???
#0  0x1555552c03fd in already_open
	at ../../../libgfortran/io/open.c:742
#1  0x4024af in ???
#2  0x403e92 in ???
#3  0x1555548e3ca2 in ???
#4  0x4011ad in ???
#5  0xffffffffffffffff in ???
#0  0x1555552c03fd in already_open
	at ../../../libgfortran/io/open.c:742
#1  0x4024af in ???
#2  0x403e92 in ???
#3  0x1555548e3ca2 in ???
#4  0x4011ad in ???
#5  0xffffffffffffffff in ???
#0  0x1555552c03fd in already_open
	at ../../../libgfortran/io/open.c:742
#1  0x4024af in ???
#2  0x403e92 in ???
#3  0x1555548e3ca2 in ???
#4  0x4011ad in ???
#5  0xffffffffffffffff in ???
#0  0x1555552c03fd in already_open
	at ../../../libgfortran/io/open.c:742
#1  0x4024af in ???
#2  0x403e92 in ???
#3  0x1555548e3ca2 in ???
#4  0x4011ad in ???
#5  0xffffffffffffffff in ???
#0  0x1555552c03fd in already_open
	at ../../../libgfortran/io/open.c:742
#1  0x4024af in ???
#2  0x403e92 in ???
#3  0x1555548e3ca2 in ???
#4  0x4011ad in ???
#5  0xffffffffffffffff in ???
#0  0x1555552c03fd in already_open
	at ../../../libgfortran/io/open.c:742
#1  0x4024af in ???
#2  0x403e92 in ???
#3  0x1555548e3ca2 in ???
#4  0x4011ad in ???
#5  0xffffffffffffffff in ???
#0  0x1555552c03fd in already_open
	at ../../../libgfortran/io/open.c:742
#1  0x4024af in ???
#2  0x403e92 in ???
#3  0x1555548e3ca2 in ???
#4  0x4011ad in ???
#5  0xffffffffffffffff in ???
#0  0x1555552c03fd in already_open
	at ../../../libgfortran/io/open.c:742
#1  0x4024af in ???
#2  0x403e92 in ???
#3  0x1555548e3ca2 in ???
#4  0x4011ad in ???
#5  0xffffffffffffffff in ???
#0  0x1555552c03fd in already_open
	at ../../../libgfortran/io/open.c:742
#1  0x4024af in ???
#2  0x403e92 in ???
#3  0x1555548e3ca2 in ???
#4  0x4011ad in ???
#5  0xffffffffffffffff in ???
#0  0x1555552c03fd in already_open
	at ../../../libgfortran/io/open.c:742
#1  0x4024af in ???
#2  0x403e92 in ???
#3  0x1555548e3ca2 in ???
#4  0x4011ad in ???
#5  0xffffffffffffffff in ???
#0  0x1555552c03fd in already_open
	at ../../../libgfortran/io/open.c:742
#1  0x4024af in ???
#2  0x403e92 in ???
#3  0x1555548e3ca2 in ???
#4  0x4011ad in ???
#5  0xffffffffffffffff in ???
#0  0x1555552c03fd in already_open
	at ../../../libgfortran/io/open.c:742
#1  0x4024af in ???
#2  0x403e92 in ???
#3  0x1555548e3ca2 in ???
#4  0x4011ad in ???
#5  0xffffffffffffffff in ???
#0  0x1555552c03fd in already_open
	at ../../../libgfortran/io/open.c:742
#1  0x4024af in ???
#2  0x403e92 in ???
#3  0x1555548e3ca2 in ???
#4  0x4011ad in ???
#5  0xffffffffffffffff in ???
#0  0x1555552c03fd in already_open
	at ../../../libgfortran/io/open.c:742
#1  0x4024af in ???
#2  0x403e92 in ???
#3  0x1555548e3ca2 in ???
#4  0x4011ad in ???
#5  0xffffffffffffffff in ???
#0  0x1555552c03fd in already_open
	at ../../../libgfortran/io/open.c:742
#1  0x4024af in ???
#2  0x403e92 in ???
#3  0x1555548e3ca2 in ???
#4  0x4011ad in ???
#5  0xffffffffffffffff in ???
#0  0x1555552c03fd in already_open
	at ../../../libgfortran/io/open.c:742
#1  0x4024af in ???
#2  0x403e92 in ???
#3  0x1555548e3ca2 in ???
#4  0x4011ad in ???
#5  0xffffffffffffffff in ???
#0  0x1555552c03fd in already_open
	at ../../../libgfortran/io/open.c:742
#1  0x4024af in ???
#2  0x403e92 in ???
#3  0x1555548e3ca2 in ???
#4  0x4011ad in ???
#5  0xffffffffffffffff in ???
#0  0x1555552c03fd in already_open
	at ../../../libgfortran/io/open.c:742
#1  0x4024af in ???
#2  0x403e92 in ???
#3  0x1555548e3ca2 in ???
#4  0x4011ad in ???
#5  0xffffffffffffffff in ???
#0  0x1555552c03fd in already_open
	at ../../../libgfortran/io/open.c:742
#1  0x4024af in ???
#2  0x403e92 in ???
#3  0x1555548e3ca2 in ???
#4  0x4011ad in ???
#5  0xffffffffffffffff in ???
#0  0x1555552c03fd in already_open
	at ../../../libgfortran/io/open.c:742
#1  0x4024af in ???
#2  0x403e92 in ???
#3  0x1555548e3ca2 in ???
#4  0x4011ad in ???
#5  0xffffffffffffffff in ???
srun: error: n0043: tasks 0-47: Exited with exit code 2
