At line 101 of file main.f90 (unit = 10, file = '/project/wangj/node819/Jaiman/Wulver/sp24/ram_4_24/HuuTest/B3D.001.BX.R.001')
Fortran runtime error: I/O past end of record on unformatted file

Error termination. Backtrace:
At line 101 of file main.f90 (unit = 10, file = '/project/wangj/node819/Jaiman/Wulver/sp24/ram_4_24/HuuTest/B3D.001.BX.R.001')
Fortran runtime error: I/O past end of record on unformatted file

Error termination. Backtrace:
At line 101 of file main.f90 (unit = 10, file = '/project/wangj/node819/Jaiman/Wulver/sp24/ram_4_24/HuuTest/B3D.001.BX.R.001')
Fortran runtime error: I/O past end of record on unformatted file

Error termination. Backtrace:
At line 101 of file main.f90 (unit = 10, file = '/project/wangj/node819/Jaiman/Wulver/sp24/ram_4_24/HuuTest/B3D.001.BX.R.001')
Fortran runtime error: I/O past end of record on unformatted file

Error termination. Backtrace:
At line 101 of file main.f90 (unit = 10, file = '/project/wangj/node819/Jaiman/Wulver/sp24/ram_4_24/HuuTest/B3D.001.BX.R.001')
Fortran runtime error: I/O past end of record on unformatted file

Error termination. Backtrace:
At line 101 of file main.f90 (unit = 10, file = '/project/wangj/node819/Jaiman/Wulver/sp24/ram_4_24/HuuTest/B3D.001.BX.R.001')
Fortran runtime error: I/O past end of record on unformatted file

Error termination. Backtrace:
At line 101 of file main.f90 (unit = 10, file = '/project/wangj/node819/Jaiman/Wulver/sp24/ram_4_24/HuuTest/B3D.001.BX.R.001')
Fortran runtime error: I/O past end of record on unformatted file

Error termination. Backtrace:
At line 101 of file main.f90 (unit = 10, file = '/project/wangj/node819/Jaiman/Wulver/sp24/ram_4_24/HuuTest/B3D.001.BX.R.001')
Fortran runtime error: I/O past end of record on unformatted file

Error termination. Backtrace:
At line 101 of file main.f90 (unit = 10, file = '/project/wangj/node819/Jaiman/Wulver/sp24/ram_4_24/HuuTest/B3D.001.BX.R.001')
Fortran runtime error: I/O past end of record on unformatted file

Error termination. Backtrace:
At line 101 of file main.f90 (unit = 10, file = '/project/wangj/node819/Jaiman/Wulver/sp24/ram_4_24/HuuTest/B3D.001.BX.R.001')
Fortran runtime error: I/O past end of record on unformatted file

Error termination. Backtrace:
At line 101 of file main.f90 (unit = 10, file = '/project/wangj/node819/Jaiman/Wulver/sp24/ram_4_24/HuuTest/B3D.001.BX.R.001')
Fortran runtime error: I/O past end of record on unformatted file

Error termination. Backtrace:
At line 101 of file main.f90 (unit = 10, file = '/project/wangj/node819/Jaiman/Wulver/sp24/ram_4_24/HuuTest/B3D.001.BX.R.001')
Fortran runtime error: I/O past end of record on unformatted file

Error termination. Backtrace:
At line 101 of file main.f90 (unit = 10, file = '/project/wangj/node819/Jaiman/Wulver/sp24/ram_4_24/HuuTest/B3D.001.BX.R.001')
Fortran runtime error: I/O past end of record on unformatted file

Error termination. Backtrace:
At line 101 of file main.f90 (unit = 10, file = '/project/wangj/node819/Jaiman/Wulver/sp24/ram_4_24/HuuTest/B3D.001.BX.R.001')
Fortran runtime error: I/O past end of record on unformatted file

Error termination. Backtrace:
At line 101 of file main.f90 (unit = 10, file = '/project/wangj/node819/Jaiman/Wulver/sp24/ram_4_24/HuuTest/B3D.001.BX.R.001')
Fortran runtime error: I/O past end of record on unformatted file

Error termination. Backtrace:
At line 101 of file main.f90 (unit = 10, file = '/project/wangj/node819/Jaiman/Wulver/sp24/ram_4_24/HuuTest/B3D.001.BX.R.001')
Fortran runtime error: I/O past end of record on unformatted file

Error termination. Backtrace:
At line 101 of file main.f90 (unit = 10, file = '/project/wangj/node819/Jaiman/Wulver/sp24/ram_4_24/HuuTest/B3D.001.BX.R.001')
Fortran runtime error: I/O past end of record on unformatted file

Error termination. Backtrace:
At line 101 of file main.f90 (unit = 10, file = '/project/wangj/node819/Jaiman/Wulver/sp24/ram_4_24/HuuTest/B3D.001.BX.R.001')
At line 101 of file main.f90 (unit = 10, file = '/project/wangj/node819/Jaiman/Wulver/sp24/ram_4_24/HuuTest/B3D.001.BX.R.001')
Fortran runtime error: I/O past end of record on unformatted file

Error termination. Backtrace:
At line 101 of file main.f90 (unit = 10, file = '/project/wangj/node819/Jaiman/Wulver/sp24/ram_4_24/HuuTest/B3D.001.BX.R.001')
Fortran runtime error: I/O past end of record on unformatted file

Error termination. Backtrace:
Fortran runtime error: I/O past end of record on unformatted file

Error termination. Backtrace:
At line 101 of file main.f90 (unit = 10, file = '/project/wangj/node819/Jaiman/Wulver/sp24/ram_4_24/HuuTest/B3D.001.BX.R.001')
Fortran runtime error: I/O past end of record on unformatted file

Error termination. Backtrace:
At line 101 of file main.f90 (unit = 10, file = '/project/wangj/node819/Jaiman/Wulver/sp24/ram_4_24/HuuTest/B3D.001.BX.R.001')
Fortran runtime error: I/O past end of record on unformatted file

Error termination. Backtrace:
At line 101 of file main.f90 (unit = 10, file = '/project/wangj/node819/Jaiman/Wulver/sp24/ram_4_24/HuuTest/B3D.001.BX.R.001')
Fortran runtime error: I/O past end of record on unformatted file

Error termination. Backtrace:
At line 101 of file main.f90 (unit = 10, file = '/project/wangj/node819/Jaiman/Wulver/sp24/ram_4_24/HuuTest/B3D.001.BX.R.001')
At line 101 of file main.f90 (unit = 10, file = '/project/wangj/node819/Jaiman/Wulver/sp24/ram_4_24/HuuTest/B3D.001.BX.R.001')
Fortran runtime error: I/O past end of record on unformatted file

Error termination. Backtrace:
At line 101 of file main.f90 (unit = 10, file = '/project/wangj/node819/Jaiman/Wulver/sp24/ram_4_24/HuuTest/B3D.001.BX.R.001')
Fortran runtime error: I/O past end of record on unformatted file

Error termination. Backtrace:
At line 101 of file main.f90 (unit = 10, file = '/project/wangj/node819/Jaiman/Wulver/sp24/ram_4_24/HuuTest/B3D.001.BX.R.001')
Fortran runtime error: I/O past end of record on unformatted file

Error termination. Backtrace:
Fortran runtime error: I/O past end of record on unformatted file

Error termination. Backtrace:
At line 101 of file main.f90 (unit = 10, file = '/project/wangj/node819/Jaiman/Wulver/sp24/ram_4_24/HuuTest/B3D.001.BX.R.001')
Fortran runtime error: I/O past end of record on unformatted file

Error termination. Backtrace:
At line 101 of file main.f90 (unit = 10, file = '/project/wangj/node819/Jaiman/Wulver/sp24/ram_4_24/HuuTest/B3D.001.BX.R.001')
Fortran runtime error: I/O past end of record on unformatted file

Error termination. Backtrace:
At line 101 of file main.f90 (unit = 10, file = '/project/wangj/node819/Jaiman/Wulver/sp24/ram_4_24/HuuTest/B3D.001.BX.R.001')
Fortran runtime error: I/O past end of record on unformatted file

Error termination. Backtrace:
At line 101 of file main.f90 (unit = 10, file = '/project/wangj/node819/Jaiman/Wulver/sp24/ram_4_24/HuuTest/B3D.001.BX.R.001')
Fortran runtime error: I/O past end of record on unformatted file

Error termination. Backtrace:
At line 101 of file main.f90 (unit = 10, file = '/project/wangj/node819/Jaiman/Wulver/sp24/ram_4_24/HuuTest/B3D.001.BX.R.001')
Fortran runtime error: I/O past end of record on unformatted file

Error termination. Backtrace:
At line 101 of file main.f90 (unit = 10, file = '/project/wangj/node819/Jaiman/Wulver/sp24/ram_4_24/HuuTest/B3D.001.BX.R.001')
Fortran runtime error: I/O past end of record on unformatted file

Error termination. Backtrace:
At line 101 of file main.f90 (unit = 10, file = '/project/wangj/node819/Jaiman/Wulver/sp24/ram_4_24/HuuTest/B3D.001.BX.R.001')
Fortran runtime error: I/O past end of record on unformatted file

Error termination. Backtrace:
At line 101 of file main.f90 (unit = 10, file = '/project/wangj/node819/Jaiman/Wulver/sp24/ram_4_24/HuuTest/B3D.001.BX.R.001')
Fortran runtime error: I/O past end of record on unformatted file
At line 101 of file main.f90 (unit = 10, file = '/project/wangj/node819/Jaiman/Wulver/sp24/ram_4_24/HuuTest/B3D.001.BX.R.001')
Fortran runtime error: I/O past end of record on unformatted file

Error termination. Backtrace:

Error termination. Backtrace:
At line 101 of file main.f90 (unit = 10, file = '/project/wangj/node819/Jaiman/Wulver/sp24/ram_4_24/HuuTest/B3D.001.BX.R.001')
Fortran runtime error: I/O past end of record on unformatted file

Error termination. Backtrace:
At line 101 of file main.f90 (unit = 10, file = '/project/wangj/node819/Jaiman/Wulver/sp24/ram_4_24/HuuTest/B3D.001.BX.R.001')
Fortran runtime error: I/O past end of record on unformatted file

Error termination. Backtrace:
At line 101 of file main.f90 (unit = 10, file = '/project/wangj/node819/Jaiman/Wulver/sp24/ram_4_24/HuuTest/B3D.001.BX.R.001')
Fortran runtime error: I/O past end of record on unformatted file

Error termination. Backtrace:
At line 101 of file main.f90 (unit = 10, file = '/project/wangj/node819/Jaiman/Wulver/sp24/ram_4_24/HuuTest/B3D.001.BX.R.001')
Fortran runtime error: I/O past end of record on unformatted file

Error termination. Backtrace:
At line 101 of file main.f90 (unit = 10, file = '/project/wangj/node819/Jaiman/Wulver/sp24/ram_4_24/HuuTest/B3D.001.BX.R.001')
Fortran runtime error: I/O past end of record on unformatted file

Error termination. Backtrace:
At line 101 of file main.f90 (unit = 10, file = '/project/wangj/node819/Jaiman/Wulver/sp24/ram_4_24/HuuTest/B3D.001.BX.R.001')
Fortran runtime error: I/O past end of record on unformatted file

Error termination. Backtrace:
At line 101 of file main.f90 (unit = 10, file = '/project/wangj/node819/Jaiman/Wulver/sp24/ram_4_24/HuuTest/B3D.001.BX.R.001')
Fortran runtime error: I/O past end of record on unformatted file

Error termination. Backtrace:
At line 101 of file main.f90 (unit = 10, file = '/project/wangj/node819/Jaiman/Wulver/sp24/ram_4_24/HuuTest/B3D.001.BX.R.001')
Fortran runtime error: I/O past end of record on unformatted file

Error termination. Backtrace:
At line 101 of file main.f90 (unit = 10, file = '/project/wangj/node819/Jaiman/Wulver/sp24/ram_4_24/HuuTest/B3D.001.BX.R.001')
Fortran runtime error: I/O past end of record on unformatted file

Error termination. Backtrace:
At line 101 of file main.f90 (unit = 10, file = '/project/wangj/node819/Jaiman/Wulver/sp24/ram_4_24/HuuTest/B3D.001.BX.R.001')
Fortran runtime error: I/O past end of record on unformatted file

Error termination. Backtrace:
At line 101 of file main.f90 (unit = 10, file = '/project/wangj/node819/Jaiman/Wulver/sp24/ram_4_24/HuuTest/B3D.001.BX.R.001')
Fortran runtime error: I/O past end of record on unformatted file

Error termination. Backtrace:
At line 101 of file main.f90 (unit = 10, file = '/project/wangj/node819/Jaiman/Wulver/sp24/ram_4_24/HuuTest/B3D.001.BX.R.001')
Fortran runtime error: I/O past end of record on unformatted file

Error termination. Backtrace:
#0  0x1555552c65c9 in read_block_direct
	at ../../../libgfortran/io/transfer.c:789
#1  0x1555552c65c9 in unformatted_read
	at ../../../libgfortran/io/transfer.c:1129
#2  0x4025c7 in ???
#3  0x403e76 in ???
#4  0x1555548d07e4 in ???
#5  0x4011ad in ???
#6  0xffffffffffffffff in ???
#0  0x1555552c65c9 in read_block_direct
	at ../../../libgfortran/io/transfer.c:789
#1  0x1555552c65c9 in unformatted_read
	at ../../../libgfortran/io/transfer.c:1129
#2  0x4025c7 in ???
#3  0x403e76 in ???
#4  0x1555548d07e4 in ???
#5  0x4011ad in ???
#6  0xffffffffffffffff in ???
#0  0x1555552c65c9 in read_block_direct
	at ../../../libgfortran/io/transfer.c:789
#1  0x1555552c65c9 in unformatted_read
	at ../../../libgfortran/io/transfer.c:1129
#2  0x4025c7 in ???
#3  0x403e76 in ???
#4  0x1555548d07e4 in ???
#5  0x4011ad in ???
#6  0xffffffffffffffff in ???
#0  0x1555552c65c9 in read_block_direct
	at ../../../libgfortran/io/transfer.c:789
#1  0x1555552c65c9 in unformatted_read
	at ../../../libgfortran/io/transfer.c:1129
#2  0x4025c7 in ???
#3  0x403e76 in ???
#4  0x1555548d07e4 in ???
#5  0x4011ad in ???
#6  0xffffffffffffffff in ???
#0  0x1555552c65c9 in read_block_direct
	at ../../../libgfortran/io/transfer.c:789
#1  0x1555552c65c9 in unformatted_read
	at ../../../libgfortran/io/transfer.c:1129
#2  0x4025c7 in ???
#3  0x403e76 in ???
#4  0x1555548d07e4 in ???
#5  0x4011ad in ???
#6  0xffffffffffffffff in ???
#0  0x1555552c65c9 in read_block_direct
	at ../../../libgfortran/io/transfer.c:789
#1  0x1555552c65c9 in unformatted_read
#0  0x1555552c65c9 in read_block_direct
	at ../../../libgfortran/io/transfer.c:789
#1  0x1555552c65c9 in unformatted_read
	at ../../../libgfortran/io/transfer.c:1129
#2  0x4025c7 in ???
#3  0x403e76 in ???
#4  0x1555548d07e4 in ???
#5  0x4011ad in ???
#6  0xffffffffffffffff in ???
	at ../../../libgfortran/io/transfer.c:1129
#2  0x4025c7 in ???
#3  0x403e76 in ???
#4  0x1555548d07e4 in ???
#5  0x4011ad in ???
#6  0xffffffffffffffff in ???
#0  0x1555552c65c9 in read_block_direct
	at ../../../libgfortran/io/transfer.c:789
#1  0x1555552c65c9 in unformatted_read
	at ../../../libgfortran/io/transfer.c:1129
#0  0x1555552c65c9 in read_block_direct
	at ../../../libgfortran/io/transfer.c:789
#1  0x1555552c65c9 in unformatted_read
	at ../../../libgfortran/io/transfer.c:1129
#2  0x4025c7 in ???
#3  0x403e76 in ???
#4  0x1555548d07e4 in ???
#5  0x4011ad in ???
#6  0xffffffffffffffff in ???
#2  0x4025c7 in ???
#3  0x403e76 in ???
#4  0x1555548d07e4 in ???
#5  0x4011ad in ???
#6  0xffffffffffffffff in ???
#0  0x1555552c65c9 in read_block_direct
#0  0x1555552c65c9 in read_block_direct
	at ../../../libgfortran/io/transfer.c:789
#1  0x1555552c65c9 in unformatted_read
	at ../../../libgfortran/io/transfer.c:1129
#2  0x4025c7 in ???
#3  0x403e76 in ???
#4  0x1555548d07e4 in ???
#5  0x4011ad in ???
#6  0xffffffffffffffff in ???
#0  0x1555552c65c9 in read_block_direct
	at ../../../libgfortran/io/transfer.c:789
#1  0x1555552c65c9 in unformatted_read
	at ../../../libgfortran/io/transfer.c:1129
#2  0x4025c7 in ???
#3  0x403e76 in ???
#4  0x1555548d07e4 in ???
#5  0x4011ad in ???
#6  0xffffffffffffffff in ???
#0  0x1555552c65c9 in read_block_direct
	at ../../../libgfortran/io/transfer.c:789
#1  0x1555552c65c9 in unformatted_read
	at ../../../libgfortran/io/transfer.c:1129
#2  0x4025c7 in ???
#3  0x403e76 in ???
#4  0x1555548d07e4 in ???
#5  0x4011ad in ???
#6  0xffffffffffffffff in ???
	at ../../../libgfortran/io/transfer.c:789
#1  0x1555552c65c9 in unformatted_read
	at ../../../libgfortran/io/transfer.c:1129
#2  0x4025c7 in ???
#3  0x403e76 in ???
#4  0x1555548d07e4 in ???
#5  0x4011ad in ???
#6  0xffffffffffffffff in ???
#0  0x1555552c65c9 in read_block_direct
	at ../../../libgfortran/io/transfer.c:789
#1  0x1555552c65c9 in unformatted_read
	at ../../../libgfortran/io/transfer.c:1129
#2  0x4025c7 in ???
#3  0x403e76 in ???
#4  0x1555548d07e4 in ???
#5  0x4011ad in ???
#6  0xffffffffffffffff in ???
#0  0x1555552c65c9 in read_block_direct
	at ../../../libgfortran/io/transfer.c:789
#1  0x1555552c65c9 in unformatted_read
	at ../../../libgfortran/io/transfer.c:1129
#2  0x4025c7 in ???
#3  0x403e76 in ???
#4  0x1555548d07e4 in ???
#5  0x4011ad in ???
#6  0xffffffffffffffff in ???
#0  0x1555552c65c9 in read_block_direct
	at ../../../libgfortran/io/transfer.c:789
#1  0x1555552c65c9 in unformatted_read
	at ../../../libgfortran/io/transfer.c:1129
#2  0x4025c7 in ???
#3  0x403e76 in ???
#4  0x1555548d07e4 in ???
#5  0x4011ad in ???
#6  0xffffffffffffffff in ???
#0  0x1555552c65c9 in read_block_direct
	at ../../../libgfortran/io/transfer.c:789
#1  0x1555552c65c9 in unformatted_read
	at ../../../libgfortran/io/transfer.c:1129
#2  0x4025c7 in ???
#3  0x403e76 in ???
#4  0x1555548d07e4 in ???
#5  0x4011ad in ???
#6  0xffffffffffffffff in ???
#0  0x1555552c65c9 in read_block_direct
#0  0x1555552c65c9 in read_block_direct
	at ../../../libgfortran/io/transfer.c:789
#1  0x1555552c65c9 in unformatted_read
	at ../../../libgfortran/io/transfer.c:1129
#2  0x4025c7 in ???
#3  0x403e76 in ???
#4  0x1555548d07e4 in ???
#5  0x4011ad in ???
#6  0xffffffffffffffff in ???
	at ../../../libgfortran/io/transfer.c:789
#1  0x1555552c65c9 in unformatted_read
	at ../../../libgfortran/io/transfer.c:1129
#2  0x4025c7 in ???
#3  0x403e76 in ???
#4  0x1555548d07e4 in ???
#5  0x4011ad in ???
#6  0xffffffffffffffff in ???
#0  0x1555552c65c9 in read_block_direct
	at ../../../libgfortran/io/transfer.c:789
#1  0x1555552c65c9 in unformatted_read
	at ../../../libgfortran/io/transfer.c:1129
#2  0x4025c7 in ???
#3  0x403e76 in ???
#4  0x1555548d07e4 in ???
#5  0x4011ad in ???
#6  0xffffffffffffffff in ???
#0  0x1555552c65c9 in read_block_direct
	at ../../../libgfortran/io/transfer.c:789
#1  0x1555552c65c9 in unformatted_read
	at ../../../libgfortran/io/transfer.c:1129
#2  0x4025c7 in ???
#3  0x403e76 in ???
#4  0x1555548d07e4 in ???
#5  0x4011ad in ???
#6  0xffffffffffffffff in ???
#0  0x1555552c65c9 in read_block_direct
	at ../../../libgfortran/io/transfer.c:789
#1  0x1555552c65c9 in unformatted_read
	at ../../../libgfortran/io/transfer.c:1129
#2  0x4025c7 in ???
#3  0x403e76 in ???
#4  0x1555548d07e4 in ???
#5  0x4011ad in ???
#6  0xffffffffffffffff in ???
#0  0x1555552c65c9 in read_block_direct
	at ../../../libgfortran/io/transfer.c:789
#1  0x1555552c65c9 in unformatted_read
	at ../../../libgfortran/io/transfer.c:1129
#2  0x4025c7 in ???
#3  0x403e76 in ???
#4  0x1555548d07e4 in ???
#5  0x4011ad in ???
#6  0xffffffffffffffff in ???
#0  0x1555552c65c9 in read_block_direct
	at ../../../libgfortran/io/transfer.c:789
#1  0x1555552c65c9 in unformatted_read
	at ../../../libgfortran/io/transfer.c:1129
#2  0x4025c7 in ???
#3  0x403e76 in ???
#4  0x1555548d07e4 in ???
#5  0x4011ad in ???
#6  0xffffffffffffffff in ???
#0  0x1555552c65c9 in read_block_direct
	at ../../../libgfortran/io/transfer.c:789
#1  0x1555552c65c9 in unformatted_read
	at ../../../libgfortran/io/transfer.c:1129
#2  0x4025c7 in ???
#3  0x403e76 in ???
#4  0x1555548d07e4 in ???
#5  0x4011ad in ???
#6  0xffffffffffffffff in ???
#0  0x1555552c65c9 in read_block_direct
	at ../../../libgfortran/io/transfer.c:789
#1  0x1555552c65c9 in unformatted_read
	at ../../../libgfortran/io/transfer.c:1129
#2  0x4025c7 in ???
#3  0x403e76 in ???
#4  0x1555548d07e4 in ???
#5  0x4011ad in ???
#6  0xffffffffffffffff in ???
#0  0x1555552c65c9 in read_block_direct
	at ../../../libgfortran/io/transfer.c:789
#1  0x1555552c65c9 in unformatted_read
	at ../../../libgfortran/io/transfer.c:1129
#2  0x4025c7 in ???
#3  0x403e76 in ???
#4  0x1555548d07e4 in ???
#5  0x4011ad in ???
#6  0xffffffffffffffff in ???
#0  0x1555552c65c9 in read_block_direct
	at ../../../libgfortran/io/transfer.c:789
#1  0x1555552c65c9 in unformatted_read
	at ../../../libgfortran/io/transfer.c:1129
#2  0x4025c7 in ???
#3  0x403e76 in ???
#4  0x1555548d07e4 in ???
#5  0x4011ad in ???
#6  0xffffffffffffffff in ???
#0  0x1555552c65c9 in read_block_direct
	at ../../../libgfortran/io/transfer.c:789
#1  0x1555552c65c9 in unformatted_read
	at ../../../libgfortran/io/transfer.c:1129
#2  0x4025c7 in ???
#3  0x403e76 in ???
#4  0x1555548d07e4 in ???
#5  0x4011ad in ???
#6  0xffffffffffffffff in ???
#0  0x1555552c65c9 in read_block_direct
	at ../../../libgfortran/io/transfer.c:789
#1  0x1555552c65c9 in unformatted_read
	at ../../../libgfortran/io/transfer.c:1129
#2  0x4025c7 in ???
#3  0x403e76 in ???
#4  0x1555548d07e4 in ???
#5  0x4011ad in ???
#6  0xffffffffffffffff in ???
#0  0x1555552c65c9 in read_block_direct
	at ../../../libgfortran/io/transfer.c:789
#1  0x1555552c65c9 in unformatted_read
	at ../../../libgfortran/io/transfer.c:1129
#2  0x4025c7 in ???
#3  0x403e76 in ???
#4  0x1555548d07e4 in ???
#5  0x4011ad in ???
#6  0xffffffffffffffff in ???
#0  0x1555552c65c9 in read_block_direct
	at ../../../libgfortran/io/transfer.c:789
#1  0x1555552c65c9 in unformatted_read
	at ../../../libgfortran/io/transfer.c:1129
#0  0x1555552c65c9 in read_block_direct
	at ../../../libgfortran/io/transfer.c:789
#1  0x1555552c65c9 in unformatted_read
	at ../../../libgfortran/io/transfer.c:1129
#2  0x4025c7 in ???
#3  0x403e76 in ???
#4  0x1555548d07e4 in ???
#5  0x4011ad in ???
#6  0xffffffffffffffff in ???
#2  0x4025c7 in ???
#3  0x403e76 in ???
#4  0x1555548d07e4 in ???
#5  0x4011ad in ???
#6  0xffffffffffffffff in ???
#0  0x1555552c65c9 in read_block_direct
	at ../../../libgfortran/io/transfer.c:789
#1  0x1555552c65c9 in unformatted_read
	at ../../../libgfortran/io/transfer.c:1129
#2  0x4025c7 in ???
#3  0x403e76 in ???
#4  0x1555548d07e4 in ???
#5  0x4011ad in ???
#6  0xffffffffffffffff in ???
#0  0x1555552c65c9 in read_block_direct
	at ../../../libgfortran/io/transfer.c:789
#1  0x1555552c65c9 in unformatted_read
	at ../../../libgfortran/io/transfer.c:1129
#2  0x4025c7 in ???
#3  0x403e76 in ???
#4  0x1555548d07e4 in ???
#5  0x4011ad in ???
#6  0xffffffffffffffff in ???
#0  0x1555552c65c9 in read_block_direct
	at ../../../libgfortran/io/transfer.c:789
#1  0x1555552c65c9 in unformatted_read
	at ../../../libgfortran/io/transfer.c:1129
#2  0x4025c7 in ???
#3  0x403e76 in ???
#4  0x1555548d07e4 in ???
#5  0x4011ad in ???
#6  0xffffffffffffffff in ???
#0  0x1555552c65c9 in read_block_direct
	at ../../../libgfortran/io/transfer.c:789
#1  0x1555552c65c9 in unformatted_read
	at ../../../libgfortran/io/transfer.c:1129
#2  0x4025c7 in ???
#3  0x403e76 in ???
#4  0x1555548d07e4 in ???
#5  0x4011ad in ???
#6  0xffffffffffffffff in ???
#0  0x1555552c65c9 in read_block_direct
	at ../../../libgfortran/io/transfer.c:789
#1  0x1555552c65c9 in unformatted_read
	at ../../../libgfortran/io/transfer.c:1129
#2  0x4025c7 in ???
#3  0x403e76 in ???
#4  0x1555548d07e4 in ???
#5  0x4011ad in ???
#6  0xffffffffffffffff in ???
#0  0x1555552c65c9 in read_block_direct
	at ../../../libgfortran/io/transfer.c:789
#1  0x1555552c65c9 in unformatted_read
	at ../../../libgfortran/io/transfer.c:1129
#2  0x4025c7 in ???
#3  0x403e76 in ???
#4  0x1555548d07e4 in ???
#5  0x4011ad in ???
#6  0xffffffffffffffff in ???
#0  0x1555552c65c9 in read_block_direct
	at ../../../libgfortran/io/transfer.c:789
#1  0x1555552c65c9 in unformatted_read
	at ../../../libgfortran/io/transfer.c:1129
#2  0x4025c7 in ???
#3  0x403e76 in ???
#4  0x1555548d07e4 in ???
#5  0x4011ad in ???
#6  0xffffffffffffffff in ???
#0  0x1555552c65c9 in read_block_direct
	at ../../../libgfortran/io/transfer.c:789
#1  0x1555552c65c9 in unformatted_read
	at ../../../libgfortran/io/transfer.c:1129
#2  0x4025c7 in ???
#3  0x403e76 in ???
#4  0x1555548d07e4 in ???
#5  0x4011ad in ???
#6  0xffffffffffffffff in ???
#0  0x1555552c65c9 in read_block_direct
	at ../../../libgfortran/io/transfer.c:789
#1  0x1555552c65c9 in unformatted_read
	at ../../../libgfortran/io/transfer.c:1129
#2  0x4025c7 in ???
#3  0x403e76 in ???
#4  0x1555548d07e4 in ???
#5  0x4011ad in ???
#6  0xffffffffffffffff in ???
#0  0x1555552c65c9 in read_block_direct
	at ../../../libgfortran/io/transfer.c:789
#1  0x1555552c65c9 in unformatted_read
	at ../../../libgfortran/io/transfer.c:1129
#2  0x4025c7 in ???
#3  0x403e76 in ???
#0  0x1555552c65c9 in read_block_direct
	at ../../../libgfortran/io/transfer.c:789
#1  0x1555552c65c9 in unformatted_read
	at ../../../libgfortran/io/transfer.c:1129
#2  0x4025c7 in ???
#3  0x403e76 in ???
#4  0x1555548d07e4 in ???
#5  0x4011ad in ???
#4  0x1555548d07e4 in ???
#5  0x4011ad in ???
#6  0xffffffffffffffff in ???
#6  0xffffffffffffffff in ???
#0  0x1555552c65c9 in read_block_direct
	at ../../../libgfortran/io/transfer.c:789
#1  0x1555552c65c9 in unformatted_read
	at ../../../libgfortran/io/transfer.c:1129
#2  0x4025c7 in ???
#3  0x403e76 in ???
#4  0x1555548d07e4 in ???
#5  0x4011ad in ???
#6  0xffffffffffffffff in ???
#0  0x1555552c65c9 in read_block_direct
	at ../../../libgfortran/io/transfer.c:789
#1  0x1555552c65c9 in unformatted_read
	at ../../../libgfortran/io/transfer.c:1129
#0  0x1555552c65c9 in read_block_direct
	at ../../../libgfortran/io/transfer.c:789
#1  0x1555552c65c9 in unformatted_read
	at ../../../libgfortran/io/transfer.c:1129
#2  0x4025c7 in ???
#3  0x403e76 in ???
#4  0x1555548d07e4 in ???
#5  0x4011ad in ???
#6  0xffffffffffffffff in ???
#2  0x4025c7 in ???
#3  0x403e76 in ???
#4  0x1555548d07e4 in ???
#5  0x4011ad in ???
#6  0xffffffffffffffff in ???
#0  0x1555552c65c9 in read_block_direct
	at ../../../libgfortran/io/transfer.c:789
#1  0x1555552c65c9 in unformatted_read
	at ../../../libgfortran/io/transfer.c:1129
#2  0x4025c7 in ???
#3  0x403e76 in ???
#4  0x1555548d07e4 in ???
#5  0x4011ad in ???
#6  0xffffffffffffffff in ???
srun: error: n0061: tasks 0-47: Exited with exit code 2
