At line 145 of file main.f90 (unit = 10)
Fortran runtime error: Cannot open file '/project/wangj/node819/Jaiman/Wulver/fa24/SimData2/TIME.018': No such file or directory

Error termination. Backtrace:
At line 145 of file main.f90 (unit = 10)
Fortran runtime error: Cannot open file '/project/wangj/node819/Jaiman/Wulver/fa24/SimData2/TIME.018': No such file or directory

Error termination. Backtrace:
At line 145 of file main.f90 (unit = 10)
Fortran runtime error: Cannot open file '/project/wangj/node819/Jaiman/Wulver/fa24/SimData2/TIME.018': No such file or directory

Error termination. Backtrace:
At line 145 of file main.f90 (unit = 10)
Fortran runtime error: Cannot open file '/project/wangj/node819/Jaiman/Wulver/fa24/SimData2/TIME.018': No such file or directory

Error termination. Backtrace:
At line 145 of file main.f90 (unit = 10)
Fortran runtime error: Cannot open file '/project/wangj/node819/Jaiman/Wulver/fa24/SimData2/TIME.018': No such file or directory

Error termination. Backtrace:
At line 145 of file main.f90 (unit = 10)
Fortran runtime error: Cannot open file '/project/wangj/node819/Jaiman/Wulver/fa24/SimData2/TIME.018': No such file or directory

Error termination. Backtrace:
At line 145 of file main.f90 (unit = 10)
Fortran runtime error: Cannot open file '/project/wangj/node819/Jaiman/Wulver/fa24/SimData2/TIME.018': No such file or directory

Error termination. Backtrace:
At line 145 of file main.f90 (unit = 10)
Fortran runtime error: Cannot open file '/project/wangj/node819/Jaiman/Wulver/fa24/SimData2/TIME.018': No such file or directory

Error termination. Backtrace:
At line 145 of file main.f90 (unit = 10)
Fortran runtime error: Cannot open file '/project/wangj/node819/Jaiman/Wulver/fa24/SimData2/TIME.018': No such file or directory

Error termination. Backtrace:
At line 145 of file main.f90 (unit = 10)
Fortran runtime error: Cannot open file '/project/wangj/node819/Jaiman/Wulver/fa24/SimData2/TIME.018': No such file or directory

Error termination. Backtrace:
At line 145 of file main.f90 (unit = 10)
Fortran runtime error: Cannot open file '/project/wangj/node819/Jaiman/Wulver/fa24/SimData2/TIME.018': No such file or directory

Error termination. Backtrace:
At line 145 of file main.f90 (unit = 10)
Fortran runtime error: Cannot open file '/project/wangj/node819/Jaiman/Wulver/fa24/SimData2/TIME.018': No such file or directory

Error termination. Backtrace:
At line 145 of file main.f90 (unit = 10)
Fortran runtime error: Cannot open file '/project/wangj/node819/Jaiman/Wulver/fa24/SimData2/TIME.018': No such file or directory

Error termination. Backtrace:
At line 145 of file main.f90 (unit = 10)
Fortran runtime error: Cannot open file '/project/wangj/node819/Jaiman/Wulver/fa24/SimData2/TIME.018': No such file or directory

Error termination. Backtrace:
At line 145 of file main.f90 (unit = 10)
Fortran runtime error: Cannot open file '/project/wangj/node819/Jaiman/Wulver/fa24/SimData2/TIME.018': No such file or directory

Error termination. Backtrace:
At line 145 of file main.f90 (unit = 10)
Fortran runtime error: Cannot open file '/project/wangj/node819/Jaiman/Wulver/fa24/SimData2/TIME.018': No such file or directory

Error termination. Backtrace:
At line 145 of file main.f90 (unit = 10)
Fortran runtime error: Cannot open file '/project/wangj/node819/Jaiman/Wulver/fa24/SimData2/TIME.018': No such file or directory

Error termination. Backtrace:
At line 145 of file main.f90 (unit = 10)
Fortran runtime error: Cannot open file '/project/wangj/node819/Jaiman/Wulver/fa24/SimData2/TIME.018': No such file or directory

Error termination. Backtrace:
At line 145 of file main.f90 (unit = 10)
Fortran runtime error: Cannot open file '/project/wangj/node819/Jaiman/Wulver/fa24/SimData2/TIME.018': No such file or directory

Error termination. Backtrace:
At line 145 of file main.f90 (unit = 10)
Fortran runtime error: Cannot open file '/project/wangj/node819/Jaiman/Wulver/fa24/SimData2/TIME.018': No such file or directory

Error termination. Backtrace:
At line 145 of file main.f90 (unit = 10)
Fortran runtime error: Cannot open file '/project/wangj/node819/Jaiman/Wulver/fa24/SimData2/TIME.018': No such file or directory

Error termination. Backtrace:
At line 145 of file main.f90 (unit = 10)
Fortran runtime error: Cannot open file '/project/wangj/node819/Jaiman/Wulver/fa24/SimData2/TIME.018': No such file or directory

Error termination. Backtrace:
At line 145 of file main.f90 (unit = 10)
Fortran runtime error: Cannot open file '/project/wangj/node819/Jaiman/Wulver/fa24/SimData2/TIME.018': No such file or directory

Error termination. Backtrace:
At line 145 of file main.f90 (unit = 10)
Fortran runtime error: Cannot open file '/project/wangj/node819/Jaiman/Wulver/fa24/SimData2/TIME.018': No such file or directory

Error termination. Backtrace:
At line 145 of file main.f90 (unit = 10)
Fortran runtime error: Cannot open file '/project/wangj/node819/Jaiman/Wulver/fa24/SimData2/TIME.018': No such file or directory

Error termination. Backtrace:
At line 145 of file main.f90 (unit = 10)
Fortran runtime error: Cannot open file '/project/wangj/node819/Jaiman/Wulver/fa24/SimData2/TIME.018': No such file or directory

Error termination. Backtrace:
At line 145 of file main.f90 (unit = 10)
Fortran runtime error: Cannot open file '/project/wangj/node819/Jaiman/Wulver/fa24/SimData2/TIME.018': No such file or directory

Error termination. Backtrace:
At line 145 of file main.f90 (unit = 10)
Fortran runtime error: Cannot open file '/project/wangj/node819/Jaiman/Wulver/fa24/SimData2/TIME.018': No such file or directory

Error termination. Backtrace:
At line 145 of file main.f90 (unit = 10)
Fortran runtime error: Cannot open file '/project/wangj/node819/Jaiman/Wulver/fa24/SimData2/TIME.018': No such file or directory

Error termination. Backtrace:
At line 145 of file main.f90 (unit = 10)
Fortran runtime error: Cannot open file '/project/wangj/node819/Jaiman/Wulver/fa24/SimData2/TIME.018': No such file or directory

Error termination. Backtrace:
At line 145 of file main.f90 (unit = 10)
Fortran runtime error: Cannot open file '/project/wangj/node819/Jaiman/Wulver/fa24/SimData2/TIME.018': No such file or directory

Error termination. Backtrace:
At line 145 of file main.f90 (unit = 10)
Fortran runtime error: Cannot open file '/project/wangj/node819/Jaiman/Wulver/fa24/SimData2/TIME.018': No such file or directory

Error termination. Backtrace:
At line 145 of file main.f90 (unit = 10)
Fortran runtime error: Cannot open file '/project/wangj/node819/Jaiman/Wulver/fa24/SimData2/TIME.018': No such file or directory

Error termination. Backtrace:
At line 145 of file main.f90 (unit = 10)
Fortran runtime error: Cannot open file '/project/wangj/node819/Jaiman/Wulver/fa24/SimData2/TIME.018': No such file or directory

Error termination. Backtrace:
At line 145 of file main.f90 (unit = 10)
Fortran runtime error: Cannot open file '/project/wangj/node819/Jaiman/Wulver/fa24/SimData2/TIME.018': No such file or directory

Error termination. Backtrace:
At line 145 of file main.f90 (unit = 10)
Fortran runtime error: Cannot open file '/project/wangj/node819/Jaiman/Wulver/fa24/SimData2/TIME.018': No such file or directory

Error termination. Backtrace:
At line 145 of file main.f90 (unit = 10)
Fortran runtime error: Cannot open file '/project/wangj/node819/Jaiman/Wulver/fa24/SimData2/TIME.018': No such file or directory

Error termination. Backtrace:
At line 145 of file main.f90 (unit = 10)
Fortran runtime error: Cannot open file '/project/wangj/node819/Jaiman/Wulver/fa24/SimData2/TIME.018': No such file or directory

Error termination. Backtrace:
At line 145 of file main.f90 (unit = 10)
Fortran runtime error: Cannot open file '/project/wangj/node819/Jaiman/Wulver/fa24/SimData2/TIME.018': No such file or directory

Error termination. Backtrace:
At line 145 of file main.f90 (unit = 10)
Fortran runtime error: Cannot open file '/project/wangj/node819/Jaiman/Wulver/fa24/SimData2/TIME.018': No such file or directory

Error termination. Backtrace:
At line 145 of file main.f90 (unit = 10)
Fortran runtime error: Cannot open file '/project/wangj/node819/Jaiman/Wulver/fa24/SimData2/TIME.018': No such file or directory

Error termination. Backtrace:
At line 145 of file main.f90 (unit = 10)
Fortran runtime error: Cannot open file '/project/wangj/node819/Jaiman/Wulver/fa24/SimData2/TIME.018': No such file or directory

Error termination. Backtrace:
At line 145 of file main.f90 (unit = 10)
Fortran runtime error: Cannot open file '/project/wangj/node819/Jaiman/Wulver/fa24/SimData2/TIME.018': No such file or directory

Error termination. Backtrace:
At line 145 of file main.f90 (unit = 10)
Fortran runtime error: Cannot open file '/project/wangj/node819/Jaiman/Wulver/fa24/SimData2/TIME.018': No such file or directory

Error termination. Backtrace:
At line 145 of file main.f90 (unit = 10)
Fortran runtime error: Cannot open file '/project/wangj/node819/Jaiman/Wulver/fa24/SimData2/TIME.018': No such file or directory

Error termination. Backtrace:
At line 145 of file main.f90 (unit = 10)
Fortran runtime error: Cannot open file '/project/wangj/node819/Jaiman/Wulver/fa24/SimData2/TIME.018': No such file or directory

Error termination. Backtrace:
#0  0x1555552be3fd in already_open
	at ../../../libgfortran/io/open.c:742
#1  0x4035b3 in bline
	at /home/jdp46/github_MHD/ParticleTrace/HuuParticleTrace/main.f90:145
#2  0x403e98 in main
	at /home/jdp46/github_MHD/ParticleTrace/HuuParticleTrace/main.f90:236
#0  0x1555552be3fd in already_open
	at ../../../libgfortran/io/open.c:742
#1  0x4035b3 in bline
	at /home/jdp46/github_MHD/ParticleTrace/HuuParticleTrace/main.f90:145
#2  0x403e98 in main
	at /home/jdp46/github_MHD/ParticleTrace/HuuParticleTrace/main.f90:236
#0  0x1555552be3fd in already_open
#0  0x1555552be3fd in already_open
	at ../../../libgfortran/io/open.c:742
#1  0x4035b3 in bline
	at /home/jdp46/github_MHD/ParticleTrace/HuuParticleTrace/main.f90:145
#2  0x403e98 in main
	at /home/jdp46/github_MHD/ParticleTrace/HuuParticleTrace/main.f90:236
	at ../../../libgfortran/io/open.c:742
#1  0x4035b3 in bline
	at /home/jdp46/github_MHD/ParticleTrace/HuuParticleTrace/main.f90:145
#2  0x403e98 in main
	at /home/jdp46/github_MHD/ParticleTrace/HuuParticleTrace/main.f90:236
#0  0x1555552be3fd in already_open
	at ../../../libgfortran/io/open.c:742
#0  0x1555552be3fd in already_open
	at ../../../libgfortran/io/open.c:742
#0  0x1555552be3fd in already_open
	at ../../../libgfortran/io/open.c:742
#1  0x4035b3 in bline
	at /home/jdp46/github_MHD/ParticleTrace/HuuParticleTrace/main.f90:145
#2  0x403e98 in main
	at /home/jdp46/github_MHD/ParticleTrace/HuuParticleTrace/main.f90:236
#1  0x4035b3 in bline
	at /home/jdp46/github_MHD/ParticleTrace/HuuParticleTrace/main.f90:145
#2  0x403e98 in main
	at /home/jdp46/github_MHD/ParticleTrace/HuuParticleTrace/main.f90:236
#1  0x4035b3 in bline
	at /home/jdp46/github_MHD/ParticleTrace/HuuParticleTrace/main.f90:145
#2  0x403e98 in main
	at /home/jdp46/github_MHD/ParticleTrace/HuuParticleTrace/main.f90:236
#0  0x1555552be3fd in already_open
	at ../../../libgfortran/io/open.c:742
#0  0x1555552be3fd in already_open
	at ../../../libgfortran/io/open.c:742
#1  0x4035b3 in bline
	at /home/jdp46/github_MHD/ParticleTrace/HuuParticleTrace/main.f90:145
#2  0x403e98 in main
	at /home/jdp46/github_MHD/ParticleTrace/HuuParticleTrace/main.f90:236
#1  0x4035b3 in bline
	at /home/jdp46/github_MHD/ParticleTrace/HuuParticleTrace/main.f90:145
#2  0x403e98 in main
	at /home/jdp46/github_MHD/ParticleTrace/HuuParticleTrace/main.f90:236
#0  0x1555552be3fd in already_open
	at ../../../libgfortran/io/open.c:742
#1  0x4035b3 in bline
	at /home/jdp46/github_MHD/ParticleTrace/HuuParticleTrace/main.f90:145
#2  0x403e98 in main
	at /home/jdp46/github_MHD/ParticleTrace/HuuParticleTrace/main.f90:236
#0  0x1555552be3fd in already_open
	at ../../../libgfortran/io/open.c:742
#0  0x1555552be3fd in already_open
	at ../../../libgfortran/io/open.c:742
#0  0x1555552be3fd in already_open
	at ../../../libgfortran/io/open.c:742
#1  0x4035b3 in bline
	at /home/jdp46/github_MHD/ParticleTrace/HuuParticleTrace/main.f90:145
#2  0x403e98 in main
	at /home/jdp46/github_MHD/ParticleTrace/HuuParticleTrace/main.f90:236
#0  0x1555552be3fd in already_open
	at ../../../libgfortran/io/open.c:742
#1  0x4035b3 in bline
	at /home/jdp46/github_MHD/ParticleTrace/HuuParticleTrace/main.f90:145
#2  0x403e98 in main
	at /home/jdp46/github_MHD/ParticleTrace/HuuParticleTrace/main.f90:236
#1  0x4035b3 in bline
	at /home/jdp46/github_MHD/ParticleTrace/HuuParticleTrace/main.f90:145
#2  0x403e98 in main
	at /home/jdp46/github_MHD/ParticleTrace/HuuParticleTrace/main.f90:236
#1  0x4035b3 in bline
	at /home/jdp46/github_MHD/ParticleTrace/HuuParticleTrace/main.f90:145
#2  0x403e98 in main
	at /home/jdp46/github_MHD/ParticleTrace/HuuParticleTrace/main.f90:236
#0  0x1555552be3fd in already_open
	at ../../../libgfortran/io/open.c:742
#1  0x4035b3 in bline
	at /home/jdp46/github_MHD/ParticleTrace/HuuParticleTrace/main.f90:145
#2  0x403e98 in main
	at /home/jdp46/github_MHD/ParticleTrace/HuuParticleTrace/main.f90:236
#0  0x1555552be3fd in already_open
	at ../../../libgfortran/io/open.c:742
#1  0x4035b3 in bline
	at /home/jdp46/github_MHD/ParticleTrace/HuuParticleTrace/main.f90:145
#2  0x403e98 in main
	at /home/jdp46/github_MHD/ParticleTrace/HuuParticleTrace/main.f90:236
#0  0x1555552be3fd in already_open
	at ../../../libgfortran/io/open.c:742
#1  0x4035b3 in bline
	at /home/jdp46/github_MHD/ParticleTrace/HuuParticleTrace/main.f90:145
#2  0x403e98 in main
	at /home/jdp46/github_MHD/ParticleTrace/HuuParticleTrace/main.f90:236
#0  0x1555552be3fd in already_open
	at ../../../libgfortran/io/open.c:742
#1  0x4035b3 in bline
	at /home/jdp46/github_MHD/ParticleTrace/HuuParticleTrace/main.f90:145
#2  0x403e98 in main
	at /home/jdp46/github_MHD/ParticleTrace/HuuParticleTrace/main.f90:236
#0  0x1555552be3fd in already_open
	at ../../../libgfortran/io/open.c:742
#1  0x4035b3 in bline
	at /home/jdp46/github_MHD/ParticleTrace/HuuParticleTrace/main.f90:145
#2  0x403e98 in main
	at /home/jdp46/github_MHD/ParticleTrace/HuuParticleTrace/main.f90:236
#0  0x1555552be3fd in already_open
	at ../../../libgfortran/io/open.c:742
#1  0x4035b3 in bline
	at /home/jdp46/github_MHD/ParticleTrace/HuuParticleTrace/main.f90:145
#2  0x403e98 in main
	at /home/jdp46/github_MHD/ParticleTrace/HuuParticleTrace/main.f90:236
#0  0x1555552be3fd in already_open
	at ../../../libgfortran/io/open.c:742
#0  0x1555552be3fd in already_open
	at ../../../libgfortran/io/open.c:742
#1  0x4035b3 in bline
	at /home/jdp46/github_MHD/ParticleTrace/HuuParticleTrace/main.f90:145
#2  0x403e98 in main
	at /home/jdp46/github_MHD/ParticleTrace/HuuParticleTrace/main.f90:236
#1  0x4035b3 in bline
	at /home/jdp46/github_MHD/ParticleTrace/HuuParticleTrace/main.f90:145
#2  0x403e98 in main
	at /home/jdp46/github_MHD/ParticleTrace/HuuParticleTrace/main.f90:236
#0  0x1555552be3fd in already_open
	at ../../../libgfortran/io/open.c:742
#0  0x1555552be3fd in already_open
	at ../../../libgfortran/io/open.c:742
#1  0x4035b3 in bline
	at /home/jdp46/github_MHD/ParticleTrace/HuuParticleTrace/main.f90:145
#2  0x403e98 in main
	at /home/jdp46/github_MHD/ParticleTrace/HuuParticleTrace/main.f90:236
#1  0x4035b3 in bline
	at /home/jdp46/github_MHD/ParticleTrace/HuuParticleTrace/main.f90:145
#2  0x403e98 in main
	at /home/jdp46/github_MHD/ParticleTrace/HuuParticleTrace/main.f90:236
#0  0x1555552be3fd in already_open
	at ../../../libgfortran/io/open.c:742
#1  0x4035b3 in bline
	at /home/jdp46/github_MHD/ParticleTrace/HuuParticleTrace/main.f90:145
#2  0x403e98 in main
	at /home/jdp46/github_MHD/ParticleTrace/HuuParticleTrace/main.f90:236
#0  0x1555552be3fd in already_open
	at ../../../libgfortran/io/open.c:742
#1  0x4035b3 in bline
	at /home/jdp46/github_MHD/ParticleTrace/HuuParticleTrace/main.f90:145
#2  0x403e98 in main
	at /home/jdp46/github_MHD/ParticleTrace/HuuParticleTrace/main.f90:236
#0  0x1555552be3fd in already_open
	at ../../../libgfortran/io/open.c:742
#1  0x4035b3 in bline
	at /home/jdp46/github_MHD/ParticleTrace/HuuParticleTrace/main.f90:145
#2  0x403e98 in main
	at /home/jdp46/github_MHD/ParticleTrace/HuuParticleTrace/main.f90:236
#0  0x1555552be3fd in already_open
	at ../../../libgfortran/io/open.c:742
#1  0x4035b3 in bline
	at /home/jdp46/github_MHD/ParticleTrace/HuuParticleTrace/main.f90:145
#2  0x403e98 in main
	at /home/jdp46/github_MHD/ParticleTrace/HuuParticleTrace/main.f90:236
#0  0x1555552be3fd in already_open
	at ../../../libgfortran/io/open.c:742
#1  0x4035b3 in bline
	at /home/jdp46/github_MHD/ParticleTrace/HuuParticleTrace/main.f90:145
#2  0x403e98 in main
	at /home/jdp46/github_MHD/ParticleTrace/HuuParticleTrace/main.f90:236
#0  0x1555552be3fd in already_open
	at ../../../libgfortran/io/open.c:742
#1  0x4035b3 in bline
	at /home/jdp46/github_MHD/ParticleTrace/HuuParticleTrace/main.f90:145
#2  0x403e98 in main
	at /home/jdp46/github_MHD/ParticleTrace/HuuParticleTrace/main.f90:236
#0  0x1555552be3fd in already_open
	at ../../../libgfortran/io/open.c:742
#1  0x4035b3 in bline
	at /home/jdp46/github_MHD/ParticleTrace/HuuParticleTrace/main.f90:145
#2  0x403e98 in main
	at /home/jdp46/github_MHD/ParticleTrace/HuuParticleTrace/main.f90:236
#0  0x1555552be3fd in already_open
	at ../../../libgfortran/io/open.c:742
#1  0x4035b3 in bline
	at /home/jdp46/github_MHD/ParticleTrace/HuuParticleTrace/main.f90:145
#2  0x403e98 in main
	at /home/jdp46/github_MHD/ParticleTrace/HuuParticleTrace/main.f90:236
#0  0x1555552be3fd in already_open
	at ../../../libgfortran/io/open.c:742
#0  0x1555552be3fd in already_open
	at ../../../libgfortran/io/open.c:742
#1  0x4035b3 in bline
	at /home/jdp46/github_MHD/ParticleTrace/HuuParticleTrace/main.f90:145
#2  0x403e98 in main
	at /home/jdp46/github_MHD/ParticleTrace/HuuParticleTrace/main.f90:236
#1  0x4035b3 in bline
	at /home/jdp46/github_MHD/ParticleTrace/HuuParticleTrace/main.f90:145
#2  0x403e98 in main
	at /home/jdp46/github_MHD/ParticleTrace/HuuParticleTrace/main.f90:236
#0  0x1555552be3fd in already_open
	at ../../../libgfortran/io/open.c:742
#1  0x4035b3 in bline
	at /home/jdp46/github_MHD/ParticleTrace/HuuParticleTrace/main.f90:145
#2  0x403e98 in main
	at /home/jdp46/github_MHD/ParticleTrace/HuuParticleTrace/main.f90:236
#0  0x1555552be3fd in already_open
	at ../../../libgfortran/io/open.c:742
#1  0x4035b3 in bline
	at /home/jdp46/github_MHD/ParticleTrace/HuuParticleTrace/main.f90:145
#2  0x403e98 in main
	at /home/jdp46/github_MHD/ParticleTrace/HuuParticleTrace/main.f90:236
#0  0x1555552be3fd in already_open
	at ../../../libgfortran/io/open.c:742
#1  0x4035b3 in bline
	at /home/jdp46/github_MHD/ParticleTrace/HuuParticleTrace/main.f90:145
#2  0x403e98 in main
	at /home/jdp46/github_MHD/ParticleTrace/HuuParticleTrace/main.f90:236
#0  0x1555552be3fd in already_open
	at ../../../libgfortran/io/open.c:742
#1  0x4035b3 in bline
	at /home/jdp46/github_MHD/ParticleTrace/HuuParticleTrace/main.f90:145
#2  0x403e98 in main
	at /home/jdp46/github_MHD/ParticleTrace/HuuParticleTrace/main.f90:236
#0  0x1555552be3fd in already_open
	at ../../../libgfortran/io/open.c:742
#1  0x4035b3 in bline
	at /home/jdp46/github_MHD/ParticleTrace/HuuParticleTrace/main.f90:145
#2  0x403e98 in main
	at /home/jdp46/github_MHD/ParticleTrace/HuuParticleTrace/main.f90:236
#0  0x1555552be3fd in already_open
	at ../../../libgfortran/io/open.c:742
#1  0x4035b3 in bline
	at /home/jdp46/github_MHD/ParticleTrace/HuuParticleTrace/main.f90:145
#2  0x403e98 in main
	at /home/jdp46/github_MHD/ParticleTrace/HuuParticleTrace/main.f90:236
#0  0x1555552be3fd in already_open
	at ../../../libgfortran/io/open.c:742
#1  0x4035b3 in bline
	at /home/jdp46/github_MHD/ParticleTrace/HuuParticleTrace/main.f90:145
#2  0x403e98 in main
	at /home/jdp46/github_MHD/ParticleTrace/HuuParticleTrace/main.f90:236
#0  0x1555552be3fd in already_open
	at ../../../libgfortran/io/open.c:742
#1  0x4035b3 in bline
	at /home/jdp46/github_MHD/ParticleTrace/HuuParticleTrace/main.f90:145
#2  0x403e98 in main
	at /home/jdp46/github_MHD/ParticleTrace/HuuParticleTrace/main.f90:236
#0  0x1555552be3fd in already_open
	at ../../../libgfortran/io/open.c:742
#0  0x1555552be3fd in already_open
	at ../../../libgfortran/io/open.c:742
#1  0x4035b3 in bline
	at /home/jdp46/github_MHD/ParticleTrace/HuuParticleTrace/main.f90:145
#2  0x403e98 in main
	at /home/jdp46/github_MHD/ParticleTrace/HuuParticleTrace/main.f90:236
#0  0x1555552be3fd in already_open
	at ../../../libgfortran/io/open.c:742
#1  0x4035b3 in bline
	at /home/jdp46/github_MHD/ParticleTrace/HuuParticleTrace/main.f90:145
#2  0x403e98 in main
	at /home/jdp46/github_MHD/ParticleTrace/HuuParticleTrace/main.f90:236
#1  0x4035b3 in bline
	at /home/jdp46/github_MHD/ParticleTrace/HuuParticleTrace/main.f90:145
#2  0x403e98 in main
	at /home/jdp46/github_MHD/ParticleTrace/HuuParticleTrace/main.f90:236
#0  0x1555552be3fd in already_open
	at ../../../libgfortran/io/open.c:742
#1  0x4035b3 in bline
	at /home/jdp46/github_MHD/ParticleTrace/HuuParticleTrace/main.f90:145
#2  0x403e98 in main
	at /home/jdp46/github_MHD/ParticleTrace/HuuParticleTrace/main.f90:236
At line 145 of file main.f90 (unit = 10)
Fortran runtime error: Cannot open file '/project/wangj/node819/Jaiman/Wulver/fa24/SimData2/TIME.018': No such file or directory

Error termination. Backtrace:
At line 145 of file main.f90 (unit = 10)
Fortran runtime error: Cannot open file '/project/wangj/node819/Jaiman/Wulver/fa24/SimData2/TIME.018': No such file or directory

Error termination. Backtrace:
#0  0x1555552be3fd in already_open
	at ../../../libgfortran/io/open.c:742
#0  0x1555552be3fd in already_open
	at ../../../libgfortran/io/open.c:742
#1  0x4035b3 in bline
	at /home/jdp46/github_MHD/ParticleTrace/HuuParticleTrace/main.f90:145
#1  0x4035b3 in bline
	at /home/jdp46/github_MHD/ParticleTrace/HuuParticleTrace/main.f90:145
#2  0x403e98 in main
	at /home/jdp46/github_MHD/ParticleTrace/HuuParticleTrace/main.f90:236
#2  0x403e98 in main
	at /home/jdp46/github_MHD/ParticleTrace/HuuParticleTrace/main.f90:236
srun: error: n0041: tasks 0-47: Exited with exit code 2
