main.f90:52:17:

   51 |   do i = 0, nxl
      |               2  
   52 |      xc(i) = xc0(nx0+i*leapx)
      |                 1
Warning: Array reference at (1) out of bounds (361 > 360) in loop beginning at (2)
main.f90:56:17:

   55 |   do j = 0, nyl
      |               2  
   56 |      yc(j) = yc0(ny0+j*leapy)
      |                 1
Warning: Array reference at (1) out of bounds (361 > 360) in loop beginning at (2)
At line 101 of file main.f90 (unit = 10, file = '/project/wangj/node819/Jaiman/Wulver/fa24/SimData/B3D.001.BX.R.018')
Fortran runtime error: I/O past end of record on unformatted file

Error termination. Backtrace:
At line 101 of file main.f90 (unit = 10, file = '/project/wangj/node819/Jaiman/Wulver/fa24/SimData/B3D.001.BX.R.018')
Fortran runtime error: I/O past end of record on unformatted file

Error termination. Backtrace:
At line 101 of file main.f90 (unit = 10, file = '/project/wangj/node819/Jaiman/Wulver/fa24/SimData/B3D.001.BX.R.018')
Fortran runtime error: I/O past end of record on unformatted file

Error termination. Backtrace:
At line 101 of file main.f90 (unit = 10, file = '/project/wangj/node819/Jaiman/Wulver/fa24/SimData/B3D.001.BX.R.018')
Fortran runtime error: I/O past end of record on unformatted file

Error termination. Backtrace:
At line 101 of file main.f90 (unit = 10, file = '/project/wangj/node819/Jaiman/Wulver/fa24/SimData/B3D.001.BX.R.018')
Fortran runtime error: I/O past end of record on unformatted file

Error termination. Backtrace:
At line 101 of file main.f90 (unit = 10, file = '/project/wangj/node819/Jaiman/Wulver/fa24/SimData/B3D.001.BX.R.018')
Fortran runtime error: I/O past end of record on unformatted file

Error termination. Backtrace:
At line 101 of file main.f90 (unit = 10, file = '/project/wangj/node819/Jaiman/Wulver/fa24/SimData/B3D.001.BX.R.018')
Fortran runtime error: I/O past end of record on unformatted file

Error termination. Backtrace:
At line 101 of file main.f90 (unit = 10, file = '/project/wangj/node819/Jaiman/Wulver/fa24/SimData/B3D.001.BX.R.018')
Fortran runtime error: I/O past end of record on unformatted file

Error termination. Backtrace:
At line 101 of file main.f90 (unit = 10, file = '/project/wangj/node819/Jaiman/Wulver/fa24/SimData/B3D.001.BX.R.018')
Fortran runtime error: I/O past end of record on unformatted file

Error termination. Backtrace:
At line 101 of file main.f90 (unit = 10, file = '/project/wangj/node819/Jaiman/Wulver/fa24/SimData/B3D.001.BX.R.018')
Fortran runtime error: I/O past end of record on unformatted file

Error termination. Backtrace:
At line 101 of file main.f90 (unit = 10, file = '/project/wangj/node819/Jaiman/Wulver/fa24/SimData/B3D.001.BX.R.018')
Fortran runtime error: I/O past end of record on unformatted file

Error termination. Backtrace:
At line 101 of file main.f90 (unit = 10, file = '/project/wangj/node819/Jaiman/Wulver/fa24/SimData/B3D.001.BX.R.018')
Fortran runtime error: I/O past end of record on unformatted file

Error termination. Backtrace:
At line 101 of file main.f90 (unit = 10, file = '/project/wangj/node819/Jaiman/Wulver/fa24/SimData/B3D.001.BX.R.018')
Fortran runtime error: I/O past end of record on unformatted file

Error termination. Backtrace:
At line 101 of file main.f90 (unit = 10, file = '/project/wangj/node819/Jaiman/Wulver/fa24/SimData/B3D.001.BX.R.018')
Fortran runtime error: I/O past end of record on unformatted file

Error termination. Backtrace:
At line 101 of file main.f90 (unit = 10, file = '/project/wangj/node819/Jaiman/Wulver/fa24/SimData/B3D.001.BX.R.018')
Fortran runtime error: I/O past end of record on unformatted file

Error termination. Backtrace:
At line 101 of file main.f90 (unit = 10, file = '/project/wangj/node819/Jaiman/Wulver/fa24/SimData/B3D.001.BX.R.018')
Fortran runtime error: I/O past end of record on unformatted file

Error termination. Backtrace:
At line 101 of file main.f90 (unit = 10, file = '/project/wangj/node819/Jaiman/Wulver/fa24/SimData/B3D.001.BX.R.018')
Fortran runtime error: I/O past end of record on unformatted file

Error termination. Backtrace:
At line 101 of file main.f90 (unit = 10, file = '/project/wangj/node819/Jaiman/Wulver/fa24/SimData/B3D.001.BX.R.018')
Fortran runtime error: I/O past end of record on unformatted file

Error termination. Backtrace:
At line 101 of file main.f90 (unit = 10, file = '/project/wangj/node819/Jaiman/Wulver/fa24/SimData/B3D.001.BX.R.018')
Fortran runtime error: I/O past end of record on unformatted file

Error termination. Backtrace:
At line 101 of file main.f90 (unit = 10, file = '/project/wangj/node819/Jaiman/Wulver/fa24/SimData/B3D.001.BX.R.018')
Fortran runtime error: I/O past end of record on unformatted file

Error termination. Backtrace:
At line 101 of file main.f90 (unit = 10, file = '/project/wangj/node819/Jaiman/Wulver/fa24/SimData/B3D.001.BX.R.018')
Fortran runtime error: I/O past end of record on unformatted file

Error termination. Backtrace:
At line 101 of file main.f90 (unit = 10, file = '/project/wangj/node819/Jaiman/Wulver/fa24/SimData/B3D.001.BX.R.018')
Fortran runtime error: I/O past end of record on unformatted file

Error termination. Backtrace:
At line 101 of file main.f90 (unit = 10, file = '/project/wangj/node819/Jaiman/Wulver/fa24/SimData/B3D.001.BX.R.018')
Fortran runtime error: I/O past end of record on unformatted file

Error termination. Backtrace:
At line 101 of file main.f90 (unit = 10, file = '/project/wangj/node819/Jaiman/Wulver/fa24/SimData/B3D.001.BX.R.018')
Fortran runtime error: I/O past end of record on unformatted file

Error termination. Backtrace:
At line 101 of file main.f90 (unit = 10, file = '/project/wangj/node819/Jaiman/Wulver/fa24/SimData/B3D.001.BX.R.018')
Fortran runtime error: I/O past end of record on unformatted file

Error termination. Backtrace:
At line 101 of file main.f90 (unit = 10, file = '/project/wangj/node819/Jaiman/Wulver/fa24/SimData/B3D.001.BX.R.018')
Fortran runtime error: I/O past end of record on unformatted file

Error termination. Backtrace:
At line 101 of file main.f90 (unit = 10, file = '/project/wangj/node819/Jaiman/Wulver/fa24/SimData/B3D.001.BX.R.018')
Fortran runtime error: I/O past end of record on unformatted file

Error termination. Backtrace:
At line 101 of file main.f90 (unit = 10, file = '/project/wangj/node819/Jaiman/Wulver/fa24/SimData/B3D.001.BX.R.018')
Fortran runtime error: I/O past end of record on unformatted file

Error termination. Backtrace:
At line 101 of file main.f90 (unit = 10, file = '/project/wangj/node819/Jaiman/Wulver/fa24/SimData/B3D.001.BX.R.018')
Fortran runtime error: I/O past end of record on unformatted file

Error termination. Backtrace:
At line 101 of file main.f90 (unit = 10, file = '/project/wangj/node819/Jaiman/Wulver/fa24/SimData/B3D.001.BX.R.018')
Fortran runtime error: I/O past end of record on unformatted file

Error termination. Backtrace:
At line 101 of file main.f90 (unit = 10, file = '/project/wangj/node819/Jaiman/Wulver/fa24/SimData/B3D.001.BX.R.018')
Fortran runtime error: I/O past end of record on unformatted file

Error termination. Backtrace:
At line 101 of file main.f90 (unit = 10, file = '/project/wangj/node819/Jaiman/Wulver/fa24/SimData/B3D.001.BX.R.018')
Fortran runtime error: I/O past end of record on unformatted file

Error termination. Backtrace:
At line 101 of file main.f90 (unit = 10, file = '/project/wangj/node819/Jaiman/Wulver/fa24/SimData/B3D.001.BX.R.018')
Fortran runtime error: I/O past end of record on unformatted file

Error termination. Backtrace:
At line 101 of file main.f90 (unit = 10, file = '/project/wangj/node819/Jaiman/Wulver/fa24/SimData/B3D.001.BX.R.018')
Fortran runtime error: I/O past end of record on unformatted file

Error termination. Backtrace:
At line 101 of file main.f90 (unit = 10, file = '/project/wangj/node819/Jaiman/Wulver/fa24/SimData/B3D.001.BX.R.018')
Fortran runtime error: I/O past end of record on unformatted file

Error termination. Backtrace:
At line 101 of file main.f90 (unit = 10, file = '/project/wangj/node819/Jaiman/Wulver/fa24/SimData/B3D.001.BX.R.018')
Fortran runtime error: I/O past end of record on unformatted file

Error termination. Backtrace:
At line 101 of file main.f90 (unit = 10, file = '/project/wangj/node819/Jaiman/Wulver/fa24/SimData/B3D.001.BX.R.018')
Fortran runtime error: I/O past end of record on unformatted file

Error termination. Backtrace:
At line 101 of file main.f90 (unit = 10, file = '/project/wangj/node819/Jaiman/Wulver/fa24/SimData/B3D.001.BX.R.018')
Fortran runtime error: I/O past end of record on unformatted file

Error termination. Backtrace:
At line 101 of file main.f90 (unit = 10, file = '/project/wangj/node819/Jaiman/Wulver/fa24/SimData/B3D.001.BX.R.018')
Fortran runtime error: I/O past end of record on unformatted file

Error termination. Backtrace:
At line 101 of file main.f90 (unit = 10, file = '/project/wangj/node819/Jaiman/Wulver/fa24/SimData/B3D.001.BX.R.018')
Fortran runtime error: I/O past end of record on unformatted file

Error termination. Backtrace:
At line 101 of file main.f90 (unit = 10, file = '/project/wangj/node819/Jaiman/Wulver/fa24/SimData/B3D.001.BX.R.018')
Fortran runtime error: I/O past end of record on unformatted file

Error termination. Backtrace:
At line 101 of file main.f90 (unit = 10, file = '/project/wangj/node819/Jaiman/Wulver/fa24/SimData/B3D.001.BX.R.018')
Fortran runtime error: I/O past end of record on unformatted file

Error termination. Backtrace:
At line 101 of file main.f90 (unit = 10, file = '/project/wangj/node819/Jaiman/Wulver/fa24/SimData/B3D.001.BX.R.018')
Fortran runtime error: I/O past end of record on unformatted file

Error termination. Backtrace:
At line 101 of file main.f90 (unit = 10, file = '/project/wangj/node819/Jaiman/Wulver/fa24/SimData/B3D.001.BX.R.018')
Fortran runtime error: I/O past end of record on unformatted file

Error termination. Backtrace:
At line 101 of file main.f90 (unit = 10, file = '/project/wangj/node819/Jaiman/Wulver/fa24/SimData/B3D.001.BX.R.018')
Fortran runtime error: I/O past end of record on unformatted file

Error termination. Backtrace:
At line 101 of file main.f90 (unit = 10, file = '/project/wangj/node819/Jaiman/Wulver/fa24/SimData/B3D.001.BX.R.018')
Fortran runtime error: I/O past end of record on unformatted file

Error termination. Backtrace:
At line 101 of file main.f90 (unit = 10, file = '/project/wangj/node819/Jaiman/Wulver/fa24/SimData/B3D.001.BX.R.018')
Fortran runtime error: I/O past end of record on unformatted file

Error termination. Backtrace:
At line 101 of file main.f90 (unit = 10, file = '/project/wangj/node819/Jaiman/Wulver/fa24/SimData/B3D.001.BX.R.018')
Fortran runtime error: I/O past end of record on unformatted file

Error termination. Backtrace:
#0  0x1555552c65c9 in read_block_direct
	at ../../../libgfortran/io/transfer.c:789
#1  0x1555552c65c9 in unformatted_read
	at ../../../libgfortran/io/transfer.c:1129
#2  0x4025d6 in bline
	at /home/jdp46/github_MHD/ParticleTrace/HuuParticleTrace/main.f90:101
#0  0x1555552c65c9 in read_block_direct
	at ../../../libgfortran/io/transfer.c:789
#1  0x1555552c65c9 in unformatted_read
	at ../../../libgfortran/io/transfer.c:1129
#2  0x4025d6 in bline
	at /home/jdp46/github_MHD/ParticleTrace/HuuParticleTrace/main.f90:101
#3  0x403e85 in main
	at /home/jdp46/github_MHD/ParticleTrace/HuuParticleTrace/main.f90:236
#3  0x403e85 in main
	at /home/jdp46/github_MHD/ParticleTrace/HuuParticleTrace/main.f90:236
#0  0x1555552c65c9 in read_block_direct
	at ../../../libgfortran/io/transfer.c:789
#1  0x1555552c65c9 in unformatted_read
	at ../../../libgfortran/io/transfer.c:1129
#2  0x4025d6 in bline
	at /home/jdp46/github_MHD/ParticleTrace/HuuParticleTrace/main.f90:101
#3  0x403e85 in main
	at /home/jdp46/github_MHD/ParticleTrace/HuuParticleTrace/main.f90:236
#0  0x1555552c65c9 in read_block_direct
	at ../../../libgfortran/io/transfer.c:789
#1  0x1555552c65c9 in unformatted_read
	at ../../../libgfortran/io/transfer.c:1129
#2  0x4025d6 in bline
	at /home/jdp46/github_MHD/ParticleTrace/HuuParticleTrace/main.f90:101
#3  0x403e85 in main
	at /home/jdp46/github_MHD/ParticleTrace/HuuParticleTrace/main.f90:236
#0  0x1555552c65c9 in read_block_direct
	at ../../../libgfortran/io/transfer.c:789
#1  0x1555552c65c9 in unformatted_read
	at ../../../libgfortran/io/transfer.c:1129
#2  0x4025d6 in bline
	at /home/jdp46/github_MHD/ParticleTrace/HuuParticleTrace/main.f90:101
#3  0x403e85 in main
	at /home/jdp46/github_MHD/ParticleTrace/HuuParticleTrace/main.f90:236
#0  0x1555552c65c9 in read_block_direct
	at ../../../libgfortran/io/transfer.c:789
#1  0x1555552c65c9 in unformatted_read
	at ../../../libgfortran/io/transfer.c:1129
#2  0x4025d6 in bline
	at /home/jdp46/github_MHD/ParticleTrace/HuuParticleTrace/main.f90:101
#3  0x403e85 in main
	at /home/jdp46/github_MHD/ParticleTrace/HuuParticleTrace/main.f90:236
#0  0x1555552c65c9 in read_block_direct
	at ../../../libgfortran/io/transfer.c:789
#1  0x1555552c65c9 in unformatted_read
	at ../../../libgfortran/io/transfer.c:1129
#2  0x4025d6 in bline
	at /home/jdp46/github_MHD/ParticleTrace/HuuParticleTrace/main.f90:101
#3  0x403e85 in main
	at /home/jdp46/github_MHD/ParticleTrace/HuuParticleTrace/main.f90:236
#0  0x1555552c65c9 in read_block_direct
	at ../../../libgfortran/io/transfer.c:789
#1  0x1555552c65c9 in unformatted_read
	at ../../../libgfortran/io/transfer.c:1129
#2  0x4025d6 in bline
	at /home/jdp46/github_MHD/ParticleTrace/HuuParticleTrace/main.f90:101
#3  0x403e85 in main
	at /home/jdp46/github_MHD/ParticleTrace/HuuParticleTrace/main.f90:236
#0  0x1555552c65c9 in read_block_direct
	at ../../../libgfortran/io/transfer.c:789
#1  0x1555552c65c9 in unformatted_read
	at ../../../libgfortran/io/transfer.c:1129
#2  0x4025d6 in bline
	at /home/jdp46/github_MHD/ParticleTrace/HuuParticleTrace/main.f90:101
#3  0x403e85 in main
	at /home/jdp46/github_MHD/ParticleTrace/HuuParticleTrace/main.f90:236
#0  0x1555552c65c9 in read_block_direct
	at ../../../libgfortran/io/transfer.c:789
#1  0x1555552c65c9 in unformatted_read
	at ../../../libgfortran/io/transfer.c:1129
#2  0x4025d6 in bline
	at /home/jdp46/github_MHD/ParticleTrace/HuuParticleTrace/main.f90:101
#3  0x403e85 in main
	at /home/jdp46/github_MHD/ParticleTrace/HuuParticleTrace/main.f90:236
#0  0x1555552c65c9 in read_block_direct
	at ../../../libgfortran/io/transfer.c:789
#1  0x1555552c65c9 in unformatted_read
	at ../../../libgfortran/io/transfer.c:1129
#0  0x1555552c65c9 in read_block_direct
	at ../../../libgfortran/io/transfer.c:789
#1  0x1555552c65c9 in unformatted_read
	at ../../../libgfortran/io/transfer.c:1129
#2  0x4025d6 in bline
	at /home/jdp46/github_MHD/ParticleTrace/HuuParticleTrace/main.f90:101
#3  0x403e85 in main
	at /home/jdp46/github_MHD/ParticleTrace/HuuParticleTrace/main.f90:236
#2  0x4025d6 in bline
	at /home/jdp46/github_MHD/ParticleTrace/HuuParticleTrace/main.f90:101
#3  0x403e85 in main
	at /home/jdp46/github_MHD/ParticleTrace/HuuParticleTrace/main.f90:236
#0  0x1555552c65c9 in read_block_direct
	at ../../../libgfortran/io/transfer.c:789
#1  0x1555552c65c9 in unformatted_read
	at ../../../libgfortran/io/transfer.c:1129
#2  0x4025d6 in bline
	at /home/jdp46/github_MHD/ParticleTrace/HuuParticleTrace/main.f90:101
#3  0x403e85 in main
	at /home/jdp46/github_MHD/ParticleTrace/HuuParticleTrace/main.f90:236
#0  0x1555552c65c9 in read_block_direct
	at ../../../libgfortran/io/transfer.c:789
#1  0x1555552c65c9 in unformatted_read
	at ../../../libgfortran/io/transfer.c:1129
#2  0x4025d6 in bline
	at /home/jdp46/github_MHD/ParticleTrace/HuuParticleTrace/main.f90:101
#3  0x403e85 in main
	at /home/jdp46/github_MHD/ParticleTrace/HuuParticleTrace/main.f90:236
#0  0x1555552c65c9 in read_block_direct
	at ../../../libgfortran/io/transfer.c:789
#1  0x1555552c65c9 in unformatted_read
	at ../../../libgfortran/io/transfer.c:1129
#2  0x4025d6 in bline
	at /home/jdp46/github_MHD/ParticleTrace/HuuParticleTrace/main.f90:101
#3  0x403e85 in main
	at /home/jdp46/github_MHD/ParticleTrace/HuuParticleTrace/main.f90:236
#0  0x1555552c65c9 in read_block_direct
	at ../../../libgfortran/io/transfer.c:789
#1  0x1555552c65c9 in unformatted_read
	at ../../../libgfortran/io/transfer.c:1129
#2  0x4025d6 in bline
	at /home/jdp46/github_MHD/ParticleTrace/HuuParticleTrace/main.f90:101
#3  0x403e85 in main
	at /home/jdp46/github_MHD/ParticleTrace/HuuParticleTrace/main.f90:236
#0  0x1555552c65c9 in read_block_direct
	at ../../../libgfortran/io/transfer.c:789
#1  0x1555552c65c9 in unformatted_read
	at ../../../libgfortran/io/transfer.c:1129
#2  0x4025d6 in bline
	at /home/jdp46/github_MHD/ParticleTrace/HuuParticleTrace/main.f90:101
#3  0x403e85 in main
	at /home/jdp46/github_MHD/ParticleTrace/HuuParticleTrace/main.f90:236
#0  0x1555552c65c9 in read_block_direct
	at ../../../libgfortran/io/transfer.c:789
#1  0x1555552c65c9 in unformatted_read
	at ../../../libgfortran/io/transfer.c:1129
#2  0x4025d6 in bline
	at /home/jdp46/github_MHD/ParticleTrace/HuuParticleTrace/main.f90:101
#3  0x403e85 in main
	at /home/jdp46/github_MHD/ParticleTrace/HuuParticleTrace/main.f90:236
#0  0x1555552c65c9 in read_block_direct
	at ../../../libgfortran/io/transfer.c:789
#1  0x1555552c65c9 in unformatted_read
	at ../../../libgfortran/io/transfer.c:1129
#2  0x4025d6 in bline
	at /home/jdp46/github_MHD/ParticleTrace/HuuParticleTrace/main.f90:101
#3  0x403e85 in main
	at /home/jdp46/github_MHD/ParticleTrace/HuuParticleTrace/main.f90:236
#0  0x1555552c65c9 in read_block_direct
	at ../../../libgfortran/io/transfer.c:789
#1  0x1555552c65c9 in unformatted_read
	at ../../../libgfortran/io/transfer.c:1129
#2  0x4025d6 in bline
	at /home/jdp46/github_MHD/ParticleTrace/HuuParticleTrace/main.f90:101
#3  0x403e85 in main
	at /home/jdp46/github_MHD/ParticleTrace/HuuParticleTrace/main.f90:236
#0  0x1555552c65c9 in read_block_direct
	at ../../../libgfortran/io/transfer.c:789
#1  0x1555552c65c9 in unformatted_read
	at ../../../libgfortran/io/transfer.c:1129
#2  0x4025d6 in bline
	at /home/jdp46/github_MHD/ParticleTrace/HuuParticleTrace/main.f90:101
#3  0x403e85 in main
	at /home/jdp46/github_MHD/ParticleTrace/HuuParticleTrace/main.f90:236
#0  0x1555552c65c9 in read_block_direct
	at ../../../libgfortran/io/transfer.c:789
#1  0x1555552c65c9 in unformatted_read
	at ../../../libgfortran/io/transfer.c:1129
#2  0x4025d6 in bline
	at /home/jdp46/github_MHD/ParticleTrace/HuuParticleTrace/main.f90:101
#3  0x403e85 in main
	at /home/jdp46/github_MHD/ParticleTrace/HuuParticleTrace/main.f90:236
#0  0x1555552c65c9 in read_block_direct
	at ../../../libgfortran/io/transfer.c:789
#1  0x1555552c65c9 in unformatted_read
	at ../../../libgfortran/io/transfer.c:1129
#2  0x4025d6 in bline
	at /home/jdp46/github_MHD/ParticleTrace/HuuParticleTrace/main.f90:101
#3  0x403e85 in main
	at /home/jdp46/github_MHD/ParticleTrace/HuuParticleTrace/main.f90:236
#0  0x1555552c65c9 in read_block_direct
	at ../../../libgfortran/io/transfer.c:789
#1  0x1555552c65c9 in unformatted_read
	at ../../../libgfortran/io/transfer.c:1129
#2  0x4025d6 in bline
	at /home/jdp46/github_MHD/ParticleTrace/HuuParticleTrace/main.f90:101
#3  0x403e85 in main
	at /home/jdp46/github_MHD/ParticleTrace/HuuParticleTrace/main.f90:236
#0  0x1555552c65c9 in read_block_direct
	at ../../../libgfortran/io/transfer.c:789
#1  0x1555552c65c9 in unformatted_read
	at ../../../libgfortran/io/transfer.c:1129
#2  0x4025d6 in bline
	at /home/jdp46/github_MHD/ParticleTrace/HuuParticleTrace/main.f90:101
#3  0x403e85 in main
	at /home/jdp46/github_MHD/ParticleTrace/HuuParticleTrace/main.f90:236
#0  0x1555552c65c9 in read_block_direct
	at ../../../libgfortran/io/transfer.c:789
#1  0x1555552c65c9 in unformatted_read
	at ../../../libgfortran/io/transfer.c:1129
#2  0x4025d6 in bline
	at /home/jdp46/github_MHD/ParticleTrace/HuuParticleTrace/main.f90:101
#3  0x403e85 in main
	at /home/jdp46/github_MHD/ParticleTrace/HuuParticleTrace/main.f90:236
#0  0x1555552c65c9 in read_block_direct
	at ../../../libgfortran/io/transfer.c:789
#1  0x1555552c65c9 in unformatted_read
	at ../../../libgfortran/io/transfer.c:1129
#2  0x4025d6 in bline
	at /home/jdp46/github_MHD/ParticleTrace/HuuParticleTrace/main.f90:101
#3  0x403e85 in main
	at /home/jdp46/github_MHD/ParticleTrace/HuuParticleTrace/main.f90:236
#0  0x1555552c65c9 in read_block_direct
	at ../../../libgfortran/io/transfer.c:789
#1  0x1555552c65c9 in unformatted_read
	at ../../../libgfortran/io/transfer.c:1129
#2  0x4025d6 in bline
	at /home/jdp46/github_MHD/ParticleTrace/HuuParticleTrace/main.f90:101
#3  0x403e85 in main
	at /home/jdp46/github_MHD/ParticleTrace/HuuParticleTrace/main.f90:236
#0  0x1555552c65c9 in read_block_direct
	at ../../../libgfortran/io/transfer.c:789
#1  0x1555552c65c9 in unformatted_read
	at ../../../libgfortran/io/transfer.c:1129
#2  0x4025d6 in bline
	at /home/jdp46/github_MHD/ParticleTrace/HuuParticleTrace/main.f90:101
#3  0x403e85 in main
	at /home/jdp46/github_MHD/ParticleTrace/HuuParticleTrace/main.f90:236
#0  0x1555552c65c9 in read_block_direct
	at ../../../libgfortran/io/transfer.c:789
#1  0x1555552c65c9 in unformatted_read
	at ../../../libgfortran/io/transfer.c:1129
#0  0x1555552c65c9 in read_block_direct
	at ../../../libgfortran/io/transfer.c:789
#1  0x1555552c65c9 in unformatted_read
	at ../../../libgfortran/io/transfer.c:1129
#2  0x4025d6 in bline
	at /home/jdp46/github_MHD/ParticleTrace/HuuParticleTrace/main.f90:101
#3  0x403e85 in main
	at /home/jdp46/github_MHD/ParticleTrace/HuuParticleTrace/main.f90:236
#2  0x4025d6 in bline
	at /home/jdp46/github_MHD/ParticleTrace/HuuParticleTrace/main.f90:101
#3  0x403e85 in main
	at /home/jdp46/github_MHD/ParticleTrace/HuuParticleTrace/main.f90:236
#0  0x1555552c65c9 in read_block_direct
	at ../../../libgfortran/io/transfer.c:789
#1  0x1555552c65c9 in unformatted_read
	at ../../../libgfortran/io/transfer.c:1129
#2  0x4025d6 in bline
	at /home/jdp46/github_MHD/ParticleTrace/HuuParticleTrace/main.f90:101
#3  0x403e85 in main
	at /home/jdp46/github_MHD/ParticleTrace/HuuParticleTrace/main.f90:236
#0  0x1555552c65c9 in read_block_direct
	at ../../../libgfortran/io/transfer.c:789
#1  0x1555552c65c9 in unformatted_read
	at ../../../libgfortran/io/transfer.c:1129
#2  0x4025d6 in bline
	at /home/jdp46/github_MHD/ParticleTrace/HuuParticleTrace/main.f90:101
#3  0x403e85 in main
	at /home/jdp46/github_MHD/ParticleTrace/HuuParticleTrace/main.f90:236
#0  0x1555552c65c9 in read_block_direct
	at ../../../libgfortran/io/transfer.c:789
#1  0x1555552c65c9 in unformatted_read
	at ../../../libgfortran/io/transfer.c:1129
#2  0x4025d6 in bline
	at /home/jdp46/github_MHD/ParticleTrace/HuuParticleTrace/main.f90:101
#3  0x403e85 in main
	at /home/jdp46/github_MHD/ParticleTrace/HuuParticleTrace/main.f90:236
#0  0x1555552c65c9 in read_block_direct
	at ../../../libgfortran/io/transfer.c:789
#1  0x1555552c65c9 in unformatted_read
	at ../../../libgfortran/io/transfer.c:1129
#2  0x4025d6 in bline
	at /home/jdp46/github_MHD/ParticleTrace/HuuParticleTrace/main.f90:101
#3  0x403e85 in main
	at /home/jdp46/github_MHD/ParticleTrace/HuuParticleTrace/main.f90:236
#0  0x1555552c65c9 in read_block_direct
	at ../../../libgfortran/io/transfer.c:789
#1  0x1555552c65c9 in unformatted_read
	at ../../../libgfortran/io/transfer.c:1129
#2  0x4025d6 in bline
	at /home/jdp46/github_MHD/ParticleTrace/HuuParticleTrace/main.f90:101
#3  0x403e85 in main
	at /home/jdp46/github_MHD/ParticleTrace/HuuParticleTrace/main.f90:236
#0  0x1555552c65c9 in read_block_direct
	at ../../../libgfortran/io/transfer.c:789
#1  0x1555552c65c9 in unformatted_read
	at ../../../libgfortran/io/transfer.c:1129
#2  0x4025d6 in bline
	at /home/jdp46/github_MHD/ParticleTrace/HuuParticleTrace/main.f90:101
#3  0x403e85 in main
	at /home/jdp46/github_MHD/ParticleTrace/HuuParticleTrace/main.f90:236
#0  0x1555552c65c9 in read_block_direct
	at ../../../libgfortran/io/transfer.c:789
#1  0x1555552c65c9 in unformatted_read
	at ../../../libgfortran/io/transfer.c:1129
#2  0x4025d6 in bline
	at /home/jdp46/github_MHD/ParticleTrace/HuuParticleTrace/main.f90:101
#3  0x403e85 in main
	at /home/jdp46/github_MHD/ParticleTrace/HuuParticleTrace/main.f90:236
#0  0x1555552c65c9 in read_block_direct
	at ../../../libgfortran/io/transfer.c:789
#1  0x1555552c65c9 in unformatted_read
	at ../../../libgfortran/io/transfer.c:1129
#2  0x4025d6 in bline
	at /home/jdp46/github_MHD/ParticleTrace/HuuParticleTrace/main.f90:101
#3  0x403e85 in main
	at /home/jdp46/github_MHD/ParticleTrace/HuuParticleTrace/main.f90:236
#0  0x1555552c65c9 in read_block_direct
	at ../../../libgfortran/io/transfer.c:789
#1  0x1555552c65c9 in unformatted_read
	at ../../../libgfortran/io/transfer.c:1129
#2  0x4025d6 in bline
#0  0x1555552c65c9 in read_block_direct
	at ../../../libgfortran/io/transfer.c:789
#1  0x1555552c65c9 in unformatted_read
	at ../../../libgfortran/io/transfer.c:1129
#2  0x4025d6 in bline
	at /home/jdp46/github_MHD/ParticleTrace/HuuParticleTrace/main.f90:101
#3  0x403e85 in main
	at /home/jdp46/github_MHD/ParticleTrace/HuuParticleTrace/main.f90:236
	at /home/jdp46/github_MHD/ParticleTrace/HuuParticleTrace/main.f90:101
#3  0x403e85 in main
	at /home/jdp46/github_MHD/ParticleTrace/HuuParticleTrace/main.f90:236
#0  0x1555552c65c9 in read_block_direct
#0  0x1555552c65c9 in read_block_direct
	at ../../../libgfortran/io/transfer.c:789
#1  0x1555552c65c9 in unformatted_read
	at ../../../libgfortran/io/transfer.c:1129
#0  0x1555552c65c9 in read_block_direct
	at ../../../libgfortran/io/transfer.c:789
#1  0x1555552c65c9 in unformatted_read
	at ../../../libgfortran/io/transfer.c:1129
#2  0x4025d6 in bline
	at /home/jdp46/github_MHD/ParticleTrace/HuuParticleTrace/main.f90:101
#3  0x403e85 in main
	at /home/jdp46/github_MHD/ParticleTrace/HuuParticleTrace/main.f90:236
#2  0x4025d6 in bline
	at /home/jdp46/github_MHD/ParticleTrace/HuuParticleTrace/main.f90:101
#3  0x403e85 in main
	at /home/jdp46/github_MHD/ParticleTrace/HuuParticleTrace/main.f90:236
	at ../../../libgfortran/io/transfer.c:789
#1  0x1555552c65c9 in unformatted_read
	at ../../../libgfortran/io/transfer.c:1129
#0  0x1555552c65c9 in read_block_direct
	at ../../../libgfortran/io/transfer.c:789
#1  0x1555552c65c9 in unformatted_read
	at ../../../libgfortran/io/transfer.c:1129
#2  0x4025d6 in bline
	at /home/jdp46/github_MHD/ParticleTrace/HuuParticleTrace/main.f90:101
#3  0x403e85 in main
	at /home/jdp46/github_MHD/ParticleTrace/HuuParticleTrace/main.f90:236
#2  0x4025d6 in bline
	at /home/jdp46/github_MHD/ParticleTrace/HuuParticleTrace/main.f90:101
#3  0x403e85 in main
	at /home/jdp46/github_MHD/ParticleTrace/HuuParticleTrace/main.f90:236
#0  0x1555552c65c9 in read_block_direct
	at ../../../libgfortran/io/transfer.c:789
#1  0x1555552c65c9 in unformatted_read
	at ../../../libgfortran/io/transfer.c:1129
#2  0x4025d6 in bline
	at /home/jdp46/github_MHD/ParticleTrace/HuuParticleTrace/main.f90:101
#3  0x403e85 in main
	at /home/jdp46/github_MHD/ParticleTrace/HuuParticleTrace/main.f90:236
#0  0x1555552c65c9 in read_block_direct
	at ../../../libgfortran/io/transfer.c:789
#1  0x1555552c65c9 in unformatted_read
	at ../../../libgfortran/io/transfer.c:1129
#2  0x4025d6 in bline
	at /home/jdp46/github_MHD/ParticleTrace/HuuParticleTrace/main.f90:101
#3  0x403e85 in main
	at /home/jdp46/github_MHD/ParticleTrace/HuuParticleTrace/main.f90:236
#0  0x1555552c65c9 in read_block_direct
	at ../../../libgfortran/io/transfer.c:789
#1  0x1555552c65c9 in unformatted_read
	at ../../../libgfortran/io/transfer.c:1129
#2  0x4025d6 in bline
	at /home/jdp46/github_MHD/ParticleTrace/HuuParticleTrace/main.f90:101
#3  0x403e85 in main
	at /home/jdp46/github_MHD/ParticleTrace/HuuParticleTrace/main.f90:236
srun: error: n0009: tasks 0-47: Exited with exit code 2
