At line 151 of file main.f90 (unit = 10)
Fortran runtime error: Cannot open file '/project/wangj/node819/Jaiman/Wulver/fa24/SimData/TIME.042': No such file or directory

Error termination. Backtrace:
At line 151 of file main.f90 (unit = 10)
Fortran runtime error: Cannot open file '/project/wangj/node819/Jaiman/Wulver/fa24/SimData/TIME.042': No such file or directory

Error termination. Backtrace:
At line 151 of file main.f90 (unit = 10)
Fortran runtime error: Cannot open file '/project/wangj/node819/Jaiman/Wulver/fa24/SimData/TIME.042': No such file or directory

Error termination. Backtrace:
At line 151 of file main.f90 (unit = 10)
Fortran runtime error: Cannot open file '/project/wangj/node819/Jaiman/Wulver/fa24/SimData/TIME.042': No such file or directory

Error termination. Backtrace:
At line 151 of file main.f90 (unit = 10)
Fortran runtime error: Cannot open file '/project/wangj/node819/Jaiman/Wulver/fa24/SimData/TIME.042': No such file or directory

Error termination. Backtrace:
At line 151 of file main.f90 (unit = 10)
Fortran runtime error: Cannot open file '/project/wangj/node819/Jaiman/Wulver/fa24/SimData/TIME.042': No such file or directory

Error termination. Backtrace:
At line 151 of file main.f90 (unit = 10)
Fortran runtime error: Cannot open file '/project/wangj/node819/Jaiman/Wulver/fa24/SimData/TIME.042': No such file or directory

Error termination. Backtrace:
At line 151 of file main.f90 (unit = 10)
Fortran runtime error: Cannot open file '/project/wangj/node819/Jaiman/Wulver/fa24/SimData/TIME.042': No such file or directory

Error termination. Backtrace:
At line 151 of file main.f90 (unit = 10)
Fortran runtime error: Cannot open file '/project/wangj/node819/Jaiman/Wulver/fa24/SimData/TIME.042': No such file or directory

Error termination. Backtrace:
At line 151 of file main.f90 (unit = 10)
Fortran runtime error: Cannot open file '/project/wangj/node819/Jaiman/Wulver/fa24/SimData/TIME.042': No such file or directory

Error termination. Backtrace:
At line 151 of file main.f90 (unit = 10)
Fortran runtime error: Cannot open file '/project/wangj/node819/Jaiman/Wulver/fa24/SimData/TIME.042': No such file or directory

Error termination. Backtrace:
At line 151 of file main.f90 (unit = 10)
Fortran runtime error: Cannot open file '/project/wangj/node819/Jaiman/Wulver/fa24/SimData/TIME.042': No such file or directory

Error termination. Backtrace:
At line 151 of file main.f90 (unit = 10)
Fortran runtime error: Cannot open file '/project/wangj/node819/Jaiman/Wulver/fa24/SimData/TIME.042': No such file or directory

Error termination. Backtrace:
At line 151 of file main.f90 (unit = 10)
Fortran runtime error: Cannot open file '/project/wangj/node819/Jaiman/Wulver/fa24/SimData/TIME.042': No such file or directory

Error termination. Backtrace:
At line 151 of file main.f90 (unit = 10)
Fortran runtime error: Cannot open file '/project/wangj/node819/Jaiman/Wulver/fa24/SimData/TIME.042': No such file or directory

Error termination. Backtrace:
At line 151 of file main.f90 (unit = 10)
Fortran runtime error: Cannot open file '/project/wangj/node819/Jaiman/Wulver/fa24/SimData/TIME.042': No such file or directory

Error termination. Backtrace:
At line 151 of file main.f90 (unit = 10)
Fortran runtime error: Cannot open file '/project/wangj/node819/Jaiman/Wulver/fa24/SimData/TIME.042': No such file or directory

Error termination. Backtrace:
At line 151 of file main.f90 (unit = 10)
Fortran runtime error: Cannot open file '/project/wangj/node819/Jaiman/Wulver/fa24/SimData/TIME.042': No such file or directory

Error termination. Backtrace:
At line 151 of file main.f90 (unit = 10)
Fortran runtime error: Cannot open file '/project/wangj/node819/Jaiman/Wulver/fa24/SimData/TIME.042': No such file or directory

Error termination. Backtrace:
At line 151 of file main.f90 (unit = 10)
At line 151 of file main.f90 (unit = 10)
Fortran runtime error: Cannot open file '/project/wangj/node819/Jaiman/Wulver/fa24/SimData/TIME.042': No such file or directory

Error termination. Backtrace:
At line 151 of file main.f90 (unit = 10)
Fortran runtime error: Cannot open file '/project/wangj/node819/Jaiman/Wulver/fa24/SimData/TIME.042': No such file or directory

Error termination. Backtrace:
At line 151 of file main.f90 (unit = 10)
Fortran runtime error: Cannot open file '/project/wangj/node819/Jaiman/Wulver/fa24/SimData/TIME.042': No such file or directory

Error termination. Backtrace:
Fortran runtime error: Cannot open file '/project/wangj/node819/Jaiman/Wulver/fa24/SimData/TIME.042': No such file or directory
At line 151 of file main.f90 (unit = 10)
Fortran runtime error: Cannot open file '/project/wangj/node819/Jaiman/Wulver/fa24/SimData/TIME.042': No such file or directory

Error termination. Backtrace:

Error termination. Backtrace:
At line 151 of file main.f90 (unit = 10)
Fortran runtime error: Cannot open file '/project/wangj/node819/Jaiman/Wulver/fa24/SimData/TIME.042': No such file or directory

Error termination. Backtrace:
At line 151 of file main.f90 (unit = 10)
Fortran runtime error: Cannot open file '/project/wangj/node819/Jaiman/Wulver/fa24/SimData/TIME.042': No such file or directory

Error termination. Backtrace:
At line 151 of file main.f90 (unit = 10)
Fortran runtime error: Cannot open file '/project/wangj/node819/Jaiman/Wulver/fa24/SimData/TIME.042': No such file or directory

Error termination. Backtrace:
At line 151 of file main.f90 (unit = 10)
Fortran runtime error: Cannot open file '/project/wangj/node819/Jaiman/Wulver/fa24/SimData/TIME.042': No such file or directory

Error termination. Backtrace:
At line 151 of file main.f90 (unit = 10)
Fortran runtime error: Cannot open file '/project/wangj/node819/Jaiman/Wulver/fa24/SimData/TIME.042': No such file or directory

Error termination. Backtrace:
At line 151 of file main.f90 (unit = 10)
Fortran runtime error: Cannot open file '/project/wangj/node819/Jaiman/Wulver/fa24/SimData/TIME.042': No such file or directory

Error termination. Backtrace:
At line 151 of file main.f90 (unit = 10)
Fortran runtime error: Cannot open file '/project/wangj/node819/Jaiman/Wulver/fa24/SimData/TIME.042': No such file or directory

Error termination. Backtrace:
At line 151 of file main.f90 (unit = 10)
Fortran runtime error: Cannot open file '/project/wangj/node819/Jaiman/Wulver/fa24/SimData/TIME.042': No such file or directory

Error termination. Backtrace:
At line 151 of file main.f90 (unit = 10)
At line 151 of file main.f90 (unit = 10)
Fortran runtime error: Cannot open file '/project/wangj/node819/Jaiman/Wulver/fa24/SimData/TIME.042': No such file or directory

Error termination. Backtrace:
Fortran runtime error: Cannot open file '/project/wangj/node819/Jaiman/Wulver/fa24/SimData/TIME.042': No such file or directory

Error termination. Backtrace:
At line 151 of file main.f90 (unit = 10)
At line 151 of file main.f90 (unit = 10)
Fortran runtime error: Cannot open file '/project/wangj/node819/Jaiman/Wulver/fa24/SimData/TIME.042': No such file or directory

Error termination. Backtrace:
Fortran runtime error: Cannot open file '/project/wangj/node819/Jaiman/Wulver/fa24/SimData/TIME.042': No such file or directory
At line 151 of file main.f90 (unit = 10)
Fortran runtime error: Cannot open file '/project/wangj/node819/Jaiman/Wulver/fa24/SimData/TIME.042': No such file or directory

Error termination. Backtrace:

Error termination. Backtrace:
At line 151 of file main.f90 (unit = 10)
At line 151 of file main.f90 (unit = 10)
Fortran runtime error: Cannot open file '/project/wangj/node819/Jaiman/Wulver/fa24/SimData/TIME.042': No such file or directory

Error termination. Backtrace:
At line 151 of file main.f90 (unit = 10)
Fortran runtime error: Cannot open file '/project/wangj/node819/Jaiman/Wulver/fa24/SimData/TIME.042': No such file or directory

Error termination. Backtrace:
At line 151 of file main.f90 (unit = 10)
Fortran runtime error: Cannot open file '/project/wangj/node819/Jaiman/Wulver/fa24/SimData/TIME.042': No such file or directory

Error termination. Backtrace:
At line 151 of file main.f90 (unit = 10)
Fortran runtime error: Cannot open file '/project/wangj/node819/Jaiman/Wulver/fa24/SimData/TIME.042': No such file or directory

Error termination. Backtrace:
Fortran runtime error: Cannot open file '/project/wangj/node819/Jaiman/Wulver/fa24/SimData/TIME.042': No such file or directory

Error termination. Backtrace:
#0  0x1555552be3fd in already_open
	at ../../../libgfortran/io/open.c:742
#0  0x1555552be3fd in already_open
	at ../../../libgfortran/io/open.c:742
#1  0x403821 in bline
	at /home/jdp46/github_MHD/ParticleTrace/HuuParticleTrace/main.f90:151
#2  0x403e7c in main
	at /home/jdp46/github_MHD/ParticleTrace/HuuParticleTrace/main.f90:236
#1  0x403821 in bline
	at /home/jdp46/github_MHD/ParticleTrace/HuuParticleTrace/main.f90:151
#2  0x403e7c in main
	at /home/jdp46/github_MHD/ParticleTrace/HuuParticleTrace/main.f90:236
#0  0x1555552be3fd in already_open
	at ../../../libgfortran/io/open.c:742
#1  0x403821 in bline
	at /home/jdp46/github_MHD/ParticleTrace/HuuParticleTrace/main.f90:151
#2  0x403e7c in main
	at /home/jdp46/github_MHD/ParticleTrace/HuuParticleTrace/main.f90:236
#0  0x1555552be3fd in already_open
	at ../../../libgfortran/io/open.c:742
#1  0x403821 in bline
	at /home/jdp46/github_MHD/ParticleTrace/HuuParticleTrace/main.f90:151
#2  0x403e7c in main
	at /home/jdp46/github_MHD/ParticleTrace/HuuParticleTrace/main.f90:236
#0  0x1555552be3fd in already_open
#0  0x1555552be3fd in already_open
	at ../../../libgfortran/io/open.c:742
#0  0x1555552be3fd in already_open
	at ../../../libgfortran/io/open.c:742
#1  0x403821 in bline
	at /home/jdp46/github_MHD/ParticleTrace/HuuParticleTrace/main.f90:151
#2  0x403e7c in main
	at /home/jdp46/github_MHD/ParticleTrace/HuuParticleTrace/main.f90:236
#1  0x403821 in bline
	at /home/jdp46/github_MHD/ParticleTrace/HuuParticleTrace/main.f90:151
#2  0x403e7c in main
	at /home/jdp46/github_MHD/ParticleTrace/HuuParticleTrace/main.f90:236
	at ../../../libgfortran/io/open.c:742
#0  0x1555552be3fd in already_open
#1  0x403821 in bline
	at /home/jdp46/github_MHD/ParticleTrace/HuuParticleTrace/main.f90:151
#2  0x403e7c in main
	at /home/jdp46/github_MHD/ParticleTrace/HuuParticleTrace/main.f90:236
#0  0x1555552be3fd in already_open
	at ../../../libgfortran/io/open.c:742
#1  0x403821 in bline
	at /home/jdp46/github_MHD/ParticleTrace/HuuParticleTrace/main.f90:151
#2  0x403e7c in main
	at /home/jdp46/github_MHD/ParticleTrace/HuuParticleTrace/main.f90:236
	at ../../../libgfortran/io/open.c:742
#0  0x1555552be3fd in already_open
#1  0x403821 in bline
	at /home/jdp46/github_MHD/ParticleTrace/HuuParticleTrace/main.f90:151
#2  0x403e7c in main
	at /home/jdp46/github_MHD/ParticleTrace/HuuParticleTrace/main.f90:236
	at ../../../libgfortran/io/open.c:742
#1  0x403821 in bline
	at /home/jdp46/github_MHD/ParticleTrace/HuuParticleTrace/main.f90:151
#2  0x403e7c in main
#0  0x1555552be3fd in already_open
	at ../../../libgfortran/io/open.c:742
#1  0x403821 in bline
	at /home/jdp46/github_MHD/ParticleTrace/HuuParticleTrace/main.f90:151
#2  0x403e7c in main
	at /home/jdp46/github_MHD/ParticleTrace/HuuParticleTrace/main.f90:236
	at /home/jdp46/github_MHD/ParticleTrace/HuuParticleTrace/main.f90:236
#0  0x1555552be3fd in already_open
	at ../../../libgfortran/io/open.c:742
#1  0x403821 in bline
	at /home/jdp46/github_MHD/ParticleTrace/HuuParticleTrace/main.f90:151
#2  0x403e7c in main
	at /home/jdp46/github_MHD/ParticleTrace/HuuParticleTrace/main.f90:236
#0  0x1555552be3fd in already_open
	at ../../../libgfortran/io/open.c:742
#1  0x403821 in bline
	at /home/jdp46/github_MHD/ParticleTrace/HuuParticleTrace/main.f90:151
#2  0x403e7c in main
	at /home/jdp46/github_MHD/ParticleTrace/HuuParticleTrace/main.f90:236
#0  0x1555552be3fd in already_open
	at ../../../libgfortran/io/open.c:742
#1  0x403821 in bline
	at /home/jdp46/github_MHD/ParticleTrace/HuuParticleTrace/main.f90:151
#2  0x403e7c in main
	at /home/jdp46/github_MHD/ParticleTrace/HuuParticleTrace/main.f90:236
#0  0x1555552be3fd in already_open
	at ../../../libgfortran/io/open.c:742
#1  0x403821 in bline
	at /home/jdp46/github_MHD/ParticleTrace/HuuParticleTrace/main.f90:151
#2  0x403e7c in main
	at /home/jdp46/github_MHD/ParticleTrace/HuuParticleTrace/main.f90:236
#0  0x1555552be3fd in already_open
	at ../../../libgfortran/io/open.c:742
#1  0x403821 in bline
	at /home/jdp46/github_MHD/ParticleTrace/HuuParticleTrace/main.f90:151
#2  0x403e7c in main
	at /home/jdp46/github_MHD/ParticleTrace/HuuParticleTrace/main.f90:236
#0  0x1555552be3fd in already_open
	at ../../../libgfortran/io/open.c:742
#1  0x403821 in bline
	at /home/jdp46/github_MHD/ParticleTrace/HuuParticleTrace/main.f90:151
#2  0x403e7c in main
	at /home/jdp46/github_MHD/ParticleTrace/HuuParticleTrace/main.f90:236
#0  0x1555552be3fd in already_open
#0  0x1555552be3fd in already_open
	at ../../../libgfortran/io/open.c:742
#1  0x403821 in bline
	at /home/jdp46/github_MHD/ParticleTrace/HuuParticleTrace/main.f90:151
#2  0x403e7c in main
	at /home/jdp46/github_MHD/ParticleTrace/HuuParticleTrace/main.f90:236
#0  0x1555552be3fd in already_open
	at ../../../libgfortran/io/open.c:742
#1  0x403821 in bline
	at /home/jdp46/github_MHD/ParticleTrace/HuuParticleTrace/main.f90:151
#2  0x403e7c in main
	at /home/jdp46/github_MHD/ParticleTrace/HuuParticleTrace/main.f90:236
#0  0x1555552be3fd in already_open
	at ../../../libgfortran/io/open.c:742
#1  0x403821 in bline
	at /home/jdp46/github_MHD/ParticleTrace/HuuParticleTrace/main.f90:151
#2  0x403e7c in main
	at /home/jdp46/github_MHD/ParticleTrace/HuuParticleTrace/main.f90:236
#0  0x1555552be3fd in already_open
	at ../../../libgfortran/io/open.c:742
#0  0x1555552be3fd in already_open
	at ../../../libgfortran/io/open.c:742
#1  0x403821 in bline
	at /home/jdp46/github_MHD/ParticleTrace/HuuParticleTrace/main.f90:151
#2  0x403e7c in main
	at /home/jdp46/github_MHD/ParticleTrace/HuuParticleTrace/main.f90:236
#1  0x403821 in bline
	at /home/jdp46/github_MHD/ParticleTrace/HuuParticleTrace/main.f90:151
#2  0x403e7c in main
	at /home/jdp46/github_MHD/ParticleTrace/HuuParticleTrace/main.f90:236
#0  0x1555552be3fd in already_open
	at ../../../libgfortran/io/open.c:742
#1  0x403821 in bline
	at /home/jdp46/github_MHD/ParticleTrace/HuuParticleTrace/main.f90:151
#2  0x403e7c in main
	at /home/jdp46/github_MHD/ParticleTrace/HuuParticleTrace/main.f90:236
#0  0x1555552be3fd in already_open
	at ../../../libgfortran/io/open.c:742
#1  0x403821 in bline
	at /home/jdp46/github_MHD/ParticleTrace/HuuParticleTrace/main.f90:151
#2  0x403e7c in main
	at /home/jdp46/github_MHD/ParticleTrace/HuuParticleTrace/main.f90:236
#0  0x1555552be3fd in already_open
	at ../../../libgfortran/io/open.c:742
#1  0x403821 in bline
	at /home/jdp46/github_MHD/ParticleTrace/HuuParticleTrace/main.f90:151
#2  0x403e7c in main
	at /home/jdp46/github_MHD/ParticleTrace/HuuParticleTrace/main.f90:236
#0  0x1555552be3fd in already_open
	at ../../../libgfortran/io/open.c:742
	at ../../../libgfortran/io/open.c:742
#1  0x403821 in bline
	at /home/jdp46/github_MHD/ParticleTrace/HuuParticleTrace/main.f90:151
#2  0x403e7c in main
	at /home/jdp46/github_MHD/ParticleTrace/HuuParticleTrace/main.f90:236
#0  0x1555552be3fd in already_open
	at ../../../libgfortran/io/open.c:742
#1  0x403821 in bline
#1  0x403821 in bline
	at /home/jdp46/github_MHD/ParticleTrace/HuuParticleTrace/main.f90:151
#2  0x403e7c in main
	at /home/jdp46/github_MHD/ParticleTrace/HuuParticleTrace/main.f90:236
	at /home/jdp46/github_MHD/ParticleTrace/HuuParticleTrace/main.f90:151
#2  0x403e7c in main
	at /home/jdp46/github_MHD/ParticleTrace/HuuParticleTrace/main.f90:236
#0  0x1555552be3fd in already_open
	at ../../../libgfortran/io/open.c:742
#1  0x403821 in bline
	at /home/jdp46/github_MHD/ParticleTrace/HuuParticleTrace/main.f90:151
#2  0x403e7c in main
	at /home/jdp46/github_MHD/ParticleTrace/HuuParticleTrace/main.f90:236
#0  0x1555552be3fd in already_open
	at ../../../libgfortran/io/open.c:742
#1  0x403821 in bline
	at /home/jdp46/github_MHD/ParticleTrace/HuuParticleTrace/main.f90:151
#2  0x403e7c in main
	at /home/jdp46/github_MHD/ParticleTrace/HuuParticleTrace/main.f90:236
#0  0x1555552be3fd in already_open
	at ../../../libgfortran/io/open.c:742
#1  0x403821 in bline
	at /home/jdp46/github_MHD/ParticleTrace/HuuParticleTrace/main.f90:151
#2  0x403e7c in main
	at /home/jdp46/github_MHD/ParticleTrace/HuuParticleTrace/main.f90:236
#0  0x1555552be3fd in already_open
	at ../../../libgfortran/io/open.c:742
#1  0x403821 in bline
	at /home/jdp46/github_MHD/ParticleTrace/HuuParticleTrace/main.f90:151
#2  0x403e7c in main
	at /home/jdp46/github_MHD/ParticleTrace/HuuParticleTrace/main.f90:236
#0  0x1555552be3fd in already_open
	at ../../../libgfortran/io/open.c:742
#0  0x1555552be3fd in already_open
	at ../../../libgfortran/io/open.c:742
#1  0x403821 in bline
	at /home/jdp46/github_MHD/ParticleTrace/HuuParticleTrace/main.f90:151
#2  0x403e7c in main
	at /home/jdp46/github_MHD/ParticleTrace/HuuParticleTrace/main.f90:236
#1  0x403821 in bline
	at /home/jdp46/github_MHD/ParticleTrace/HuuParticleTrace/main.f90:151
#2  0x403e7c in main
	at /home/jdp46/github_MHD/ParticleTrace/HuuParticleTrace/main.f90:236
#0  0x1555552be3fd in already_open
	at ../../../libgfortran/io/open.c:742
#0  0x1555552be3fd in already_open
	at ../../../libgfortran/io/open.c:742
#0  0x1555552be3fd in already_open
	at ../../../libgfortran/io/open.c:742
#1  0x403821 in bline
	at /home/jdp46/github_MHD/ParticleTrace/HuuParticleTrace/main.f90:151
#2  0x403e7c in main
	at /home/jdp46/github_MHD/ParticleTrace/HuuParticleTrace/main.f90:236
#1  0x403821 in bline
	at /home/jdp46/github_MHD/ParticleTrace/HuuParticleTrace/main.f90:151
#2  0x403e7c in main
	at /home/jdp46/github_MHD/ParticleTrace/HuuParticleTrace/main.f90:236
#1  0x403821 in bline
	at /home/jdp46/github_MHD/ParticleTrace/HuuParticleTrace/main.f90:151
#2  0x403e7c in main
	at /home/jdp46/github_MHD/ParticleTrace/HuuParticleTrace/main.f90:236
#0  0x1555552be3fd in already_open
	at ../../../libgfortran/io/open.c:742
#1  0x403821 in bline
	at /home/jdp46/github_MHD/ParticleTrace/HuuParticleTrace/main.f90:151
#2  0x403e7c in main
	at /home/jdp46/github_MHD/ParticleTrace/HuuParticleTrace/main.f90:236
#0  0x1555552be3fd in already_open
	at ../../../libgfortran/io/open.c:742
#1  0x403821 in bline
	at /home/jdp46/github_MHD/ParticleTrace/HuuParticleTrace/main.f90:151
#2  0x403e7c in main
	at /home/jdp46/github_MHD/ParticleTrace/HuuParticleTrace/main.f90:236
#0  0x1555552be3fd in already_open
	at ../../../libgfortran/io/open.c:742
#1  0x403821 in bline
	at /home/jdp46/github_MHD/ParticleTrace/HuuParticleTrace/main.f90:151
#2  0x403e7c in main
	at /home/jdp46/github_MHD/ParticleTrace/HuuParticleTrace/main.f90:236
#0  0x1555552be3fd in already_open
	at ../../../libgfortran/io/open.c:742
#0  0x1555552be3fd in already_open
	at ../../../libgfortran/io/open.c:742
#1  0x403821 in bline
	at /home/jdp46/github_MHD/ParticleTrace/HuuParticleTrace/main.f90:151
#2  0x403e7c in main
	at /home/jdp46/github_MHD/ParticleTrace/HuuParticleTrace/main.f90:236
#1  0x403821 in bline
	at /home/jdp46/github_MHD/ParticleTrace/HuuParticleTrace/main.f90:151
#2  0x403e7c in main
	at /home/jdp46/github_MHD/ParticleTrace/HuuParticleTrace/main.f90:236
At line 151 of file main.f90 (unit = 10)
Fortran runtime error: Cannot open file '/project/wangj/node819/Jaiman/Wulver/fa24/SimData/TIME.042': No such file or directory

Error termination. Backtrace:
At line 151 of file main.f90 (unit = 10)
Fortran runtime error: Cannot open file '/project/wangj/node819/Jaiman/Wulver/fa24/SimData/TIME.042': No such file or directory

Error termination. Backtrace:
At line 151 of file main.f90 (unit = 10)
Fortran runtime error: Cannot open file '/project/wangj/node819/Jaiman/Wulver/fa24/SimData/TIME.042': No such file or directory

Error termination. Backtrace:
At line 151 of file main.f90 (unit = 10)
Fortran runtime error: Cannot open file '/project/wangj/node819/Jaiman/Wulver/fa24/SimData/TIME.042': No such file or directory

Error termination. Backtrace:
At line 151 of file main.f90 (unit = 10)
Fortran runtime error: Cannot open file '/project/wangj/node819/Jaiman/Wulver/fa24/SimData/TIME.042': No such file or directory

Error termination. Backtrace:
At line 151 of file main.f90 (unit = 10)
Fortran runtime error: Cannot open file '/project/wangj/node819/Jaiman/Wulver/fa24/SimData/TIME.042': No such file or directory

Error termination. Backtrace:
#0  0x1555552be3fd in already_open
	at ../../../libgfortran/io/open.c:742
#0  0x1555552be3fd in already_open
	at ../../../libgfortran/io/open.c:742
#1  0x403821 in bline
	at /home/jdp46/github_MHD/ParticleTrace/HuuParticleTrace/main.f90:151
#2  0x403e7c in main
	at /home/jdp46/github_MHD/ParticleTrace/HuuParticleTrace/main.f90:236
#0  0x1555552be3fd in already_open
	at ../../../libgfortran/io/open.c:742
#1  0x403821 in bline
	at /home/jdp46/github_MHD/ParticleTrace/HuuParticleTrace/main.f90:151
#2  0x403e7c in main
	at /home/jdp46/github_MHD/ParticleTrace/HuuParticleTrace/main.f90:236
#1  0x403821 in bline
	at /home/jdp46/github_MHD/ParticleTrace/HuuParticleTrace/main.f90:151
#2  0x403e7c in main
	at /home/jdp46/github_MHD/ParticleTrace/HuuParticleTrace/main.f90:236
#0  0x1555552be3fd in already_open
	at ../../../libgfortran/io/open.c:742
#0  0x1555552be3fd in already_open
	at ../../../libgfortran/io/open.c:742
#1  0x403821 in bline
	at /home/jdp46/github_MHD/ParticleTrace/HuuParticleTrace/main.f90:151
#2  0x403e7c in main
	at /home/jdp46/github_MHD/ParticleTrace/HuuParticleTrace/main.f90:236
#1  0x403821 in bline
	at /home/jdp46/github_MHD/ParticleTrace/HuuParticleTrace/main.f90:151
#2  0x403e7c in main
	at /home/jdp46/github_MHD/ParticleTrace/HuuParticleTrace/main.f90:236
#0  0x1555552be3fd in already_open
	at ../../../libgfortran/io/open.c:742
#1  0x403821 in bline
	at /home/jdp46/github_MHD/ParticleTrace/HuuParticleTrace/main.f90:151
#2  0x403e7c in main
	at /home/jdp46/github_MHD/ParticleTrace/HuuParticleTrace/main.f90:236
srun: error: n0061: tasks 0-47: Exited with exit code 2
