mpif90 -mcmodel=large   main.o bline.o sint.o out.o -o bline
 013
 013
 013
 013
 013
 013
 013
 013
 013
 013
 013
 013
 013
 013
 013
 013
 013
 013
 013
 013
 013
 013
 013
 013
 013
 013
 013
 013
 013
 013
 013
 013
 013
 013
 013
 013
 013
 013
 013
 013
 013
 013
 013
 013
 013
 013
 013
 013
  0.13403971689563590     
  0.13403971689563590     
  0.13403971689563590     
  0.13403971689563590     
  0.13403971689563590     
 014
 014
 014
 014
 014
  0.13403971689563590     
 014
  0.13403971689563590     
  0.13403971689563590     
  0.13403971689563590     
  0.13403971689563590     
 014
 014
 014
 014
  0.13403971689563590     
  0.13403971689563590     
  0.13403971689563590     
  0.13403971689563590     
  0.13403971689563590     
  0.13403971689563590     
  0.13403971689563590     
  0.13403971689563590     
  0.13403971689563590     
  0.13403971689563590     
  0.13403971689563590     
 014
 014
 014
 014
  0.13403971689563590     
 014
  0.13403971689563590     
  0.13403971689563590     
  0.13403971689563590     
  0.13403971689563590     
 014
  0.13403971689563590     
  0.13403971689563590     
  0.13403971689563590     
  0.13403971689563590     
  0.13403971689563590     
  0.13403971689563590     
  0.13403971689563590     
  0.13403971689563590     
  0.13403971689563590     
  0.13403971689563590     
  0.13403971689563590     
  0.13403971689563590     
  0.13403971689563590     
  0.13403971689563590     
  0.13403971689563590     
 014
  0.13403971689563590     
  0.13403971689563590     
  0.13403971689563590     
  0.13403971689563590     
  0.13403971689563590     
  0.13403971689563590     
 014
 014
 014
  0.13403971689563590     
 014
 014
 014
 014
 014
 014
 014
 014
 014
 014
 014
 014
 014
 014
 014
 014
 014
 014
 014
 014
 014
 014
 014
 014
 014
 014
 014
 014
