mpif90 -c -mcmodel=large  constants.f90
mpif90 -c -mcmodel=large  common.f90
mpif90 -c -mcmodel=large  subroutines.f90
 ##DEBUG## z_fine_grid, fraction_fine_grid   0.0000000000000000        1.0000000000000000     
 ##DEBUG## z_fine_grid, fraction_fine_grid   0.0000000000000000        1.0000000000000000     
 ##DEBUG## z_fine_grid, fraction_fine_grid   0.0000000000000000        1.0000000000000000     
 ##DEBUG## z_fine_grid, fraction_fine_grid   0.0000000000000000        1.0000000000000000     
 ##DEBUG## z_fine_grid, fraction_fine_grid   0.0000000000000000        1.0000000000000000     
 ##DEBUG## z_fine_grid, fraction_fine_grid   0.0000000000000000        1.0000000000000000     
 ##DEBUG## z_fine_grid, fraction_fine_grid   0.0000000000000000        1.0000000000000000     
 ##DEBUG## z_fine_grid, fraction_fine_grid   0.0000000000000000        1.0000000000000000     
 ##DEBUG## z_fine_grid, fraction_fine_grid   0.0000000000000000        1.0000000000000000     
 ##DEBUG## z_fine_grid, fraction_fine_grid   0.0000000000000000        1.0000000000000000     
 ##DEBUG## z_fine_grid, fraction_fine_grid   0.0000000000000000        1.0000000000000000     
 ##DEBUG## z_fine_grid, fraction_fine_grid   0.0000000000000000        1.0000000000000000     
 ##DEBUG## z_fine_grid, fraction_fine_grid   0.0000000000000000        1.0000000000000000     
 ##DEBUG## z_fine_grid, fraction_fine_grid   0.0000000000000000        1.0000000000000000     
 ##DEBUG## z_fine_grid, fraction_fine_grid   0.0000000000000000        1.0000000000000000     
 ##DEBUG## z_fine_grid, fraction_fine_grid   0.0000000000000000        1.0000000000000000     
 ##DEBUG## z_fine_grid, fraction_fine_grid   0.0000000000000000        1.0000000000000000     
 ##DEBUG## z_fine_grid, fraction_fine_grid   0.0000000000000000        1.0000000000000000     
 ##DEBUG## z_fine_grid, fraction_fine_grid   0.0000000000000000        1.0000000000000000     
 ##DEBUG## z_fine_grid, fraction_fine_grid   0.0000000000000000        1.0000000000000000     
 ##DEBUG## z_fine_grid, fraction_fine_grid   0.0000000000000000        1.0000000000000000     
 ##DEBUG## z_fine_grid, fraction_fine_grid   0.0000000000000000        1.0000000000000000     
 ##DEBUG## z_fine_grid, fraction_fine_grid   0.0000000000000000        1.0000000000000000     
 ##DEBUG## z_fine_grid, fraction_fine_grid   0.0000000000000000        1.0000000000000000     
 ##DEBUG## z_fine_grid, fraction_fine_grid   0.0000000000000000        1.0000000000000000     
 ##DEBUG## z_fine_grid, fraction_fine_grid   0.0000000000000000        1.0000000000000000     
 ##DEBUG## z_fine_grid, fraction_fine_grid   0.0000000000000000        1.0000000000000000     
 ##DEBUG## z_fine_grid, fraction_fine_grid   0.0000000000000000        1.0000000000000000     
 ##DEBUG## z_fine_grid, fraction_fine_grid   0.0000000000000000        1.0000000000000000     
 ##DEBUG## z_fine_grid, fraction_fine_grid   0.0000000000000000        1.0000000000000000     
 ##DEBUG## z_fine_grid, fraction_fine_grid   0.0000000000000000        1.0000000000000000     
 ##DEBUG## z_fine_grid, fraction_fine_grid   0.0000000000000000        1.0000000000000000     
 ##DEBUG## z_fine_grid, fraction_fine_grid   0.0000000000000000        1.0000000000000000     
 ##DEBUG## z_fine_grid, fraction_fine_grid   0.0000000000000000        1.0000000000000000     
 ##DEBUG## z_fine_grid, fraction_fine_grid   0.0000000000000000        1.0000000000000000     
 ##DEBUG## z_fine_grid, fraction_fine_grid   0.0000000000000000        1.0000000000000000     
 ##DEBUG## z_fine_grid, fraction_fine_grid   0.0000000000000000        1.0000000000000000     
 ##DEBUG## z_fine_grid, fraction_fine_grid   0.0000000000000000        1.0000000000000000     
 ##DEBUG## z_fine_grid, fraction_fine_grid   0.0000000000000000        1.0000000000000000     
 ##DEBUG## z_fine_grid, fraction_fine_grid   0.0000000000000000        1.0000000000000000     
 ##DEBUG## z_fine_grid, fraction_fine_grid   0.0000000000000000        1.0000000000000000     
 ##DEBUG## z_fine_grid, fraction_fine_grid   0.0000000000000000        1.0000000000000000     
 ##DEBUG## z_fine_grid, fraction_fine_grid   0.0000000000000000        1.0000000000000000     
 ##DEBUG## z_fine_grid, fraction_fine_grid   0.0000000000000000        1.0000000000000000     
 ##DEBUG## z_fine_grid, fraction_fine_grid   0.0000000000000000        1.0000000000000000     
 ##DEBUG## z_fine_grid, fraction_fine_grid   0.0000000000000000        1.0000000000000000     
 ##DEBUG## z_fine_grid, fraction_fine_grid   0.0000000000000000        1.0000000000000000     
 ##DEBUG## z_fine_grid, fraction_fine_grid   0.0000000000000000        1.0000000000000000     
 ##DEBUG## z_fine_grid, fraction_fine_grid   0.0000000000000000        1.0000000000000000     
 ##DEBUG## z_fine_grid, fraction_fine_grid   0.0000000000000000        1.0000000000000000     
 ##DEBUG## z_fine_grid, fraction_fine_grid   0.0000000000000000        1.0000000000000000     
 ##DEBUG## z_fine_grid, fraction_fine_grid   0.0000000000000000        1.0000000000000000     
 ##DEBUG## z_fine_grid, fraction_fine_grid   0.0000000000000000        1.0000000000000000     
 ##DEBUG## z_fine_grid, fraction_fine_grid   0.0000000000000000        1.0000000000000000     
 ##DEBUG## z_fine_grid, fraction_fine_grid   0.0000000000000000        1.0000000000000000     
 ##DEBUG## z_fine_grid, fraction_fine_grid   0.0000000000000000        1.0000000000000000     
 ##DEBUG## z_fine_grid, fraction_fine_grid   0.0000000000000000        1.0000000000000000     
 ##DEBUG## z_fine_grid, fraction_fine_grid   0.0000000000000000        1.0000000000000000     
 ##DEBUG## z_fine_grid, fraction_fine_grid   0.0000000000000000        1.0000000000000000     
 ##DEBUG## z_fine_grid, fraction_fine_grid   0.0000000000000000        1.0000000000000000     
 ##DEBUG## z_fine_grid, fraction_fine_grid   0.0000000000000000        1.0000000000000000     
 ##DEBUG## z_fine_grid, fraction_fine_grid   0.0000000000000000        1.0000000000000000     
 ##DEBUG## z_fine_grid, fraction_fine_grid   0.0000000000000000        1.0000000000000000     
 ##DEBUG## z_fine_grid, fraction_fine_grid   0.0000000000000000        1.0000000000000000     
 ## read file #           1
 001
 ## read file #           1
 001
 ## read file #           1
 001
 ## read file #           1
 001
 ## read file #           1
 001
 ## read file #           1
 001
 ## read file #           1
 001
 ## read file #           1
 001
 ## read file #           1
 001
 ## read file #           1
 001
 ## read file #           1
 001
 ## read file #           1
 001
 ## read file #           1
 001
 ## read file #           1
 001
 ## read file #           1
 001
 ## read file #           1
 001
 ## read file #           1
 001
 ## read file #           1
 001
 ## read file #           1
 001
 ## read file #           1
 001
 ## read file #           1
 001
 ## read file #           1
 001
 ## read file #           1
 001
 ## read file #           1
 001
 ## read file #           1
 001
 ## read file #           1
 001
 ## read file #           1
 001
 ## read file #           1
 001
 ## read file #           1
 001
 ## read file #           1
 001
 ## read file #           1
 001
 ## read file #           1
 001
 ## read file #           1
 001
 ## read file #           1
 001
 ## read file #           1
 001
 ## read file #           1
 001
 ## read file #           1
 001
 ## read file #           1
 001
 ## read file #           1
 001
 ## read file #           1
 001
 ## read file #           1
 001
 ## read file #           1
 001
 ## read file #           1
 001
 ## read file #           1
 001
 ## read file #           1
 001
 ## read file #           1
 001
 ## read file #           1
 001
 ## read file #           1
 001
 ## read file #           1
 001
 ## read file #           1
 001
 ## read file #           1
 001
 ## read file #           1
 001
 ## read file #           1
 001
 ## read file #           1
 001
 ## read file #           1
 001
 ## read file #           1
 001
 ## read file #           1
 001
 ## read file #           1
 001
 ## read file #           1
 001
 ## read file #           1
 001
 ## read file #           1
 001
 ## read file #           1
 001
 ## read file #           1
 001
 ## read file #           1
 001
  bx      (max, min) =   0.24864594674687623      -0.24864594674687845     
  by      (max, min) =   0.49496477281067230       -1.0051488737678684     
  bz      (max, min) =   0.99999999999999989       -1.0000000000000000     
  vx      (max, min) =    3.6461637011044372E-002  -3.6461637011044060E-002
  vy      (max, min) =    9.9999997764825821E-003  -9.9999997764825006E-003
  vz      (max, min) =    0.0000000000000000        0.0000000000000000     
  ro      (max, min) =    1.0417997830566530        1.3032852498598630E-006
  ph      (max, min) =    0.0000000000000000        0.0000000000000000     
  time               =    0.0000000000000000     
  bx      (max, min) =   0.24864594674687623      -0.24864594674687845     
  by      (max, min) =   0.49496477281067230       -1.0051488737678684     
  bz      (max, min) =   0.99999999999999989       -1.0000000000000000     
  vx      (max, min) =    3.6461637011044372E-002  -3.6461637011044060E-002
  vy      (max, min) =    9.9999997764825821E-003  -9.9999997764825006E-003
  vz      (max, min) =    0.0000000000000000        0.0000000000000000     
  ro      (max, min) =    1.0417997830566530        1.3032852498598630E-006
  ph      (max, min) =    0.0000000000000000        0.0000000000000000     
  time               =    0.0000000000000000     
  bx      (max, min) =   0.24864594674687623      -0.24864594674687845     
  bx      (max, min) =   0.24864594674687623      -0.24864594674687845     
  bx      (max, min) =   0.24864594674687623      -0.24864594674687845     
  bx      (max, min) =   0.24864594674687623      -0.24864594674687845     
  bx      (max, min) =   0.24864594674687623      -0.24864594674687845     
  bx      (max, min) =   0.24864594674687623      -0.24864594674687845     
  by      (max, min) =   0.49496477281067230       -1.0051488737678684     
  by      (max, min) =   0.49496477281067230       -1.0051488737678684     
  by      (max, min) =   0.49496477281067230       -1.0051488737678684     
  by      (max, min) =   0.49496477281067230       -1.0051488737678684     
  bx      (max, min) =   0.24864594674687623      -0.24864594674687845     
  by      (max, min) =   0.49496477281067230       -1.0051488737678684     
  by      (max, min) =   0.49496477281067230       -1.0051488737678684     
  bz      (max, min) =   0.99999999999999989       -1.0000000000000000     
  bz      (max, min) =   0.99999999999999989       -1.0000000000000000     
  bz      (max, min) =   0.99999999999999989       -1.0000000000000000     
  bz      (max, min) =   0.99999999999999989       -1.0000000000000000     
  by      (max, min) =   0.49496477281067230       -1.0051488737678684     
  bz      (max, min) =   0.99999999999999989       -1.0000000000000000     
  bz      (max, min) =   0.99999999999999989       -1.0000000000000000     
  vx      (max, min) =    3.6461637011044372E-002  -3.6461637011044060E-002
  vx      (max, min) =    3.6461637011044372E-002  -3.6461637011044060E-002
  vx      (max, min) =    3.6461637011044372E-002  -3.6461637011044060E-002
  vx      (max, min) =    3.6461637011044372E-002  -3.6461637011044060E-002
  bz      (max, min) =   0.99999999999999989       -1.0000000000000000     
  vx      (max, min) =    3.6461637011044372E-002  -3.6461637011044060E-002
  vx      (max, min) =    3.6461637011044372E-002  -3.6461637011044060E-002
  vy      (max, min) =    9.9999997764825821E-003  -9.9999997764825006E-003
  vy      (max, min) =    9.9999997764825821E-003  -9.9999997764825006E-003
  vy      (max, min) =    9.9999997764825821E-003  -9.9999997764825006E-003
  vy      (max, min) =    9.9999997764825821E-003  -9.9999997764825006E-003
  vx      (max, min) =    3.6461637011044372E-002  -3.6461637011044060E-002
  vy      (max, min) =    9.9999997764825821E-003  -9.9999997764825006E-003
  vy      (max, min) =    9.9999997764825821E-003  -9.9999997764825006E-003
  vz      (max, min) =    0.0000000000000000        0.0000000000000000     
  vz      (max, min) =    0.0000000000000000        0.0000000000000000     
  vz      (max, min) =    0.0000000000000000        0.0000000000000000     
  vz      (max, min) =    0.0000000000000000        0.0000000000000000     
  vy      (max, min) =    9.9999997764825821E-003  -9.9999997764825006E-003
  vz      (max, min) =    0.0000000000000000        0.0000000000000000     
  vz      (max, min) =    0.0000000000000000        0.0000000000000000     
  ro      (max, min) =    1.0417997830566530        1.3032852498598630E-006
  ro      (max, min) =    1.0417997830566530        1.3032852498598630E-006
  ro      (max, min) =    1.0417997830566530        1.3032852498598630E-006
  ro      (max, min) =    1.0417997830566530        1.3032852498598630E-006
  vz      (max, min) =    0.0000000000000000        0.0000000000000000     
  ro      (max, min) =    1.0417997830566530        1.3032852498598630E-006
  ph      (max, min) =    0.0000000000000000        0.0000000000000000     
  time               =    0.0000000000000000     
  ro      (max, min) =    1.0417997830566530        1.3032852498598630E-006
  ph      (max, min) =    0.0000000000000000        0.0000000000000000     
  time               =    0.0000000000000000     
  ph      (max, min) =    0.0000000000000000        0.0000000000000000     
  time               =    0.0000000000000000     
  ph      (max, min) =    0.0000000000000000        0.0000000000000000     
  time               =    0.0000000000000000     
  ph      (max, min) =    0.0000000000000000        0.0000000000000000     
  time               =    0.0000000000000000     
  ro      (max, min) =    1.0417997830566530        1.3032852498598630E-006
  ph      (max, min) =    0.0000000000000000        0.0000000000000000     
  time               =    0.0000000000000000     
  ph      (max, min) =    0.0000000000000000        0.0000000000000000     
  time               =    0.0000000000000000     
  bx      (max, min) =   0.24864594674687623      -0.24864594674687845     
  by      (max, min) =   0.49496477281067230       -1.0051488737678684     
  bz      (max, min) =   0.99999999999999989       -1.0000000000000000     
  vx      (max, min) =    3.6461637011044372E-002  -3.6461637011044060E-002
  vy      (max, min) =    9.9999997764825821E-003  -9.9999997764825006E-003
  vz      (max, min) =    0.0000000000000000        0.0000000000000000     
  ro      (max, min) =    1.0417997830566530        1.3032852498598630E-006
  ph      (max, min) =    0.0000000000000000        0.0000000000000000     
  time               =    0.0000000000000000     
  bx      (max, min) =   0.24864594674687623      -0.24864594674687845     
  by      (max, min) =   0.49496477281067230       -1.0051488737678684     
  bz      (max, min) =   0.99999999999999989       -1.0000000000000000     
  vx      (max, min) =    3.6461637011044372E-002  -3.6461637011044060E-002
  vy      (max, min) =    9.9999997764825821E-003  -9.9999997764825006E-003
  vz      (max, min) =    0.0000000000000000        0.0000000000000000     
  ro      (max, min) =    1.0417997830566530        1.3032852498598630E-006
  ph      (max, min) =    0.0000000000000000        0.0000000000000000     
  time               =    0.0000000000000000     
  bx      (max, min) =   0.24864594674687623      -0.24864594674687845     
  bx      (max, min) =   0.24864594674687623      -0.24864594674687845     
  bx      (max, min) =   0.24864594674687623      -0.24864594674687845     
  by      (max, min) =   0.49496477281067230       -1.0051488737678684     
  by      (max, min) =   0.49496477281067230       -1.0051488737678684     
  by      (max, min) =   0.49496477281067230       -1.0051488737678684     
  bz      (max, min) =   0.99999999999999989       -1.0000000000000000     
  bz      (max, min) =   0.99999999999999989       -1.0000000000000000     
  bz      (max, min) =   0.99999999999999989       -1.0000000000000000     
  vx      (max, min) =    3.6461637011044372E-002  -3.6461637011044060E-002
  vx      (max, min) =    3.6461637011044372E-002  -3.6461637011044060E-002
  vx      (max, min) =    3.6461637011044372E-002  -3.6461637011044060E-002
  vy      (max, min) =    9.9999997764825821E-003  -9.9999997764825006E-003
  vy      (max, min) =    9.9999997764825821E-003  -9.9999997764825006E-003
  vy      (max, min) =    9.9999997764825821E-003  -9.9999997764825006E-003
  vz      (max, min) =    0.0000000000000000        0.0000000000000000     
  vz      (max, min) =    0.0000000000000000        0.0000000000000000     
  vz      (max, min) =    0.0000000000000000        0.0000000000000000     
  ro      (max, min) =    1.0417997830566530        1.3032852498598630E-006
  ro      (max, min) =    1.0417997830566530        1.3032852498598630E-006
  ro      (max, min) =    1.0417997830566530        1.3032852498598630E-006
  ph      (max, min) =    0.0000000000000000        0.0000000000000000     
  time               =    0.0000000000000000     
  ph      (max, min) =    0.0000000000000000        0.0000000000000000     
  time               =    0.0000000000000000     
  ph      (max, min) =    0.0000000000000000        0.0000000000000000     
  time               =    0.0000000000000000     
  bx      (max, min) =   0.24864594674687623      -0.24864594674687845     
  by      (max, min) =   0.49496477281067230       -1.0051488737678684     
  bz      (max, min) =   0.99999999999999989       -1.0000000000000000     
  vx      (max, min) =    3.6461637011044372E-002  -3.6461637011044060E-002
  vy      (max, min) =    9.9999997764825821E-003  -9.9999997764825006E-003
  vz      (max, min) =    0.0000000000000000        0.0000000000000000     
  ro      (max, min) =    1.0417997830566530        1.3032852498598630E-006
  ph      (max, min) =    0.0000000000000000        0.0000000000000000     
  time               =    0.0000000000000000     
  bx      (max, min) =   0.24864594674687623      -0.24864594674687845     
  bx      (max, min) =   0.24864594674687623      -0.24864594674687845     
  bx      (max, min) =   0.24864594674687623      -0.24864594674687845     
  bx      (max, min) =   0.24864594674687623      -0.24864594674687845     
  by      (max, min) =   0.49496477281067230       -1.0051488737678684     
  by      (max, min) =   0.49496477281067230       -1.0051488737678684     
  by      (max, min) =   0.49496477281067230       -1.0051488737678684     
  by      (max, min) =   0.49496477281067230       -1.0051488737678684     
  bz      (max, min) =   0.99999999999999989       -1.0000000000000000     
  bz      (max, min) =   0.99999999999999989       -1.0000000000000000     
  bz      (max, min) =   0.99999999999999989       -1.0000000000000000     
  bz      (max, min) =   0.99999999999999989       -1.0000000000000000     
  vx      (max, min) =    3.6461637011044372E-002  -3.6461637011044060E-002
  vx      (max, min) =    3.6461637011044372E-002  -3.6461637011044060E-002
  vx      (max, min) =    3.6461637011044372E-002  -3.6461637011044060E-002
  vx      (max, min) =    3.6461637011044372E-002  -3.6461637011044060E-002
  vy      (max, min) =    9.9999997764825821E-003  -9.9999997764825006E-003
  vy      (max, min) =    9.9999997764825821E-003  -9.9999997764825006E-003
  vy      (max, min) =    9.9999997764825821E-003  -9.9999997764825006E-003
  vy      (max, min) =    9.9999997764825821E-003  -9.9999997764825006E-003
  vz      (max, min) =    0.0000000000000000        0.0000000000000000     
  vz      (max, min) =    0.0000000000000000        0.0000000000000000     
  vz      (max, min) =    0.0000000000000000        0.0000000000000000     
  vz      (max, min) =    0.0000000000000000        0.0000000000000000     
  ro      (max, min) =    1.0417997830566530        1.3032852498598630E-006
  ro      (max, min) =    1.0417997830566530        1.3032852498598630E-006
  ro      (max, min) =    1.0417997830566530        1.3032852498598630E-006
  ro      (max, min) =    1.0417997830566530        1.3032852498598630E-006
  ph      (max, min) =    0.0000000000000000        0.0000000000000000     
  time               =    0.0000000000000000     
  ph      (max, min) =    0.0000000000000000        0.0000000000000000     
  time               =    0.0000000000000000     
  ph      (max, min) =    0.0000000000000000        0.0000000000000000     
  time               =    0.0000000000000000     
  ph      (max, min) =    0.0000000000000000        0.0000000000000000     
  time               =    0.0000000000000000     
  bx      (max, min) =   0.24864594674687623      -0.24864594674687845     
  bx      (max, min) =   0.24864594674687623      -0.24864594674687845     
  bx      (max, min) =   0.24864594674687623      -0.24864594674687845     
  by      (max, min) =   0.49496477281067230       -1.0051488737678684     
  by      (max, min) =   0.49496477281067230       -1.0051488737678684     
  by      (max, min) =   0.49496477281067230       -1.0051488737678684     
  bz      (max, min) =   0.99999999999999989       -1.0000000000000000     
  bz      (max, min) =   0.99999999999999989       -1.0000000000000000     
  bz      (max, min) =   0.99999999999999989       -1.0000000000000000     
  vx      (max, min) =    3.6461637011044372E-002  -3.6461637011044060E-002
  vx      (max, min) =    3.6461637011044372E-002  -3.6461637011044060E-002
  vx      (max, min) =    3.6461637011044372E-002  -3.6461637011044060E-002
  vy      (max, min) =    9.9999997764825821E-003  -9.9999997764825006E-003
  vy      (max, min) =    9.9999997764825821E-003  -9.9999997764825006E-003
  vy      (max, min) =    9.9999997764825821E-003  -9.9999997764825006E-003
  vz      (max, min) =    0.0000000000000000        0.0000000000000000     
  vz      (max, min) =    0.0000000000000000        0.0000000000000000     
  vz      (max, min) =    0.0000000000000000        0.0000000000000000     
  ro      (max, min) =    1.0417997830566530        1.3032852498598630E-006
  ro      (max, min) =    1.0417997830566530        1.3032852498598630E-006
  ro      (max, min) =    1.0417997830566530        1.3032852498598630E-006
  ph      (max, min) =    0.0000000000000000        0.0000000000000000     
  time               =    0.0000000000000000     
  ph      (max, min) =    0.0000000000000000        0.0000000000000000     
  time               =    0.0000000000000000     
  ph      (max, min) =    0.0000000000000000        0.0000000000000000     
  time               =    0.0000000000000000     
  bx      (max, min) =   0.24864594674687623      -0.24864594674687845     
  by      (max, min) =   0.49496477281067230       -1.0051488737678684     
  bz      (max, min) =   0.99999999999999989       -1.0000000000000000     
  vx      (max, min) =    3.6461637011044372E-002  -3.6461637011044060E-002
  vy      (max, min) =    9.9999997764825821E-003  -9.9999997764825006E-003
  vz      (max, min) =    0.0000000000000000        0.0000000000000000     
  ro      (max, min) =    1.0417997830566530        1.3032852498598630E-006
  ph      (max, min) =    0.0000000000000000        0.0000000000000000     
  time               =    0.0000000000000000     
  bx      (max, min) =   0.24864594674687623      -0.24864594674687845     
  by      (max, min) =   0.49496477281067230       -1.0051488737678684     
  bz      (max, min) =   0.99999999999999989       -1.0000000000000000     
  vx      (max, min) =    3.6461637011044372E-002  -3.6461637011044060E-002
  vy      (max, min) =    9.9999997764825821E-003  -9.9999997764825006E-003
  vz      (max, min) =    0.0000000000000000        0.0000000000000000     
  ro      (max, min) =    1.0417997830566530        1.3032852498598630E-006
  ph      (max, min) =    0.0000000000000000        0.0000000000000000     
  time               =    0.0000000000000000     
  bx      (max, min) =   0.24864594674687623      -0.24864594674687845     
  by      (max, min) =   0.49496477281067230       -1.0051488737678684     
  bz      (max, min) =   0.99999999999999989       -1.0000000000000000     
  vx      (max, min) =    3.6461637011044372E-002  -3.6461637011044060E-002
  vy      (max, min) =    9.9999997764825821E-003  -9.9999997764825006E-003
  vz      (max, min) =    0.0000000000000000        0.0000000000000000     
  ro      (max, min) =    1.0417997830566530        1.3032852498598630E-006
  ph      (max, min) =    0.0000000000000000        0.0000000000000000     
  time               =    0.0000000000000000     
  bx      (max, min) =   0.24864594674687623      -0.24864594674687845     
  by      (max, min) =   0.49496477281067230       -1.0051488737678684     
  bz      (max, min) =   0.99999999999999989       -1.0000000000000000     
  vx      (max, min) =    3.6461637011044372E-002  -3.6461637011044060E-002
  vy      (max, min) =    9.9999997764825821E-003  -9.9999997764825006E-003
  vz      (max, min) =    0.0000000000000000        0.0000000000000000     
  ro      (max, min) =    1.0417997830566530        1.3032852498598630E-006
  ph      (max, min) =    0.0000000000000000        0.0000000000000000     
  time               =    0.0000000000000000     
  bx      (max, min) =   0.24864594674687623      -0.24864594674687845     
  by      (max, min) =   0.49496477281067230       -1.0051488737678684     
  bz      (max, min) =   0.99999999999999989       -1.0000000000000000     
  vx      (max, min) =    3.6461637011044372E-002  -3.6461637011044060E-002
  vy      (max, min) =    9.9999997764825821E-003  -9.9999997764825006E-003
  vz      (max, min) =    0.0000000000000000        0.0000000000000000     
  ro      (max, min) =    1.0417997830566530        1.3032852498598630E-006
  ph      (max, min) =    0.0000000000000000        0.0000000000000000     
  time               =    0.0000000000000000     
  bx      (max, min) =   0.24864594674687623      -0.24864594674687845     
  by      (max, min) =   0.49496477281067230       -1.0051488737678684     
  bz      (max, min) =   0.99999999999999989       -1.0000000000000000     
  vx      (max, min) =    3.6461637011044372E-002  -3.6461637011044060E-002
  vy      (max, min) =    9.9999997764825821E-003  -9.9999997764825006E-003
  vz      (max, min) =    0.0000000000000000        0.0000000000000000     
  ro      (max, min) =    1.0417997830566530        1.3032852498598630E-006
  ph      (max, min) =    0.0000000000000000        0.0000000000000000     
  time               =    0.0000000000000000     
  bx      (max, min) =   0.24864594674687623      -0.24864594674687845     
  by      (max, min) =   0.49496477281067230       -1.0051488737678684     
  bz      (max, min) =   0.99999999999999989       -1.0000000000000000     
  vx      (max, min) =    3.6461637011044372E-002  -3.6461637011044060E-002
  vy      (max, min) =    9.9999997764825821E-003  -9.9999997764825006E-003
  vz      (max, min) =    0.0000000000000000        0.0000000000000000     
  ro      (max, min) =    1.0417997830566530        1.3032852498598630E-006
  ph      (max, min) =    0.0000000000000000        0.0000000000000000     
  time               =    0.0000000000000000     
 002
 002
 002
  bx      (max, min) =   0.24864594674687623      -0.24864594674687845     
  by      (max, min) =   0.49496477281067230       -1.0051488737678684     
  bz      (max, min) =   0.99999999999999989       -1.0000000000000000     
  vx      (max, min) =    3.6461637011044372E-002  -3.6461637011044060E-002
  vy      (max, min) =    9.9999997764825821E-003  -9.9999997764825006E-003
  vz      (max, min) =    0.0000000000000000        0.0000000000000000     
  ro      (max, min) =    1.0417997830566530        1.3032852498598630E-006
  ph      (max, min) =    0.0000000000000000        0.0000000000000000     
  time               =    0.0000000000000000     
  bx      (max, min) =   0.34761551122721518      -0.92444523794481936     
  by      (max, min) =   0.53775227005654302      -0.43570643982332347     
  bz      (max, min) =   0.99999999999999989       -1.0000000000000000     
  vx      (max, min) =    3.6461602286549835E-002  -3.6461602286549523E-002
  vy      (max, min) =    6.5760261483426521E-002  -6.5760261483426383E-002
  vz      (max, min) =    5.4766056994710488E-002  -4.3298862726402015E-002
  ro      (max, min) =    1.0151998590679454        6.2764802887839584E-005
  ph      (max, min) =    2.1794678188646150E-003  -2.1794678188646380E-003
  time               =    1.6397554350243588     
 003
  bx      (max, min) =   0.24864594674687623      -0.24864594674687845     
  by      (max, min) =   0.49496477281067230       -1.0051488737678684     
  bz      (max, min) =   0.99999999999999989       -1.0000000000000000     
  vx      (max, min) =    3.6461637011044372E-002  -3.6461637011044060E-002
  vy      (max, min) =    9.9999997764825821E-003  -9.9999997764825006E-003
  vz      (max, min) =    0.0000000000000000        0.0000000000000000     
 002
  ro      (max, min) =    1.0417997830566530        1.3032852498598630E-006
  ph      (max, min) =    0.0000000000000000        0.0000000000000000     
  time               =    0.0000000000000000     
  bx      (max, min) =   0.24864594674687623      -0.24864594674687845     
  by      (max, min) =   0.49496477281067230       -1.0051488737678684     
  bz      (max, min) =   0.99999999999999989       -1.0000000000000000     
  vx      (max, min) =    3.6461637011044372E-002  -3.6461637011044060E-002
  vy      (max, min) =    9.9999997764825821E-003  -9.9999997764825006E-003
  vz      (max, min) =    0.0000000000000000        0.0000000000000000     
  ro      (max, min) =    1.0417997830566530        1.3032852498598630E-006
  ph      (max, min) =    0.0000000000000000        0.0000000000000000     
  time               =    0.0000000000000000     
  bx      (max, min) =   0.34761551122721518      -0.92444523794481936     
  by      (max, min) =   0.53775227005654302      -0.43570643982332347     
  bz      (max, min) =   0.99999999999999989       -1.0000000000000000     
  vx      (max, min) =    3.6461602286549835E-002  -3.6461602286549523E-002
  vy      (max, min) =    6.5760261483426521E-002  -6.5760261483426383E-002
  vz      (max, min) =    5.4766056994710488E-002  -4.3298862726402015E-002
  ro      (max, min) =    1.0151998590679454        6.2764802887839584E-005
  ph      (max, min) =    2.1794678188646150E-003  -2.1794678188646380E-003
  time               =    1.6397554350243588     
  bx      (max, min) =   0.24864594674687623      -0.24864594674687845     
  bx      (max, min) =   0.24864594674687623      -0.24864594674687845     
  by      (max, min) =   0.49496477281067230       -1.0051488737678684     
  by      (max, min) =   0.49496477281067230       -1.0051488737678684     
  bz      (max, min) =   0.99999999999999989       -1.0000000000000000     
  bz      (max, min) =   0.99999999999999989       -1.0000000000000000     
  vx      (max, min) =    3.6461637011044372E-002  -3.6461637011044060E-002
  vx      (max, min) =    3.6461637011044372E-002  -3.6461637011044060E-002
  vy      (max, min) =    9.9999997764825821E-003  -9.9999997764825006E-003
  vy      (max, min) =    9.9999997764825821E-003  -9.9999997764825006E-003
  vz      (max, min) =    0.0000000000000000        0.0000000000000000     
  vz      (max, min) =    0.0000000000000000        0.0000000000000000     
  ro      (max, min) =    1.0417997830566530        1.3032852498598630E-006
  ro      (max, min) =    1.0417997830566530        1.3032852498598630E-006
  ph      (max, min) =    0.0000000000000000        0.0000000000000000     
  time               =    0.0000000000000000     
  ph      (max, min) =    0.0000000000000000        0.0000000000000000     
  time               =    0.0000000000000000     
  bx      (max, min) =   0.41709636657458893      -0.74691439583965491     
  by      (max, min) =   0.56936442008629162      -0.36376443753288251     
  bz      (max, min) =   0.99999999999999989       -1.0000000000000000     
  vx      (max, min) =    5.8286851568966909E-002  -5.8286851568966888E-002
  vy      (max, min) =    6.2941935318353875E-002  -6.2941935318353931E-002
  vz      (max, min) =    7.4321082668030572E-002  -4.5606090971485685E-002
  ro      (max, min) =    1.0134970100858094        2.0786770993405442E-006
  ph      (max, min) =    1.3739267584707072E-003  -1.3739267584707167E-003
  time               =    3.3060240211647924     
 004
 002
 002
  bx      (max, min) =   0.24864594674687623      -0.24864594674687845     
  by      (max, min) =   0.49496477281067230       -1.0051488737678684     
  bz      (max, min) =   0.99999999999999989       -1.0000000000000000     
  vx      (max, min) =    3.6461637011044372E-002  -3.6461637011044060E-002
  vy      (max, min) =    9.9999997764825821E-003  -9.9999997764825006E-003
  vz      (max, min) =    0.0000000000000000        0.0000000000000000     
  ro      (max, min) =    1.0417997830566530        1.3032852498598630E-006
  ph      (max, min) =    0.0000000000000000        0.0000000000000000     
  time               =    0.0000000000000000     
  bx      (max, min) =   0.24864594674687623      -0.24864594674687845     
  by      (max, min) =   0.49496477281067230       -1.0051488737678684     
  bz      (max, min) =   0.99999999999999989       -1.0000000000000000     
  vx      (max, min) =    3.6461637011044372E-002  -3.6461637011044060E-002
  vy      (max, min) =    9.9999997764825821E-003  -9.9999997764825006E-003
  vz      (max, min) =    0.0000000000000000        0.0000000000000000     
  ro      (max, min) =    1.0417997830566530        1.3032852498598630E-006
  ph      (max, min) =    0.0000000000000000        0.0000000000000000     
  time               =    0.0000000000000000     
 002
 002
  bx      (max, min) =   0.24864594674687623      -0.24864594674687845     
  bx      (max, min) =   0.24864594674687623      -0.24864594674687845     
  by      (max, min) =   0.49496477281067230       -1.0051488737678684     
  by      (max, min) =   0.49496477281067230       -1.0051488737678684     
  bz      (max, min) =   0.99999999999999989       -1.0000000000000000     
  bz      (max, min) =   0.99999999999999989       -1.0000000000000000     
  vx      (max, min) =    3.6461637011044372E-002  -3.6461637011044060E-002
  vx      (max, min) =    3.6461637011044372E-002  -3.6461637011044060E-002
  vy      (max, min) =    9.9999997764825821E-003  -9.9999997764825006E-003
  vy      (max, min) =    9.9999997764825821E-003  -9.9999997764825006E-003
  vz      (max, min) =    0.0000000000000000        0.0000000000000000     
  vz      (max, min) =    0.0000000000000000        0.0000000000000000     
  ro      (max, min) =    1.0417997830566530        1.3032852498598630E-006
  ro      (max, min) =    1.0417997830566530        1.3032852498598630E-006
  ph      (max, min) =    0.0000000000000000        0.0000000000000000     
  time               =    0.0000000000000000     
  ph      (max, min) =    0.0000000000000000        0.0000000000000000     
  time               =    0.0000000000000000     
  bx      (max, min) =   0.40102670189678824      -0.52923447262521506     
  by      (max, min) =   0.56646429493167338      -0.65276910387397213     
  bz      (max, min) =   0.99999999999999989       -1.0000000000000000     
  vx      (max, min) =    4.3519941331868643E-002  -4.3519941331868518E-002
  vy      (max, min) =    3.2926288678418167E-002  -3.2926288678418181E-002
  vz      (max, min) =    5.6983301591124740E-002  -3.4356056309568318E-002
  ro      (max, min) =    1.0044826494847023        3.0444457020091050E-007
  ph      (max, min) =    1.2245969411283831E-004  -1.2245969411284411E-004
  time               =    4.9726906878317196     
  bx      (max, min) =   0.34761551122721518      -0.92444523794481936     
  by      (max, min) =   0.53775227005654302      -0.43570643982332347     
  bz      (max, min) =   0.99999999999999989       -1.0000000000000000     
  vx      (max, min) =    3.6461602286549835E-002  -3.6461602286549523E-002
  vy      (max, min) =    6.5760261483426521E-002  -6.5760261483426383E-002
  vz      (max, min) =    5.4766056994710488E-002  -4.3298862726402015E-002
  ro      (max, min) =    1.0151998590679454        6.2764802887839584E-005
  ph      (max, min) =    2.1794678188646150E-003  -2.1794678188646380E-003
  time               =    1.6397554350243588     
  bx      (max, min) =   0.34761551122721518      -0.92444523794481936     
  by      (max, min) =   0.53775227005654302      -0.43570643982332347     
  bz      (max, min) =   0.99999999999999989       -1.0000000000000000     
  vx      (max, min) =    3.6461602286549835E-002  -3.6461602286549523E-002
  vy      (max, min) =    6.5760261483426521E-002  -6.5760261483426383E-002
  vz      (max, min) =    5.4766056994710488E-002  -4.3298862726402015E-002
  ro      (max, min) =    1.0151998590679454        6.2764802887839584E-005
  ph      (max, min) =    2.1794678188646150E-003  -2.1794678188646380E-003
  time               =    1.6397554350243588     
  bx      (max, min) =   0.24864594674687623      -0.24864594674687845     
  by      (max, min) =   0.49496477281067230       -1.0051488737678684     
  bz      (max, min) =   0.99999999999999989       -1.0000000000000000     
  vx      (max, min) =    3.6461637011044372E-002  -3.6461637011044060E-002
  vy      (max, min) =    9.9999997764825821E-003  -9.9999997764825006E-003
 005
  vz      (max, min) =    0.0000000000000000        0.0000000000000000     
  ro      (max, min) =    1.0417997830566530        1.3032852498598630E-006
  ph      (max, min) =    0.0000000000000000        0.0000000000000000     
  time               =    0.0000000000000000     
 003
 002
 002
 002
  bx      (max, min) =   0.37837133699689296      -0.44594075194956978     
  by      (max, min) =   0.56157251769761218      -0.77665916937267776     
  bz      (max, min) =   0.99999999999999989       -1.0000000000000000     
  vx      (max, min) =    6.2684529608013351E-002  -6.2684529608013365E-002
  vy      (max, min) =    3.9275350432320645E-002  -3.9275350432320479E-002
  vz      (max, min) =    3.8281405670158968E-002  -3.1796566947312949E-002
  ro      (max, min) =    1.0018751231858574        1.2962311594255811E-006
  ph      (max, min) =    8.1943373758555557E-005  -8.1943373758558172E-005
  time               =    6.6393573544986468     
 002
  bx      (max, min) =   0.41709636657458893      -0.74691439583965491     
  by      (max, min) =   0.56936442008629162      -0.36376443753288251     
  bz      (max, min) =   0.99999999999999989       -1.0000000000000000     
  vx      (max, min) =    5.8286851568966909E-002  -5.8286851568966888E-002
  vy      (max, min) =    6.2941935318353875E-002  -6.2941935318353931E-002
  vz      (max, min) =    7.4321082668030572E-002  -4.5606090971485685E-002
  ro      (max, min) =    1.0134970100858094        2.0786770993405442E-006
  ph      (max, min) =    1.3739267584707072E-003  -1.3739267584707167E-003
  time               =    3.3060240211647924     
  bx      (max, min) =   0.24864594674687623      -0.24864594674687845     
  by      (max, min) =   0.49496477281067230       -1.0051488737678684     
  bz      (max, min) =   0.99999999999999989       -1.0000000000000000     
  vx      (max, min) =    3.6461637011044372E-002  -3.6461637011044060E-002
  vy      (max, min) =    9.9999997764825821E-003  -9.9999997764825006E-003
  vz      (max, min) =    0.0000000000000000        0.0000000000000000     
  ro      (max, min) =    1.0417997830566530        1.3032852498598630E-006
  ph      (max, min) =    0.0000000000000000        0.0000000000000000     
  time               =    0.0000000000000000     
  bx      (max, min) =   0.24864594674687623      -0.24864594674687845     
  by      (max, min) =   0.49496477281067230       -1.0051488737678684     
  bz      (max, min) =   0.99999999999999989       -1.0000000000000000     
  vx      (max, min) =    3.6461637011044372E-002  -3.6461637011044060E-002
  vy      (max, min) =    9.9999997764825821E-003  -9.9999997764825006E-003
  vz      (max, min) =    0.0000000000000000        0.0000000000000000     
  ro      (max, min) =    1.0417997830566530        1.3032852498598630E-006
  ph      (max, min) =    0.0000000000000000        0.0000000000000000     
  time               =    0.0000000000000000     
  bx      (max, min) =   0.34761551122721518      -0.92444523794481936     
  bx      (max, min) =   0.34761551122721518      -0.92444523794481936     
  by      (max, min) =   0.53775227005654302      -0.43570643982332347     
  by      (max, min) =   0.53775227005654302      -0.43570643982332347     
  bz      (max, min) =   0.99999999999999989       -1.0000000000000000     
  bz      (max, min) =   0.99999999999999989       -1.0000000000000000     
  vx      (max, min) =    3.6461602286549835E-002  -3.6461602286549523E-002
  vx      (max, min) =    3.6461602286549835E-002  -3.6461602286549523E-002
  vy      (max, min) =    6.5760261483426521E-002  -6.5760261483426383E-002
  vy      (max, min) =    6.5760261483426521E-002  -6.5760261483426383E-002
  vz      (max, min) =    5.4766056994710488E-002  -4.3298862726402015E-002
  vz      (max, min) =    5.4766056994710488E-002  -4.3298862726402015E-002
  ro      (max, min) =    1.0151998590679454        6.2764802887839584E-005
  ro      (max, min) =    1.0151998590679454        6.2764802887839584E-005
  ph      (max, min) =    2.1794678188646150E-003  -2.1794678188646380E-003
  time               =    1.6397554350243588     
  ph      (max, min) =    2.1794678188646150E-003  -2.1794678188646380E-003
  time               =    1.6397554350243588     
 006
 004
  bx      (max, min) =   0.35378166750834350      -0.39811248479505601     
  by      (max, min) =   0.55516163148283426      -0.85447932027569184     
  bz      (max, min) =   0.99999999999999989       -1.0000000000000000     
  vx      (max, min) =    6.6001198995777582E-002  -6.6001198995777527E-002
  vy      (max, min) =    4.5129725830260266E-002  -4.5129725830260072E-002
  vz      (max, min) =    5.1466673008661000E-002  -3.4793064854095723E-002
  ro      (max, min) =    1.0023764834991580        5.6307831959366106E-006
  ph      (max, min) =    6.1456147764479542E-005  -6.1456147764503300E-005
  time               =    8.3060240211652481     
  bx      (max, min) =   0.40102670189678824      -0.52923447262521506     
  by      (max, min) =   0.56646429493167338      -0.65276910387397213     
  bz      (max, min) =   0.99999999999999989       -1.0000000000000000     
  vx      (max, min) =    4.3519941331868643E-002  -4.3519941331868518E-002
  vy      (max, min) =    3.2926288678418167E-002  -3.2926288678418181E-002
  vz      (max, min) =    5.6983301591124740E-002  -3.4356056309568318E-002
  ro      (max, min) =    1.0044826494847023        3.0444457020091050E-007
  ph      (max, min) =    1.2245969411283831E-004  -1.2245969411284411E-004
  time               =    4.9726906878317196     
 003
 007
 002
 002
 002
  bx      (max, min) =   0.41709636657458893      -0.74691439583965491     
  by      (max, min) =   0.56936442008629162      -0.36376443753288251     
  bz      (max, min) =   0.99999999999999989       -1.0000000000000000     
  vx      (max, min) =    5.8286851568966909E-002  -5.8286851568966888E-002
  vy      (max, min) =    6.2941935318353875E-002  -6.2941935318353931E-002
  vz      (max, min) =    7.4321082668030572E-002  -4.5606090971485685E-002
  ro      (max, min) =    1.0134970100858094        2.0786770993405442E-006
  ph      (max, min) =    1.3739267584707072E-003  -1.3739267584707167E-003
  time               =    3.3060240211647924     
 003
  bx      (max, min) =   0.32833901931195736      -0.36833231471984845     
  by      (max, min) =   0.54613677351698264      -0.91248825284534107     
  bz      (max, min) =   0.99999999999999989       -1.0000000000000000     
  vx      (max, min) =    6.3042741379414721E-002  -6.3042741379414818E-002
  vy      (max, min) =    4.5664857954831529E-002  -4.5664857954831141E-002
  vz      (max, min) =    6.1690994215394028E-002  -3.3809291404624929E-002
  ro      (max, min) =    1.0161063846688783        4.4673676731277580E-005
  ph      (max, min) =    3.8737333494957946E-005  -3.8737333494963367E-005
  time               =    9.9726906878303989     
  bx      (max, min) =   0.34761551122721518      -0.92444523794481936     
  by      (max, min) =   0.53775227005654302      -0.43570643982332347     
  bz      (max, min) =   0.99999999999999989       -1.0000000000000000     
  vx      (max, min) =    3.6461602286549835E-002  -3.6461602286549523E-002
  vy      (max, min) =    6.5760261483426521E-002  -6.5760261483426383E-002
  vz      (max, min) =    5.4766056994710488E-002  -4.3298862726402015E-002
  ro      (max, min) =    1.0151998590679454        6.2764802887839584E-005
  ph      (max, min) =    2.1794678188646150E-003  -2.1794678188646380E-003
  time               =    1.6397554350243588     
  bx      (max, min) =   0.34761551122721518      -0.92444523794481936     
  bx      (max, min) =   0.34761551122721518      -0.92444523794481936     
  by      (max, min) =   0.53775227005654302      -0.43570643982332347     
  bz      (max, min) =   0.99999999999999989       -1.0000000000000000     
  by      (max, min) =   0.53775227005654302      -0.43570643982332347     
  vx      (max, min) =    3.6461602286549835E-002  -3.6461602286549523E-002
  bz      (max, min) =   0.99999999999999989       -1.0000000000000000     
  vy      (max, min) =    6.5760261483426521E-002  -6.5760261483426383E-002
  vx      (max, min) =    3.6461602286549835E-002  -3.6461602286549523E-002
  vz      (max, min) =    5.4766056994710488E-002  -4.3298862726402015E-002
  vy      (max, min) =    6.5760261483426521E-002  -6.5760261483426383E-002
  ro      (max, min) =    1.0151998590679454        6.2764802887839584E-005
  vz      (max, min) =    5.4766056994710488E-002  -4.3298862726402015E-002
  ph      (max, min) =    2.1794678188646150E-003  -2.1794678188646380E-003
  time               =    1.6397554350243588     
  ro      (max, min) =    1.0151998590679454        6.2764802887839584E-005
  ph      (max, min) =    2.1794678188646150E-003  -2.1794678188646380E-003
  time               =    1.6397554350243588     
 004
  bx      (max, min) =   0.41709636657458893      -0.74691439583965491     
  by      (max, min) =   0.56936442008629162      -0.36376443753288251     
  bz      (max, min) =   0.99999999999999989       -1.0000000000000000     
  vx      (max, min) =    5.8286851568966909E-002  -5.8286851568966888E-002
  vy      (max, min) =    6.2941935318353875E-002  -6.2941935318353931E-002
  vz      (max, min) =    7.4321082668030572E-002  -4.5606090971485685E-002
 008
  ro      (max, min) =    1.0134970100858094        2.0786770993405442E-006
  ph      (max, min) =    1.3739267584707072E-003  -1.3739267584707167E-003
  time               =    3.3060240211647924     
 002
