mpif90 -mcmodel=large  -o MergeCode main.o subroutines.o ana.o common.o constants.o
 ##DEBUG## z_fine_grid, fraction_fine_grid   0.0000000000000000        1.0000000000000000     
 ## read file #           1
 001
  bx      (max, min) =   0.24864594674687623      -0.24864594674687845     
  by      (max, min) =   0.49496477281067230       -1.0051488737678684     
  bz      (max, min) =   0.99999999999999989       -1.0000000000000000     
  vx      (max, min) =    3.6461637011044358E-002  -3.6461637011044046E-002
  vy      (max, min) =    9.9999997764825821E-003  -9.9999997764824867E-003
  vz      (max, min) =    0.0000000000000000        0.0000000000000000     
  ro      (max, min) =    1.0417997830566530        1.3032852498598630E-006
  ph      (max, min) =    0.0000000000000000        0.0000000000000000     
  time               =    0.0000000000000000     
 002
  bx      (max, min) =   0.36370308596103207      -0.68854340171142747     
  by      (max, min) =   0.55360999676986478      -0.61764520098375575     
  bz      (max, min) =   0.99999999999999989       -1.0000000000000000     
  vx      (max, min) =    3.7199751497742024E-002  -3.7199751497741643E-002
  vy      (max, min) =    3.3399431786086488E-002  -3.3399431786086495E-002
  vz      (max, min) =    3.9848165075080301E-002  -3.9204237809275774E-002
  ro      (max, min) =    1.0037982808406336        2.0952820607708650E-006
  ph      (max, min) =    2.9504384940122702E-004  -2.9504384940127689E-004
  time               =    3.3060532450782429     
